Log file open, 01/04/20 16:53:17
LogWindows: Failed to load 'aqProf.dll' (GetLastError=126)
LogWindows: File 'aqProf.dll' does not exist
LogWindows: Failed to load 'VtuneApi.dll' (GetLastError=126)
LogWindows: File 'VtuneApi.dll' does not exist
LogWindows: Failed to load 'VtuneApi32e.dll' (GetLastError=126)
LogWindows: File 'VtuneApi32e.dll' does not exist
LogConsoleResponse: Display: Failed to find resolution value strings in scalability ini. Falling back to default.
LogInit: Display: Running engine for game: ProjEng
LogPakFile: Registered encryption key '00000000000000000000000000000000': 0 pak files mounted, 0 remain pending
LogPlatformFile: Not using cached read wrapper
LogTaskGraph: Started task graph with 5 named threads and 35 total threads with 3 sets of task threads.
LogStats: Stats thread started at 2.937854
LogD3D11RHI: Loaded GFSDK_Aftermath_Lib.x64.dll
LogICUInternationalization: ICU TimeZone Detection - Raw Offset: +3:00, Platform Override: ''
LogPluginManager: Mounting plugin Paper2D
LogPluginManager: Mounting plugin AISupport
LogPluginManager: Mounting plugin LightPropagationVolume
LogPluginManager: Mounting plugin ActorLayerUtilities
LogPluginManager: Mounting plugin AnimationSharing
LogPluginManager: Mounting plugin CLionSourceCodeAccess
LogPluginManager: Mounting plugin CodeLiteSourceCodeAccess
LogPluginManager: Mounting plugin GitSourceControl
LogPluginManager: Mounting plugin KDevelopSourceCodeAccess
LogPluginManager: Mounting plugin NullSourceCodeAccess
LogPluginManager: Mounting plugin PerforceSourceControl
LogPluginManager: Mounting plugin SubversionSourceControl
LogPluginManager: Mounting plugin UObjectPlugin
LogPluginManager: Mounting plugin VisualStudioCodeSourceCodeAccess
LogPluginManager: Mounting plugin VisualStudioSourceCodeAccess
LogPluginManager: Mounting plugin XCodeSourceCodeAccess
LogPluginManager: Mounting plugin AssetManagerEditor
LogPluginManager: Mounting plugin CryptoKeys
LogPluginManager: Mounting plugin DataValidation
LogPluginManager: Mounting plugin FacialAnimation
LogPluginManager: Mounting plugin GameplayTagsEditor
LogPluginManager: Mounting plugin MacGraphicsSwitching
LogPluginManager: Mounting plugin MaterialAnalyzer
LogPluginManager: Mounting plugin MobileLauncherProfileWizard
LogPluginManager: Mounting plugin PluginBrowser
LogPluginManager: Mounting plugin SpeedTreeImporter
LogPluginManager: Mounting plugin DatasmithContent
LogPluginManager: Mounting plugin VariantManagerContent
LogPluginManager: Mounting plugin AlembicImporter
LogPluginManager: Mounting plugin AppleImageUtils
LogPluginManager: Mounting plugin AppleVision
LogPluginManager: Mounting plugin BackChannel
LogPluginManager: Mounting plugin CharacterAI
LogPluginManager: Mounting plugin GeometryCache
LogPluginManager: Mounting plugin HTML5Networking
LogPluginManager: Mounting plugin ProxyLODPlugin
LogPluginManager: Mounting plugin SkeletalReduction
LogPluginManager: Mounting plugin MagicLeap
LogPluginManager: Mounting plugin MagicLeapMedia
LogPluginManager: Mounting plugin AndroidMedia
LogPluginManager: Mounting plugin AvfMedia
LogPluginManager: Mounting plugin ImgMedia
LogPluginManager: Mounting plugin LinearTimecode
LogPluginManager: Mounting plugin MediaCompositing
LogPluginManager: Mounting plugin MediaPlayerEditor
LogPluginManager: Mounting plugin WebMMedia
LogPluginManager: Mounting plugin WmfMedia
LogPluginManager: Mounting plugin TcpMessaging
LogPluginManager: Mounting plugin UdpMessaging
LogPluginManager: Mounting plugin ActorSequence
LogPluginManager: Mounting plugin LevelSequenceEditor
LogPluginManager: Mounting plugin MatineeToLevelSequence
LogPluginManager: Mounting plugin NetcodeUnitTest
LogPluginManager: Mounting plugin NUTUnrealEngine4
LogPluginManager: Mounting plugin OnlineSubsystemGooglePlay
LogPluginManager: Mounting plugin OnlineSubsystemIOS
LogPluginManager: Mounting plugin OnlineSubsystem
LogPluginManager: Mounting plugin OnlineSubsystemNull
LogPluginManager: Mounting plugin OnlineSubsystemUtils
LogPluginManager: Mounting plugin LauncherChunkInstaller
LogPluginManager: Mounting plugin AndroidDeviceProfileSelector
LogPluginManager: Mounting plugin AndroidMoviePlayer
LogPluginManager: Mounting plugin AndroidPermission
LogPluginManager: Mounting plugin ApexDestruction
LogPluginManager: Mounting plugin AppleMoviePlayer
LogPluginManager: Mounting plugin ArchVisCharacter
LogPluginManager: Mounting plugin AudioCapture
LogPluginManager: Mounting plugin CableComponent
LogPluginManager: Mounting plugin CustomMeshComponent
LogPluginManager: Mounting plugin EditableMesh
LogPluginManager: Mounting plugin ExampleDeviceProfileSelector
LogPluginManager: Mounting plugin Firebase
LogPluginManager: Mounting plugin GoogleCloudMessaging
LogPluginManager: Mounting plugin IOSDeviceProfileSelector
LogPluginManager: Mounting plugin LinuxDeviceProfileSelector
LogPluginManager: Mounting plugin LocationServicesBPLibrary
LogPluginManager: Mounting plugin MobilePatchingUtils
LogPluginManager: Mounting plugin OculusVR
LogPluginManager: Mounting plugin PhysXVehicles
LogPluginManager: Mounting plugin ProceduralMeshComponent
LogPluginManager: Mounting plugin RuntimePhysXCooking
LogPluginManager: Mounting plugin SignificanceManager
LogPluginManager: Mounting plugin SteamVR
LogPluginManager: Mounting plugin WebMMoviePlayer
LogPluginManager: Mounting plugin WindowsMoviePlayer
LogInit: Using libcurl 7.55.1-DEV
LogInit:  - built for x86_64-pc-win32
LogInit:  - supports SSL with OpenSSL/1.1.1
LogInit:  - supports HTTP deflate (compression) using libz 1.2.8
LogInit:  - other features:
LogInit:      CURL_VERSION_SSL
LogInit:      CURL_VERSION_LIBZ
LogInit:      CURL_VERSION_IPV6
LogInit:      CURL_VERSION_ASYNCHDNS
LogInit:      CURL_VERSION_LARGEFILE
LogInit:      CURL_VERSION_IDN
LogInit:  CurlRequestOptions (configurable via config and command line):
LogInit:  - bVerifyPeer = true  - Libcurl will verify peer certificate
LogInit:  - bUseHttpProxy = false  - Libcurl will NOT use HTTP proxy
LogInit:  - bDontReuseConnections = false  - Libcurl will reuse connections
LogInit:  - MaxHostConnections = 16  - Libcurl will limit the number of connections to a host
LogInit:  - LocalHostAddr = Default
LogInit:  - BufferSize = 65536
LogInit: WinSock: version 1.1 (2.2), MaxSocks=32767, MaxUdp=65467
LogInit: Build: ++UE4+Release-4.22-CL-7053642
LogInit: Engine Version: 4.22.3-7053642+++UE4+Release-4.22
LogInit: Compatible Engine Version: 4.22.0-5660361+++UE4+Release-4.22
LogInit: Net CL: 5660361
LogInit: OS: Windows 10 (Release 1809) (), CPU: Intel(R) Core(TM) i7-8750H CPU @ 2.20GHz, GPU: Intel(R) UHD Graphics 630
LogInit: Compiled (64-bit): Jun 18 2019 03:09:11
LogInit: Compiled with Visual C++: 19.16.27025.01
LogInit: Build Configuration: Development
LogInit: Branch Name: ++UE4+Release-4.22
LogInit: Command Line: 
LogInit: Base Directory: D:/Epic Games/UE_4.22/Engine/Binaries/Win64/
LogInit: Installed Engine Build: 1
LogDevObjectVersion: Number of dev versions registered: 23
LogDevObjectVersion:   Dev-Blueprints (B0D832E4-1F89-4F0D-ACCF-7EB736FD4AA2): 10
LogDevObjectVersion:   Dev-Build (E1C64328-A22C-4D53-A36C-8E866417BD8C): 0
LogDevObjectVersion:   Dev-Core (375EC13C-06E4-48FB-B500-84F0262A717E): 3
LogDevObjectVersion:   Dev-Editor (E4B068ED-F494-42E9-A231-DA0B2E46BB41): 30
LogDevObjectVersion:   Dev-Framework (CFFC743F-43B0-4480-9391-14DF171D2073): 35
LogDevObjectVersion:   Dev-Mobile (B02B49B5-BB20-44E9-A304-32B752E40360): 2
LogDevObjectVersion:   Dev-Networking (A4E4105C-59A1-49B5-A7C5-40C4547EDFEE): 0
LogDevObjectVersion:   Dev-Online (39C831C9-5AE6-47DC-9A44-9C173E1C8E7C): 0
LogDevObjectVersion:   Dev-Physics (78F01B33-EBEA-4F98-B9B4-84EACCB95AA2): 0
LogDevObjectVersion:   Dev-Platform (6631380F-2D4D-43E0-8009-CF276956A95A): 0
LogDevObjectVersion:   Dev-Rendering (12F88B9F-8875-4AFC-A67C-D90C383ABD29): 28
LogDevObjectVersion:   Dev-Sequencer (7B5AE74C-D270-4C10-A958-57980B212A5A): 11
LogDevObjectVersion:   Dev-VR (D7296918-1DD6-4BDD-9DE2-64A83CC13884): 2
LogDevObjectVersion:   Dev-LoadTimes (C2A15278-BFE7-4AFE-6C17-90FF531DF755): 1
LogDevObjectVersion:   Private-Geometry (6EACA3D4-40EC-4CC1-B786-8BED09428FC5): 3
LogDevObjectVersion:   Dev-AnimPhys (29E575DD-E0A3-4627-9D10-D276232CDCEA): 17
LogDevObjectVersion:   Dev-Anim (AF43A65D-7FD3-4947-9873-3E8ED9C1BB05): 2
LogDevObjectVersion:   Dev-ReflectionCapture (6B266CEC-1EC7-4B8F-A30B-E4D90942FC07): 1
LogDevObjectVersion:   Dev-Automation (0DF73D61-A23F-47EA-B727-89E90C41499A): 1
LogDevObjectVersion:   FortniteMain (601D1886-AC64-4F84-AA16-D3DE0DEAC7D6): 25
LogDevObjectVersion:   Dev-Enterprise (9DFFBCD6-494F-0158-E221-12823C92A888): 6
LogDevObjectVersion:   Dev-Niagara (F2AED0AC-9AFE-416F-8664-AA7FFA26D6FC): 1
LogDevObjectVersion:   Dev-Destruction (174F1F0B-B4C6-45A5-B13F-2EE8D0FB917D): 2
LogInit: Presizing for max 16777216 objects, including 0 objects not considered by GC, pre-allocating 0 bytes for permanent pool.
LogInit: Object subsystem initialized
LogConfig: Setting CVar [[con.DebugEarlyDefault:1]]
LogConfig: Setting CVar [[r.setres:1280x720]]
[2020.01.04-13.53.21:362][  0]LogConfig: Setting CVar [[r.VSync:0]]
[2020.01.04-13.53.21:362][  0]LogConfig: Setting CVar [[r.RHICmdBypass:0]]
[2020.01.04-13.53.21:362][  0]LogConfig: Applying CVar settings from Section [/Script/Engine.RendererSettings] File [D:/ProjEng/ProjEng/ProjEng/Saved/Config/Windows/Engine.ini]
[2020.01.04-13.53.21:362][  0]LogConfig: Setting CVar [[r.GPUCrashDebugging:0]]
[2020.01.04-13.53.21:362][  0]LogConfig: Applying CVar settings from Section [/Script/Engine.RendererOverrideSettings] File [D:/ProjEng/ProjEng/ProjEng/Saved/Config/Windows/Engine.ini]
[2020.01.04-13.53.21:362][  0]LogConfig: Applying CVar settings from Section [/Script/Engine.StreamingSettings] File [D:/ProjEng/ProjEng/ProjEng/Saved/Config/Windows/Engine.ini]
[2020.01.04-13.53.21:362][  0]LogConfig: Setting CVar [[s.MinBulkDataSizeForAsyncLoading:131072]]
[2020.01.04-13.53.21:363][  0]LogConfig: Setting CVar [[s.AsyncLoadingThreadEnabled:0]]
[2020.01.04-13.53.21:363][  0]LogConfig: Setting CVar [[s.EventDrivenLoaderEnabled:1]]
[2020.01.04-13.53.21:363][  0]LogConfig: Setting CVar [[s.WarnIfTimeLimitExceeded:0]]
[2020.01.04-13.53.21:363][  0]LogConfig: Setting CVar [[s.TimeLimitExceededMultiplier:1.5]]
[2020.01.04-13.53.21:363][  0]LogConfig: Setting CVar [[s.TimeLimitExceededMinTime:0.005]]
[2020.01.04-13.53.21:363][  0]LogConfig: Setting CVar [[s.UseBackgroundLevelStreaming:1]]
[2020.01.04-13.53.21:363][  0]LogConfig: Setting CVar [[s.PriorityAsyncLoadingExtraTime:15.0]]
[2020.01.04-13.53.21:363][  0]LogConfig: Setting CVar [[s.LevelStreamingActorsUpdateTimeLimit:5.0]]
[2020.01.04-13.53.21:363][  0]LogConfig: Setting CVar [[s.PriorityLevelStreamingActorsUpdateExtraTime:5.0]]
[2020.01.04-13.53.21:363][  0]LogConfig: Setting CVar [[s.LevelStreamingComponentsRegistrationGranularity:10]]
[2020.01.04-13.53.21:363][  0]LogConfig: Setting CVar [[s.UnregisterComponentsTimeLimit:1.0]]
[2020.01.04-13.53.21:363][  0]LogConfig: Setting CVar [[s.LevelStreamingComponentsUnregistrationGranularity:5]]
[2020.01.04-13.53.21:363][  0]LogConfig: Applying CVar settings from Section [/Script/Engine.GarbageCollectionSettings] File [D:/ProjEng/ProjEng/ProjEng/Saved/Config/Windows/Engine.ini]
[2020.01.04-13.53.21:363][  0]LogConfig: Setting CVar [[gc.MaxObjectsNotConsideredByGC:1]]
[2020.01.04-13.53.21:363][  0]LogConfig: Setting CVar [[gc.SizeOfPermanentObjectPool:0]]
[2020.01.04-13.53.21:363][  0]LogConfig: Setting CVar [[gc.FlushStreamingOnGC:0]]
[2020.01.04-13.53.21:363][  0]LogConfig: Setting CVar [[gc.NumRetriesBeforeForcingGC:10]]
[2020.01.04-13.53.21:363][  0]LogConfig: Setting CVar [[gc.AllowParallelGC:1]]
[2020.01.04-13.53.21:363][  0]LogConfig: Setting CVar [[gc.TimeBetweenPurgingPendingKillObjects:61.1]]
[2020.01.04-13.53.21:363][  0]LogConfig: Setting CVar [[gc.MaxObjectsInEditor:16777216]]
[2020.01.04-13.53.21:363][  0]LogConfig: Setting CVar [[gc.IncrementalBeginDestroyEnabled:1]]
[2020.01.04-13.53.21:363][  0]LogConfig: Setting CVar [[gc.CreateGCClusters:1]]
[2020.01.04-13.53.21:363][  0]LogConfig: Setting CVar [[gc.MinGCClusterSize:5]]
[2020.01.04-13.53.21:363][  0]LogConfig: Setting CVar [[gc.ActorClusteringEnabled:0]]
[2020.01.04-13.53.21:363][  0]LogConfig: Setting CVar [[gc.BlueprintClusteringEnabled:0]]
[2020.01.04-13.53.21:363][  0]LogConfig: Setting CVar [[gc.UseDisregardForGCOnDedicatedServers:0]]
[2020.01.04-13.53.21:363][  0]LogConfig: Applying CVar settings from Section [/Script/Engine.NetworkSettings] File [D:/ProjEng/ProjEng/ProjEng/Saved/Config/Windows/Engine.ini]
[2020.01.04-13.53.21:364][  0]LogConfig: Applying CVar settings from Section [/Script/UnrealEd.CookerSettings] File [D:/ProjEng/ProjEng/ProjEng/Saved/Config/Windows/Engine.ini]
[2020.01.04-13.53.21:381][  0]LogConfig: Applying CVar settings from Section [ViewDistanceQuality@3] File [D:/ProjEng/ProjEng/ProjEng/Saved/Config/Windows/Scalability.ini]
[2020.01.04-13.53.21:381][  0]LogConfig: Setting CVar [[r.SkeletalMeshLODBias:0]]
[2020.01.04-13.53.21:381][  0]LogConfig: Setting CVar [[r.ViewDistanceScale:1.0]]
[2020.01.04-13.53.21:381][  0]LogConfig: Applying CVar settings from Section [AntiAliasingQuality@3] File [D:/ProjEng/ProjEng/ProjEng/Saved/Config/Windows/Scalability.ini]
[2020.01.04-13.53.21:381][  0]LogConfig: Setting CVar [[r.PostProcessAAQuality:4]]
[2020.01.04-13.53.21:381][  0]LogConfig: Applying CVar settings from Section [ShadowQuality@3] File [D:/ProjEng/ProjEng/ProjEng/Saved/Config/Windows/Scalability.ini]
[2020.01.04-13.53.21:381][  0]LogConfig: Setting CVar [[r.LightFunctionQuality:1]]
[2020.01.04-13.53.21:381][  0]LogConfig: Setting CVar [[r.ShadowQuality:5]]
[2020.01.04-13.53.21:381][  0]LogConfig: Setting CVar [[r.Shadow.CSM.MaxCascades:10]]
[2020.01.04-13.53.21:381][  0]LogConfig: Setting CVar [[r.Shadow.MaxResolution:2048]]
[2020.01.04-13.53.21:381][  0]LogConfig: Setting CVar [[r.Shadow.MaxCSMResolution:2048]]
[2020.01.04-13.53.21:381][  0]LogConfig: Setting CVar [[r.Shadow.RadiusThreshold:0.01]]
[2020.01.04-13.53.21:382][  0]LogConfig: Setting CVar [[r.Shadow.DistanceScale:1.0]]
[2020.01.04-13.53.21:382][  0]LogConfig: Setting CVar [[r.Shadow.CSM.TransitionScale:1.0]]
[2020.01.04-13.53.21:382][  0]LogConfig: Setting CVar [[r.Shadow.PreShadowResolutionFactor:1.0]]
[2020.01.04-13.53.21:382][  0]LogConfig: Setting CVar [[r.DistanceFieldShadowing:1]]
[2020.01.04-13.53.21:382][  0]LogConfig: Setting CVar [[r.DistanceFieldAO:1]]
[2020.01.04-13.53.21:382][  0]LogConfig: Setting CVar [[r.AOQuality:2]]
[2020.01.04-13.53.21:382][  0]LogConfig: Setting CVar [[r.VolumetricFog:1]]
[2020.01.04-13.53.21:382][  0]LogConfig: Setting CVar [[r.VolumetricFog.GridPixelSize:8]]
[2020.01.04-13.53.21:382][  0]LogConfig: Setting CVar [[r.VolumetricFog.GridSizeZ:128]]
[2020.01.04-13.53.21:382][  0]LogConfig: Setting CVar [[r.VolumetricFog.HistoryMissSupersampleCount:4]]
[2020.01.04-13.53.21:382][  0]LogConfig: Setting CVar [[r.LightMaxDrawDistanceScale:1]]
[2020.01.04-13.53.21:383][  0]LogConfig: Setting CVar [[r.CapsuleShadows:1]]
[2020.01.04-13.53.21:383][  0]LogConfig: Applying CVar settings from Section [PostProcessQuality@3] File [D:/ProjEng/ProjEng/ProjEng/Saved/Config/Windows/Scalability.ini]
[2020.01.04-13.53.21:383][  0]LogConfig: Setting CVar [[r.MotionBlurQuality:4]]
[2020.01.04-13.53.21:383][  0]LogConfig: Setting CVar [[r.AmbientOcclusionMipLevelFactor:0.4]]
[2020.01.04-13.53.21:383][  0]LogConfig: Setting CVar [[r.AmbientOcclusionMaxQuality:100]]
[2020.01.04-13.53.21:383][  0]LogConfig: Setting CVar [[r.AmbientOcclusionLevels:-1]]
[2020.01.04-13.53.21:383][  0]LogConfig: Setting CVar [[r.AmbientOcclusionRadiusScale:1.0]]
[2020.01.04-13.53.21:383][  0]LogConfig: Setting CVar [[r.DepthOfFieldQuality:2]]
[2020.01.04-13.53.21:383][  0]LogConfig: Setting CVar [[r.RenderTargetPoolMin:400]]
[2020.01.04-13.53.21:383][  0]LogConfig: Setting CVar [[r.LensFlareQuality:2]]
[2020.01.04-13.53.21:383][  0]LogConfig: Setting CVar [[r.SceneColorFringeQuality:1]]
[2020.01.04-13.53.21:383][  0]LogConfig: Setting CVar [[r.EyeAdaptationQuality:2]]
[2020.01.04-13.53.21:383][  0]LogConfig: Setting CVar [[r.BloomQuality:5]]
[2020.01.04-13.53.21:383][  0]LogConfig: Setting CVar [[r.FastBlurThreshold:100]]
[2020.01.04-13.53.21:383][  0]LogConfig: Setting CVar [[r.Upscale.Quality:3]]
[2020.01.04-13.53.21:383][  0]LogConfig: Setting CVar [[r.Tonemapper.GrainQuantization:1]]
[2020.01.04-13.53.21:383][  0]LogConfig: Setting CVar [[r.LightShaftQuality:1]]
[2020.01.04-13.53.21:383][  0]LogConfig: Setting CVar [[r.Filter.SizeScale:1]]
[2020.01.04-13.53.21:383][  0]LogConfig: Setting CVar [[r.Tonemapper.Quality:5]]
[2020.01.04-13.53.21:383][  0]LogConfig: Setting CVar [[r.DOF.Gather.AccumulatorQuality:1        ; higher gathering accumulator quality]]
[2020.01.04-13.53.21:383][  0]LogConfig: Setting CVar [[r.DOF.Gather.PostfilterMethod:1          ; Median3x3 postfilering method]]
[2020.01.04-13.53.21:383][  0]LogConfig: Setting CVar [[r.DOF.Gather.EnableBokehSettings:0       ; no bokeh simulation when gathering]]
[2020.01.04-13.53.21:383][  0]LogConfig: Setting CVar [[r.DOF.Gather.RingCount:4                 ; medium number of samples when gathering]]
[2020.01.04-13.53.21:383][  0]LogConfig: Setting CVar [[r.DOF.Scatter.ForegroundCompositing:1    ; additive foreground scattering]]
[2020.01.04-13.53.21:383][  0]LogConfig: Setting CVar [[r.DOF.Scatter.BackgroundCompositing:2    ; additive background scattering]]
[2020.01.04-13.53.21:383][  0]LogConfig: Setting CVar [[r.DOF.Scatter.EnableBokehSettings:1      ; bokeh simulation when scattering]]
[2020.01.04-13.53.21:383][  0]LogConfig: Setting CVar [[r.DOF.Scatter.MaxSpriteRatio:0.1         ; only a maximum of 10% of scattered bokeh]]
[2020.01.04-13.53.21:383][  0]LogConfig: Setting CVar [[r.DOF.Recombine.Quality:1                ; cheap slight out of focus]]
[2020.01.04-13.53.21:383][  0]LogConfig: Setting CVar [[r.DOF.Recombine.EnableBokehSettings:0    ; no bokeh simulation on slight out of focus]]
[2020.01.04-13.53.21:383][  0]LogConfig: Setting CVar [[r.DOF.TemporalAAQuality:1                ; more stable temporal accumulation]]
[2020.01.04-13.53.21:383][  0]LogConfig: Setting CVar [[r.DOF.Kernel.MaxForegroundRadius:0.025]]
[2020.01.04-13.53.21:383][  0]LogConfig: Setting CVar [[r.DOF.Kernel.MaxBackgroundRadius:0.025]]
[2020.01.04-13.53.21:384][  0]LogConfig: Applying CVar settings from Section [TextureQuality@3] File [D:/ProjEng/ProjEng/ProjEng/Saved/Config/Windows/Scalability.ini]
[2020.01.04-13.53.21:384][  0]LogConfig: Setting CVar [[r.Streaming.MipBias:0]]
[2020.01.04-13.53.21:384][  0]LogConfig: Setting CVar [[r.Streaming.AmortizeCPUToGPUCopy:0]]
[2020.01.04-13.53.21:384][  0]LogConfig: Setting CVar [[r.Streaming.MaxNumTexturesToStreamPerFrame:0]]
[2020.01.04-13.53.21:384][  0]LogConfig: Setting CVar [[r.Streaming.Boost:1]]
[2020.01.04-13.53.21:384][  0]LogConfig: Setting CVar [[r.MaxAnisotropy:8]]
[2020.01.04-13.53.21:384][  0]LogConfig: Setting CVar [[r.Streaming.LimitPoolSizeToVRAM:0]]
[2020.01.04-13.53.21:384][  0]LogConfig: Setting CVar [[r.Streaming.PoolSize:1000]]
[2020.01.04-13.53.21:384][  0]LogConfig: Setting CVar [[r.Streaming.MaxEffectiveScreenSize:0]]
[2020.01.04-13.53.21:384][  0]LogConfig: Applying CVar settings from Section [EffectsQuality@3] File [D:/ProjEng/ProjEng/ProjEng/Saved/Config/Windows/Scalability.ini]
[2020.01.04-13.53.21:384][  0]LogConfig: Setting CVar [[r.TranslucencyLightingVolumeDim:64]]
[2020.01.04-13.53.21:384][  0]LogConfig: Setting CVar [[r.RefractionQuality:2]]
[2020.01.04-13.53.21:384][  0]LogConfig: Setting CVar [[r.SSR.Quality:3]]
[2020.01.04-13.53.21:384][  0]LogConfig: Setting CVar [[r.SceneColorFormat:4]]
[2020.01.04-13.53.21:384][  0]LogConfig: Setting CVar [[r.DetailMode:2]]
[2020.01.04-13.53.21:384][  0]LogConfig: Setting CVar [[r.TranslucencyVolumeBlur:1]]
[2020.01.04-13.53.21:384][  0]LogConfig: Setting CVar [[r.MaterialQualityLevel:1 ; High quality]]
[2020.01.04-13.53.21:384][  0]LogConfig: Setting CVar [[r.SSS.Scale:1]]
[2020.01.04-13.53.21:384][  0]LogConfig: Setting CVar [[r.SSS.SampleSet:2]]
[2020.01.04-13.53.21:384][  0]LogConfig: Setting CVar [[r.SSS.Quality:1]]
[2020.01.04-13.53.21:384][  0]LogConfig: Setting CVar [[r.SSS.HalfRes:1]]
[2020.01.04-13.53.21:384][  0]LogConfig: Setting CVar [[r.EmitterSpawnRateScale:1.0]]
[2020.01.04-13.53.21:384][  0]LogConfig: Setting CVar [[r.ParticleLightQuality:2]]
[2020.01.04-13.53.21:384][  0]LogConfig: Applying CVar settings from Section [FoliageQuality@3] File [D:/ProjEng/ProjEng/ProjEng/Saved/Config/Windows/Scalability.ini]
[2020.01.04-13.53.21:384][  0]LogConfig: Setting CVar [[foliage.DensityScale:1.0]]
[2020.01.04-13.53.21:384][  0]LogConfig: Setting CVar [[grass.DensityScale:1.0]]
[2020.01.04-13.53.21:396][  0]LogInit: Selected Device Profile: [Windows]
[2020.01.04-13.53.21:396][  0]LogInit: Applying CVar settings loaded from the selected device profile: [Windows]
[2020.01.04-13.53.21:491][  0]LogHAL: Display: Platform has ~ 8 GB [8442679296 / 8589934592 / 8], which maps to Default [LargestMinGB=32, LargerMinGB=12, DefaultMinGB=8, SmallerMinGB=6, SmallestMinGB=0)
[2020.01.04-13.53.21:492][  0]LogConfig: Setting CVar [[r.Vulkan.UseRealUBs:0		; Required until we fix HLR fall-out]]
[2020.01.04-13.53.21:492][  0]LogInit: Going up to parent DeviceProfile []
[2020.01.04-13.53.21:492][  0]LogConfig: Applying CVar settings from Section [ViewDistanceQuality@0] File [D:/ProjEng/ProjEng/ProjEng/Saved/Config/Windows/Scalability.ini]
[2020.01.04-13.53.21:492][  0]LogConfig: Setting CVar [[r.SkeletalMeshLODBias:2]]
[2020.01.04-13.53.21:492][  0]LogConfig: Setting CVar [[r.ViewDistanceScale:0.4]]
[2020.01.04-13.53.21:492][  0]LogConfig: Applying CVar settings from Section [AntiAliasingQuality@0] File [D:/ProjEng/ProjEng/ProjEng/Saved/Config/Windows/Scalability.ini]
[2020.01.04-13.53.21:492][  0]LogConfig: Setting CVar [[r.PostProcessAAQuality:0]]
[2020.01.04-13.53.21:492][  0]LogConfig: Applying CVar settings from Section [ShadowQuality@2] File [D:/ProjEng/ProjEng/ProjEng/Saved/Config/Windows/Scalability.ini]
[2020.01.04-13.53.21:492][  0]LogConfig: Setting CVar [[r.LightFunctionQuality:1]]
[2020.01.04-13.53.21:492][  0]LogConfig: Setting CVar [[r.ShadowQuality:5]]
[2020.01.04-13.53.21:492][  0]LogConfig: Setting CVar [[r.Shadow.CSM.MaxCascades:4]]
[2020.01.04-13.53.21:492][  0]LogConfig: Setting CVar [[r.Shadow.MaxResolution:1024]]
[2020.01.04-13.53.21:492][  0]LogConfig: Setting CVar [[r.Shadow.MaxCSMResolution:2048]]
[2020.01.04-13.53.21:492][  0]LogConfig: Setting CVar [[r.Shadow.RadiusThreshold:0.04]]
[2020.01.04-13.53.21:492][  0]LogConfig: Setting CVar [[r.Shadow.DistanceScale:0.85]]
[2020.01.04-13.53.21:492][  0]LogConfig: Setting CVar [[r.Shadow.CSM.TransitionScale:0.8]]
[2020.01.04-13.53.21:492][  0]LogConfig: Setting CVar [[r.Shadow.PreShadowResolutionFactor:0.5]]
[2020.01.04-13.53.21:492][  0]LogConfig: Setting CVar [[r.DistanceFieldShadowing:1]]
[2020.01.04-13.53.21:493][  0]LogConfig: Setting CVar [[r.DistanceFieldAO:1]]
[2020.01.04-13.53.21:493][  0]LogConfig: Setting CVar [[r.AOQuality:1]]
[2020.01.04-13.53.21:493][  0]LogConfig: Setting CVar [[r.VolumetricFog:1]]
[2020.01.04-13.53.21:493][  0]LogConfig: Setting CVar [[r.VolumetricFog.GridPixelSize:16]]
[2020.01.04-13.53.21:493][  0]LogConfig: Setting CVar [[r.VolumetricFog.GridSizeZ:64]]
[2020.01.04-13.53.21:493][  0]LogConfig: Setting CVar [[r.VolumetricFog.HistoryMissSupersampleCount:4]]
[2020.01.04-13.53.21:493][  0]LogConfig: Setting CVar [[r.LightMaxDrawDistanceScale:1]]
[2020.01.04-13.53.21:493][  0]LogConfig: Setting CVar [[r.CapsuleShadows:1]]
[2020.01.04-13.53.21:493][  0]LogConfig: Applying CVar settings from Section [PostProcessQuality@0] File [D:/ProjEng/ProjEng/ProjEng/Saved/Config/Windows/Scalability.ini]
[2020.01.04-13.53.21:493][  0]LogConfig: Setting CVar [[r.MotionBlurQuality:0]]
[2020.01.04-13.53.21:493][  0]LogConfig: Setting CVar [[r.AmbientOcclusionMipLevelFactor:1.0]]
[2020.01.04-13.53.21:493][  0]LogConfig: Setting CVar [[r.AmbientOcclusionMaxQuality:0]]
[2020.01.04-13.53.21:493][  0]LogConfig: Setting CVar [[r.AmbientOcclusionLevels:0]]
[2020.01.04-13.53.21:493][  0]LogConfig: Setting CVar [[r.AmbientOcclusionRadiusScale:1.2]]
[2020.01.04-13.53.21:493][  0]LogConfig: Setting CVar [[r.DepthOfFieldQuality:0]]
[2020.01.04-13.53.21:493][  0]LogConfig: Setting CVar [[r.RenderTargetPoolMin:300]]
[2020.01.04-13.53.21:493][  0]LogConfig: Setting CVar [[r.LensFlareQuality:0]]
[2020.01.04-13.53.21:493][  0]LogConfig: Setting CVar [[r.SceneColorFringeQuality:0]]
[2020.01.04-13.53.21:493][  0]LogConfig: Setting CVar [[r.EyeAdaptationQuality:0]]
[2020.01.04-13.53.21:493][  0]LogConfig: Setting CVar [[r.BloomQuality:4]]
[2020.01.04-13.53.21:493][  0]LogConfig: Setting CVar [[r.FastBlurThreshold:0]]
[2020.01.04-13.53.21:493][  0]LogConfig: Setting CVar [[r.Upscale.Quality:1]]
[2020.01.04-13.53.21:493][  0]LogConfig: Setting CVar [[r.Tonemapper.GrainQuantization:0]]
[2020.01.04-13.53.21:493][  0]LogConfig: Setting CVar [[r.LightShaftQuality:0]]
[2020.01.04-13.53.21:493][  0]LogConfig: Setting CVar [[r.Filter.SizeScale:0.6]]
[2020.01.04-13.53.21:494][  0]LogConfig: Setting CVar [[r.Tonemapper.Quality:0]]
[2020.01.04-13.53.21:494][  0]LogConfig: Applying CVar settings from Section [TextureQuality@0] File [D:/ProjEng/ProjEng/ProjEng/Saved/Config/Windows/Scalability.ini]
[2020.01.04-13.53.21:494][  0]LogConfig: Setting CVar [[r.Streaming.MipBias:16]]
[2020.01.04-13.53.21:494][  0]LogConfig: Setting CVar [[r.Streaming.AmortizeCPUToGPUCopy:1]]
[2020.01.04-13.53.21:494][  0]LogConfig: Setting CVar [[r.Streaming.MaxNumTexturesToStreamPerFrame:1]]
[2020.01.04-13.53.21:494][  0]LogConfig: Setting CVar [[r.Streaming.Boost:0.3]]
[2020.01.04-13.53.21:494][  0]LogConfig: Setting CVar [[r.MaxAnisotropy:0]]
[2020.01.04-13.53.21:494][  0]LogConfig: Setting CVar [[r.Streaming.LimitPoolSizeToVRAM:1]]
[2020.01.04-13.53.21:494][  0]LogConfig: Setting CVar [[r.Streaming.PoolSize:400]]
[2020.01.04-13.53.21:494][  0]LogConfig: Setting CVar [[r.Streaming.MaxEffectiveScreenSize:0]]
[2020.01.04-13.53.21:494][  0]LogConfig: Applying CVar settings from Section [EffectsQuality@0] File [D:/ProjEng/ProjEng/ProjEng/Saved/Config/Windows/Scalability.ini]
[2020.01.04-13.53.21:494][  0]LogConfig: Setting CVar [[r.TranslucencyLightingVolumeDim:24]]
[2020.01.04-13.53.21:494][  0]LogConfig: Setting CVar [[r.RefractionQuality:0]]
[2020.01.04-13.53.21:494][  0]LogConfig: Setting CVar [[r.SSR.Quality:0]]
[2020.01.04-13.53.21:494][  0]LogConfig: Setting CVar [[r.SceneColorFormat:3]]
[2020.01.04-13.53.21:494][  0]LogConfig: Setting CVar [[r.DetailMode:0]]
[2020.01.04-13.53.21:494][  0]LogConfig: Setting CVar [[r.TranslucencyVolumeBlur:0]]
[2020.01.04-13.53.21:494][  0]LogConfig: Setting CVar [[r.MaterialQualityLevel:0 ; Low quality]]
[2020.01.04-13.53.21:494][  0]LogConfig: Setting CVar [[r.SSS.Scale:0]]
[2020.01.04-13.53.21:494][  0]LogConfig: Setting CVar [[r.SSS.SampleSet:0]]
[2020.01.04-13.53.21:494][  0]LogConfig: Setting CVar [[r.SSS.Quality:0]]
[2020.01.04-13.53.21:494][  0]LogConfig: Setting CVar [[r.SSS.HalfRes:1]]
[2020.01.04-13.53.21:494][  0]LogConfig: Setting CVar [[r.EmitterSpawnRateScale:0.125]]
[2020.01.04-13.53.21:494][  0]LogConfig: Setting CVar [[r.ParticleLightQuality:0]]
[2020.01.04-13.53.21:494][  0]LogConfig: Applying CVar settings from Section [FoliageQuality@0] File [D:/ProjEng/ProjEng/ProjEng/Saved/Config/Windows/Scalability.ini]
[2020.01.04-13.53.21:494][  0]LogConfig: Setting CVar [[foliage.DensityScale:0]]
[2020.01.04-13.53.21:494][  0]LogConfig: Setting CVar [[grass.DensityScale:0]]
[2020.01.04-13.53.21:495][  0]LogConfig: Applying CVar settings from Section [Startup] File [../../../Engine/Config/ConsoleVariables.ini]
[2020.01.04-13.53.21:524][  0]LogConfig: Setting CVar [[net.UseAdaptiveNetUpdateFrequency:0]]
[2020.01.04-13.53.21:524][  0]LogConfig: Setting CVar [[p.chaos.AllowCreatePhysxBodies:1]]
[2020.01.04-13.53.21:524][  0]LogConfig: Applying CVar settings from Section [ConsoleVariables] File [D:/ProjEng/ProjEng/ProjEng/Saved/Config/Windows/Engine.ini]
[2020.01.04-13.53.21:588][  0]LogInit: Computer: DESKTOP-DOUR8LP
[2020.01.04-13.53.21:588][  0]LogInit: User: neret
[2020.01.04-13.53.21:588][  0]LogInit: CPU Page size=4096, Cores=6
[2020.01.04-13.53.21:588][  0]LogInit: High frequency timer resolution =10.000000 MHz
[2020.01.04-13.53.21:589][  0]LogMemory: Memory total: Physical=7.9GB (8GB approx)
[2020.01.04-13.53.21:589][  0]LogMemory: Platform Memory Stats for Windows
[2020.01.04-13.53.21:589][  0]LogMemory: Process Physical Memory: 100.70 MB used, 100.70 MB peak
[2020.01.04-13.53.21:589][  0]LogMemory: Process Virtual Memory: 103.63 MB used, 103.63 MB peak
[2020.01.04-13.53.21:589][  0]LogMemory: Physical Memory: 5029.46 MB used,  3022.11 MB free, 8051.57 MB total
[2020.01.04-13.53.21:590][  0]LogMemory: Virtual Memory: 4688.35 MB used,  134213040.00 MB free, 134217728.00 MB total
[2020.01.04-13.53.22:136][  0]LogInit: Using OS detected language (ru-RU).
[2020.01.04-13.53.22:136][  0]LogInit: Using OS detected locale (ru-RU).
[2020.01.04-13.53.22:214][  0]LogTextLocalizationManager: No specific localization for 'ru-RU' exists, so the 'ru' localization will be used.
[2020.01.04-13.53.22:220][  0]LogTextLocalizationResource: LocRes '../../../Engine/Content/Localization/Editor/ru/Editor.locres' could not be opened for reading!
[2020.01.04-13.53.22:220][  0]LogTextLocalizationResource: LocRes '../../../Engine/Content/Localization/EditorTutorials/ru/EditorTutorials.locres' could not be opened for reading!
[2020.01.04-13.53.22:221][  0]LogTextLocalizationResource: LocRes '../../../Engine/Content/Localization/Keywords/ru/Keywords.locres' could not be opened for reading!
[2020.01.04-13.53.22:221][  0]LogTextLocalizationResource: LocRes '../../../Engine/Content/Localization/Category/ru/Category.locres' could not be opened for reading!
[2020.01.04-13.53.22:227][  0]LogTextLocalizationResource: LocRes '../../../Engine/Content/Localization/ToolTips/ru/ToolTips.locres' could not be opened for reading!
[2020.01.04-13.53.22:231][  0]LogTextLocalizationResource: LocRes '../../../Engine/Content/Localization/PropertyNames/ru/PropertyNames.locres' could not be opened for reading!
[2020.01.04-13.53.22:231][  0]LogTextLocalizationResource: LocRes '../../../Engine/Content/Localization/Engine/ru/Engine.locres' could not be opened for reading!
[2020.01.04-13.53.22:421][  0]LogInit: Setting process to per monitor DPI aware
[2020.01.04-13.53.23:048][  0]LogSlate: New Slate User Created.  User Index 0, Is Virtual User: 0
[2020.01.04-13.53.23:048][  0]LogSlate: Slate User Registered.  User Index 0, Is Virtual User: 0
[2020.01.04-13.53.33:136][  0]LogHMD: Failed to initialize OpenVR with code 110
[2020.01.04-13.53.33:136][  0]LogD3D11RHI: D3D11 adapters:
[2020.01.04-13.53.33:353][  0]LogD3D11RHI:    0. 'NVIDIA GeForce GTX 1050 Ti' (Feature Level 11_0)
[2020.01.04-13.53.33:353][  0]LogD3D11RHI:       4018/0/4025 MB DedicatedVideo/DedicatedSystem/SharedSystem, Outputs:1, VendorId:0x10de
[2020.01.04-13.53.33:604][  0]LogD3D11RHI:    1. 'Intel(R) UHD Graphics 630' (Feature Level 11_0)
[2020.01.04-13.53.33:605][  0]LogD3D11RHI:       128/0/4025 MB DedicatedVideo/DedicatedSystem/SharedSystem, Outputs:0, VendorId:0x8086
[2020.01.04-13.53.33:616][  0]LogD3D11RHI:    2. 'Microsoft Basic Render Driver' (Feature Level 11_0)
[2020.01.04-13.53.33:616][  0]LogD3D11RHI:       0/0/4025 MB DedicatedVideo/DedicatedSystem/SharedSystem, Outputs:0, VendorId:0x1414
[2020.01.04-13.53.33:616][  0]LogD3D11RHI: Chosen D3D11 Adapter: 0
[2020.01.04-13.53.33:701][  0]LogD3D11RHI: Creating new Direct3DDevice
[2020.01.04-13.53.33:701][  0]LogD3D11RHI:     GPU DeviceId: 0x1c8c (for the marketing name, search the web for "GPU Device Id")
[2020.01.04-13.53.33:717][  0]LogWindows: EnumDisplayDevices:
[2020.01.04-13.53.33:718][  0]LogWindows:    0. 'Intel(R) UHD Graphics 630' (P:1 D:1)
[2020.01.04-13.53.33:719][  0]LogWindows:    1. 'Intel(R) UHD Graphics 630' (P:0 D:0)
[2020.01.04-13.53.33:720][  0]LogWindows:    2. 'Intel(R) UHD Graphics 630' (P:0 D:0)
[2020.01.04-13.53.33:720][  0]LogWindows:    3. 'NVIDIA GeForce GTX 1050 Ti' (P:0 D:0)
[2020.01.04-13.53.33:721][  0]LogWindows: DebugString: PrimaryIsNotTheChoosenAdapter PrimaryIsNotTheChoosenAdapter PrimaryIsNotTheChoosenAdapter 
[2020.01.04-13.53.33:721][  0]LogD3D11RHI:     Adapter Name: NVIDIA GeForce GTX 1050 Ti
[2020.01.04-13.53.33:721][  0]LogD3D11RHI:   Driver Version: 441.20 (internal:26.21.14.4120, unified:441.20)
[2020.01.04-13.53.33:721][  0]LogD3D11RHI:      Driver Date: 11-6-2019
[2020.01.04-13.53.33:721][  0]LogRHI: Texture pool is 2812 MB (70% of 4018 MB)
[2020.01.04-13.53.33:875][  0]LogD3D11RHI: Async texture creation enabled
[2020.01.04-13.53.33:985][  0]LogRendererCore: FGlobalReadBuffer::InitRHI
[2020.01.04-13.53.33:986][  0]LogRendererCore: FGlobalReadBuffer::InitRHI
[2020.01.04-13.53.33:986][  0]LogRendererCore: FGlobalReadBuffer::InitRHI
[2020.01.04-13.53.34:022][  0]LogD3D11RHI: GPU Timing Frequency: 1000.000000 (Debug: 2 1)
[2020.01.04-13.53.36:454][  0]LogTemp: Display: Module 'AllDesktopTargetPlatform' loaded TargetPlatform 'AllDesktop'
[2020.01.04-13.53.36:531][  0]LogTemp: Display: Module 'MacClientTargetPlatform' loaded TargetPlatform 'MacClient'
[2020.01.04-13.53.36:665][  0]LogTemp: Display: Module 'MacNoEditorTargetPlatform' loaded TargetPlatform 'MacNoEditor'
[2020.01.04-13.53.36:726][  0]LogTemp: Display: Module 'MacServerTargetPlatform' loaded TargetPlatform 'MacServer'
[2020.01.04-13.53.36:836][  0]LogTemp: Display: Module 'MacTargetPlatform' loaded TargetPlatform 'Mac'
[2020.01.04-13.53.37:004][  0]LogTemp: Display: Module 'WindowsClientTargetPlatform' loaded TargetPlatform 'WindowsClient'
[2020.01.04-13.53.37:061][  0]LogTemp: Display: Module 'WindowsNoEditorTargetPlatform' loaded TargetPlatform 'WindowsNoEditor'
[2020.01.04-13.53.37:117][  0]LogTemp: Display: Module 'WindowsServerTargetPlatform' loaded TargetPlatform 'WindowsServer'
[2020.01.04-13.53.37:151][  0]LogTemp: Display: Module 'WindowsTargetPlatform' loaded TargetPlatform 'Windows'
[2020.01.04-13.53.37:503][  0]LogTemp: Display: Module 'AndroidTargetPlatform' loaded TargetPlatform 'Android'
[2020.01.04-13.53.37:503][  0]LogTemp: Display: Module 'AndroidTargetPlatform' loaded TargetPlatform 'Android_ASTC'
[2020.01.04-13.53.37:503][  0]LogTemp: Display: Module 'AndroidTargetPlatform' loaded TargetPlatform 'Android_ATC'
[2020.01.04-13.53.37:503][  0]LogTemp: Display: Module 'AndroidTargetPlatform' loaded TargetPlatform 'Android_DXT'
[2020.01.04-13.53.37:503][  0]LogTemp: Display: Module 'AndroidTargetPlatform' loaded TargetPlatform 'Android_ETC1'
[2020.01.04-13.53.37:503][  0]LogTemp: Display: Module 'AndroidTargetPlatform' loaded TargetPlatform 'Android_ETC1a'
[2020.01.04-13.53.37:503][  0]LogTemp: Display: Module 'AndroidTargetPlatform' loaded TargetPlatform 'Android_ETC2'
[2020.01.04-13.53.37:503][  0]LogTemp: Display: Module 'AndroidTargetPlatform' loaded TargetPlatform 'Android_PVRTC'
[2020.01.04-13.53.37:503][  0]LogTemp: Display: Module 'AndroidTargetPlatform' loaded TargetPlatform 'AndroidClient'
[2020.01.04-13.53.37:503][  0]LogTemp: Display: Module 'AndroidTargetPlatform' loaded TargetPlatform 'Android_ASTCClient'
[2020.01.04-13.53.37:503][  0]LogTemp: Display: Module 'AndroidTargetPlatform' loaded TargetPlatform 'Android_ATCClient'
[2020.01.04-13.53.37:504][  0]LogTemp: Display: Module 'AndroidTargetPlatform' loaded TargetPlatform 'Android_DXTClient'
[2020.01.04-13.53.37:504][  0]LogTemp: Display: Module 'AndroidTargetPlatform' loaded TargetPlatform 'Android_ETC1Client'
[2020.01.04-13.53.37:504][  0]LogTemp: Display: Module 'AndroidTargetPlatform' loaded TargetPlatform 'Android_ETC1aClient'
[2020.01.04-13.53.37:504][  0]LogTemp: Display: Module 'AndroidTargetPlatform' loaded TargetPlatform 'Android_ETC2Client'
[2020.01.04-13.53.37:504][  0]LogTemp: Display: Module 'AndroidTargetPlatform' loaded TargetPlatform 'Android_PVRTCClient'
[2020.01.04-13.53.37:504][  0]LogTemp: Display: Module 'AndroidTargetPlatform' loaded TargetPlatform 'Android_Multi'
[2020.01.04-13.53.37:504][  0]LogTemp: Display: Module 'AndroidTargetPlatform' loaded TargetPlatform 'Android_MultiClient'
[2020.01.04-13.53.37:528][  0]LogTemp: Display: Module 'HTML5TargetPlatform' loaded TargetPlatform 'HTML5'
[2020.01.04-13.53.37:730][  0]LogTemp: Display: Module 'IOSTargetPlatform' loaded TargetPlatform 'IOSClient'
[2020.01.04-13.53.37:731][  0]LogTemp: Display: Module 'IOSTargetPlatform' loaded TargetPlatform 'IOS'
[2020.01.04-13.53.37:841][  0]LogTemp: Display: Module 'TVOSTargetPlatform' loaded TargetPlatform 'TVOSClient'
[2020.01.04-13.53.37:841][  0]LogTemp: Display: Module 'TVOSTargetPlatform' loaded TargetPlatform 'TVOS'
[2020.01.04-13.53.37:897][  0]LogTemp: Display: Module 'LinuxClientTargetPlatform' loaded TargetPlatform 'LinuxClient'
[2020.01.04-13.53.37:954][  0]LogTemp: Display: Module 'LinuxNoEditorTargetPlatform' loaded TargetPlatform 'LinuxNoEditor'
[2020.01.04-13.53.38:004][  0]LogTemp: Display: Module 'LinuxServerTargetPlatform' loaded TargetPlatform 'LinuxServer'
[2020.01.04-13.53.38:081][  0]LogTemp: Display: Module 'LinuxTargetPlatform' loaded TargetPlatform 'Linux'
[2020.01.04-13.53.38:277][  0]LogTemp: Display: Module 'LuminTargetPlatform' loaded TargetPlatform 'Lumin'
[2020.01.04-13.53.38:277][  0]LogTemp: Display: Module 'LuminTargetPlatform' loaded TargetPlatform 'LuminClient'
[2020.01.04-13.53.38:278][  0]LogTargetPlatformManager: Display: Building Assets For Windows
[2020.01.04-13.53.38:454][  0]LogAudioDebug: Display: Lib vorbis DLL was dynamically loaded.
[2020.01.04-13.53.39:056][  0]LogShaderCompilers: Guid format shader working directory is 8 characters bigger than the processId version (../../../../../ProjEng/ProjEng/ProjEng/Intermediate/Shaders/WorkingDirectory/1368/).
[2020.01.04-13.53.39:056][  0]LogShaderCompilers: Cleaned the shader compiler working directory 'C:/Users/neret/AppData/Local/Temp/UnrealShaderWorkingDir/ECC000E544CBD9DF1A5535A8EC36F8E4/'.
[2020.01.04-13.53.39:068][  0]LogXGEController: Cleaning working directory: C:/Users/neret/AppData/Local/Temp/UnrealXGEWorkingDir/
[2020.01.04-13.53.39:069][  0]LogXGEController: Cannot use XGE Controller as Incredibuild is not installed on this machine.
[2020.01.04-13.53.39:069][  0]LogShaderCompilers: Cannot use XGE Shader Compiler as Incredibuild is not installed on this machine.
[2020.01.04-13.53.39:069][  0]LogShaderCompilers: Display: Using Local Shader Compiler.
[2020.01.04-13.53.48:585][  0]LogDerivedDataCache: Display: Max Cache Size: 512 MB
[2020.01.04-13.53.48:881][  0]LogDerivedDataCache: Loaded boot cache 0.29s 71MB C:/Users/neret/AppData/Local/UnrealEngine/4.22/DerivedDataCache/Boot.ddc.
[2020.01.04-13.53.48:881][  0]LogDerivedDataCache: Display: Loaded Boot cache: C:/Users/neret/AppData/Local/UnrealEngine/4.22/DerivedDataCache/Boot.ddc
[2020.01.04-13.53.48:882][  0]LogDerivedDataCache: FDerivedDataBackendGraph:  Pak pak cache file ../../../../../ProjEng/ProjEng/ProjEng/DerivedDataCache/DDC.ddp not found, will not use a pak cache.
[2020.01.04-13.53.48:882][  0]LogDerivedDataCache: Unable to find inner node Pak for hierarchical cache Hierarchy.
[2020.01.04-13.53.48:882][  0]LogDerivedDataCache: FDerivedDataBackendGraph:  CompressedPak pak cache file ../../../../../ProjEng/ProjEng/ProjEng/DerivedDataCache/Compressed.ddp not found, will not use a pak cache.
[2020.01.04-13.53.48:882][  0]LogDerivedDataCache: Unable to find inner node CompressedPak for hierarchical cache Hierarchy.
[2020.01.04-13.53.48:918][  0]LogDerivedDataCache: Display: Pak cache opened for reading ../../../Engine/DerivedDataCache/Compressed.ddp.
[2020.01.04-13.53.48:919][  0]LogDerivedDataCache: FDerivedDataBackendGraph:  EnterprisePak pak cache file ../../../Enterprise/DerivedDataCache/Compressed.ddp not found, will not use a pak cache.
[2020.01.04-13.53.48:919][  0]LogDerivedDataCache: Unable to find inner node EnterprisePak for hierarchical cache Hierarchy.
[2020.01.04-13.53.48:933][  0]LogDerivedDataCache: Using Local data cache path C:/Users/neret/AppData/Local/UnrealEngine/Common/DerivedDataCache: Writable
[2020.01.04-13.53.48:933][  0]LogDerivedDataCache: Shared data cache path not found in *engine.ini, will not use an Shared cache.
[2020.01.04-13.53.48:933][  0]LogDerivedDataCache: Unable to find inner node Shared for hierarchical cache Hierarchy.
[2020.01.04-13.53.49:008][  0]LogMaterial: Verifying Global Shaders for PCD3D_SM5
[2020.01.04-13.53.49:037][  0]LogSlate: Using FreeType 2.6.0
[2020.01.04-13.53.49:199][  0]LogSlate: SlateFontServices - WITH_FREETYPE: 1, WITH_HARFBUZZ: 1
[2020.01.04-13.53.52:125][  0]LogAssetRegistry: FAssetRegistry took 0.0623 seconds to start up
[2020.01.04-13.53.54:560][  0]LogInit: Selected Device Profile: [Windows]
[2020.01.04-13.53.55:747][  0]LogMeshReduction: Using QuadricMeshReduction for automatic static mesh reduction
[2020.01.04-13.53.55:747][  0]LogMeshReduction: Using SimplygonMeshReduction for automatic skeletal mesh reduction
[2020.01.04-13.53.55:747][  0]LogMeshReduction: Using ProxyLODMeshReduction for automatic mesh merging
[2020.01.04-13.53.55:747][  0]LogMeshReduction: No distributed automatic mesh merging module available
[2020.01.04-13.53.55:748][  0]LogMeshMerging: No distributed automatic mesh merging module available
[2020.01.04-13.53.56:260][  0]LogNetVersion: ProjEng 1.0.0, NetCL: 5660361, EngineNetVer: 10, GameNetVer: 0 (Checksum: 3386159734)
[2020.01.04-13.53.59:014][  0]LogPackageLocalizationCache: Processed 10 localized package path(s) for 1 prioritized culture(s) in 0.164611 seconds
[2020.01.04-13.53.59:162][  0]LogUObjectArray: 42205 objects as part of root set at end of initial load.
[2020.01.04-13.53.59:162][  0]LogUObjectAllocator: 7325032 out of 0 bytes used by permanent object pool.
[2020.01.04-13.53.59:162][  0]LogUObjectArray: CloseDisregardForGC: 0/0 objects in disregard for GC pool
[2020.01.04-13.54.18:085][  0]LogTcpMessaging: Initializing TcpMessaging bridge
[2020.01.04-13.54.18:118][  0]LogUdpMessaging: Initializing bridge on interface 0.0.0.0:0 to multicast group 230.0.0.1:6666.
[2020.01.04-13.54.18:943][  0]SourceControl: Source control is disabled
[2020.01.04-13.54.18:943][  0]SourceControl: Source control is disabled
[2020.01.04-13.54.19:008][  0]SourceControl: Source control is disabled
[2020.01.04-13.54.19:119][  0]SourceControl: Source control is disabled
[2020.01.04-13.54.20:228][  0]LogAndroidPermission: UAndroidPermissionCallbackProxy::GetInstance
[2020.01.04-13.54.20:889][  0]LogOcInput: OculusInput pre-init called
[2020.01.04-13.54.23:887][  0]LogEngine: Initializing Engine...
[2020.01.04-13.54.23:916][  0]LogHMD: Failed to initialize OpenVR with code 110
[2020.01.04-13.54.23:935][  0]LogStats: UGameplayTagsManager::InitializeManager -  0.002 s
[2020.01.04-13.54.24:976][  0]LogInit: Initializing FReadOnlyCVARCache
[2020.01.04-13.54.25:143][  0]LogAIModule: Creating AISystem for world Untitled
[2020.01.04-13.54.25:255][  0]LogInit: XAudio2 using 'Динамики (Устройство с поддержкой High Definition Audio)' : 2 channels at 48 kHz using 32 bits per sample (channel mask 0x3)
[2020.01.04-13.54.25:319][  0]LogInit: FAudioDevice initialized.
[2020.01.04-13.54.25:320][  0]LogNetVersion: Set ProjectVersion to 1.0.0.0. Version Checksum will be recalculated on next use.
[2020.01.04-13.54.25:483][  0]LogDerivedDataCache: Saved boot cache 0.16s 71MB C:/Users/neret/AppData/Local/UnrealEngine/4.22/DerivedDataCache/Boot.ddc.
[2020.01.04-13.54.25:495][  0]LogInit: Texture streaming: Enabled
[2020.01.04-13.54.25:652][  0]LogEngineSessionManager: EngineSessionManager initialized
[2020.01.04-13.54.25:882][  0]LogInit: Transaction tracking system initialized
[2020.01.04-13.54.26:185][  0]BlueprintLog: New page: Editor Load
[2020.01.04-13.54.27:205][  0]LocalizationService: Localization service is disabled
[2020.01.04-13.54.29:437][  0]LogFileCache: Scanning file cache for directory 'D:/ProjEng/ProjEng/ProjEng/Content/' took 0.05s
[2020.01.04-13.54.29:437][  0]LogCook: Display: Max memory allowance for cook 16384mb min free memory 0mb
[2020.01.04-13.54.29:438][  0]LogCook: Display: Mobile HDR setting 1
[2020.01.04-13.54.32:376][  0]SourceControl: Source control is disabled
[2020.01.04-13.54.32:385][  0]Cmd: MAP LOAD FILE="../../../../../ProjEng/ProjEng/ProjEng/Content/ProjEngl/Maps/TopDownExampleMap.umap" TEMPLATE=0 SHOWPROGRESS=1 FEATURELEVEL=3
[2020.01.04-13.54.32:528][  0]LightingResults: New page: Lighting Build
[2020.01.04-13.54.32:572][  0]MapCheck: New page: Map Check
[2020.01.04-13.54.32:572][  0]LightingResults: New page: Lighting Build
[2020.01.04-13.54.32:650][  0]LogUObjectHash: Compacting FUObjectHashTables data took   3.83ms
[2020.01.04-13.54.36:137][  0]LogLinker: Warning: Asset '../../../../../ProjEng/ProjEng/ProjEng/Content/Materials/MF_ExtractDepth.uasset' has been saved with empty engine version. The asset will be loaded but may be incompatible.
[2020.01.04-13.54.36:378][  0]LogLinker: Warning: Asset '../../../../../ProjEng/ProjEng/ProjEng/Content/Materials/MF_SampleSceneTextureNeighbourUVs.uasset' has been saved with empty engine version. The asset will be loaded but may be incompatible.
[2020.01.04-13.54.39:800][  0]LogAIModule: Creating AISystem for world TopDownExampleMap
[2020.01.04-13.54.40:093][  0]LogEditorServer: Finished looking for orphan Actors (0.000 secs)
[2020.01.04-13.54.40:253][  0]LogUObjectHash: Compacting FUObjectHashTables data took   9.26ms
[2020.01.04-13.54.40:255][  0]Cmd: MAP CHECKDEP NOCLEARLOG
[2020.01.04-13.54.40:266][  0]MapCheck: Map check complete: 0 Error(s), 0 Warning(s), took 11,106ms to complete.
[2020.01.04-13.54.40:266][  0]LogFileHelpers: Loading map 'TopDownExampleMap' took 7.881
[2020.01.04-13.54.40:907][  0]LogSlate: Updating window title bar state: overlay mode, drag disabled, window buttons hidden, title bar hidden
[2020.01.04-13.54.40:934][  0]LogSlate: Updating window title bar state: overlay mode, drag disabled, window buttons hidden, title bar hidden
[2020.01.04-13.54.40:957][  0]LogSlate: Updating window title bar state: overlay mode, drag disabled, window buttons hidden, title bar hidden
[2020.01.04-13.54.40:981][  0]LogSlate: Updating window title bar state: overlay mode, drag disabled, window buttons hidden, title bar hidden
[2020.01.04-13.54.41:222][  0]LogCollectionManager: Loaded 0 collections in 0.004138 seconds
[2020.01.04-13.54.41:333][  0]LogFileCache: Scanning file cache for directory 'D:/ProjEng/ProjEng/ProjEng/Saved/Collections/' took 0.01s
[2020.01.04-13.54.41:333][  0]LogFileCache: Scanning file cache for directory 'D:/ProjEng/ProjEng/ProjEng/Content/Developers/neret/Collections/' took 0.00s
[2020.01.04-13.54.41:333][  0]LogFileCache: Scanning file cache for directory 'D:/ProjEng/ProjEng/ProjEng/Content/Collections/' took 0.00s
[2020.01.04-13.54.41:333][  0]LogCollectionManager: Rebuilt the GUID cache for 0 collections in 0.000001 seconds
[2020.01.04-13.54.41:364][  0]LogContentBrowser: Native class hierarchy populated in 0.0295 seconds. Added 2750 classes and 669 folders.
[2020.01.04-13.54.41:446][  0]LogContentBrowser: Native class hierarchy updated for 'WidgetCarousel' in 0.0007 seconds. Added 0 classes and 0 folders.
[2020.01.04-13.54.41:552][  0]LogPakFile: Registered encryption key '00000000000000000000000000000000': 0 pak files mounted, 0 remain pending
[2020.01.04-13.54.41:694][  0]LogPakFile: Registered encryption key '00000000000000000000000000000000': 0 pak files mounted, 0 remain pending
[2020.01.04-13.54.41:747][  0]LogPakFile: Registered encryption key '00000000000000000000000000000000': 0 pak files mounted, 0 remain pending
[2020.01.04-13.54.41:769][  0]LogPakFile: Registered encryption key '00000000000000000000000000000000': 0 pak files mounted, 0 remain pending
[2020.01.04-13.54.41:791][  0]LogPakFile: Registered encryption key '00000000000000000000000000000000': 0 pak files mounted, 0 remain pending
[2020.01.04-13.54.41:811][  0]LogPakFile: Registered encryption key '00000000000000000000000000000000': 0 pak files mounted, 0 remain pending
[2020.01.04-13.54.41:831][  0]LogPakFile: Registered encryption key '00000000000000000000000000000000': 0 pak files mounted, 0 remain pending
[2020.01.04-13.54.41:849][  0]LogPakFile: Registered encryption key '00000000000000000000000000000000': 0 pak files mounted, 0 remain pending
[2020.01.04-13.54.41:874][  0]LogPakFile: Registered encryption key '00000000000000000000000000000000': 0 pak files mounted, 0 remain pending
[2020.01.04-13.54.41:898][  0]LogPakFile: Registered encryption key '00000000000000000000000000000000': 0 pak files mounted, 0 remain pending
[2020.01.04-13.54.41:939][  0]LogPakFile: Registered encryption key '00000000000000000000000000000000': 0 pak files mounted, 0 remain pending
[2020.01.04-13.54.41:995][  0]LogPakFile: Registered encryption key '00000000000000000000000000000000': 0 pak files mounted, 0 remain pending
[2020.01.04-13.54.42:012][  0]LogPakFile: Registered encryption key '00000000000000000000000000000000': 0 pak files mounted, 0 remain pending
[2020.01.04-13.54.42:029][  0]LogPakFile: Registered encryption key '00000000000000000000000000000000': 0 pak files mounted, 0 remain pending
[2020.01.04-13.54.42:045][  0]LogPakFile: Registered encryption key '00000000000000000000000000000000': 0 pak files mounted, 0 remain pending
[2020.01.04-13.54.42:063][  0]LogPakFile: Registered encryption key '00000000000000000000000000000000': 0 pak files mounted, 0 remain pending
[2020.01.04-13.54.42:150][  0]LogPakFile: Registered encryption key '00000000000000000000000000000000': 0 pak files mounted, 0 remain pending
[2020.01.04-13.54.42:190][  0]LogPakFile: Registered encryption key '00000000000000000000000000000000': 0 pak files mounted, 0 remain pending
[2020.01.04-13.54.42:214][  0]LogPakFile: Registered encryption key '00000000000000000000000000000000': 0 pak files mounted, 0 remain pending
[2020.01.04-13.54.42:234][  0]LogPakFile: Registered encryption key '00000000000000000000000000000000': 0 pak files mounted, 0 remain pending
[2020.01.04-13.54.42:251][  0]LogPakFile: Registered encryption key '00000000000000000000000000000000': 0 pak files mounted, 0 remain pending
[2020.01.04-13.54.42:266][  0]LogPakFile: Registered encryption key '00000000000000000000000000000000': 0 pak files mounted, 0 remain pending
[2020.01.04-13.54.42:280][  0]LogPakFile: Registered encryption key '00000000000000000000000000000000': 0 pak files mounted, 0 remain pending
[2020.01.04-13.54.42:297][  0]LogPakFile: Registered encryption key '00000000000000000000000000000000': 0 pak files mounted, 0 remain pending
[2020.01.04-13.54.42:318][  0]LogPakFile: Registered encryption key '00000000000000000000000000000000': 0 pak files mounted, 0 remain pending
[2020.01.04-13.54.42:341][  0]LogPakFile: Registered encryption key '00000000000000000000000000000000': 0 pak files mounted, 0 remain pending
[2020.01.04-13.54.43:273][  0]LogContentBrowser: Native class hierarchy updated for 'AddContentDialog' in 0.0006 seconds. Added 0 classes and 0 folders.
[2020.01.04-13.54.43:386][  0]LogContentBrowser: Native class hierarchy updated for 'SceneOutliner' in 0.0006 seconds. Added 1 classes and 2 folders.
[2020.01.04-13.54.44:140][  0]LogSlate: Took 0.043292 seconds to synchronously load lazily loaded font '../../../Engine/Content/Slate/Fonts/Roboto-Regular.ttf' (155K)
[2020.01.04-13.54.44:230][  0]LogSlate: Took 0.079584 seconds to synchronously load lazily loaded font '../../../Engine/Content/Slate/Fonts/Roboto-Bold.ttf' (160K)
[2020.01.04-13.54.44:273][  0]LogSlate: Took 0.022739 seconds to synchronously load lazily loaded font '../../../Engine/Content/Editor/Slate/Fonts/FontAwesome.ttf' (139K)
[2020.01.04-13.54.44:570][  0]LogRenderer: Reallocating scene render targets to support 1152x332 Format 9 NumSamples 1 (Frame:1).
[2020.01.04-13.54.45:446][  0]LogContentBrowser: Native class hierarchy updated for 'HierarchicalLODOutliner' in 0.0006 seconds. Added 0 classes and 0 folders.
[2020.01.04-13.54.45:446][  0]LogLoad: (Engine Initialization) Total time: 113.84 seconds
[2020.01.04-13.54.45:446][  0]LogLoad: (Engine Initialization) Total Blueprint compile time: 0.00 seconds
[2020.01.04-13.54.45:657][  0]LogContentStreaming: Texture pool size now 400 MB
[2020.01.04-13.54.46:174][  2]LogAssetRegistry: Asset discovery search completed in 54.0748 seconds
[2020.01.04-13.54.46:180][  2]LogCollectionManager: Rebuilt the object cache for 0 collections in 0.000001 seconds (found 0 objects)
[2020.01.04-13.54.46:180][  2]LogCollectionManager: Fixed up redirectors for 0 collections in 0.000164 seconds (updated 0 objects)
[2020.01.04-14.00.44:671][129]LogSlate: FSceneViewport::OnFocusLost() reason 0
[2020.01.04-14.00.44:870][138]LogRenderer: Reallocating scene render targets to support 1152x336 Format 9 NumSamples 1 (Frame:4).
[2020.01.04-14.00.44:968][139]LogRenderer: Reallocating scene render targets to support 1152x352 Format 9 NumSamples 1 (Frame:6).
[2020.01.04-14.00.45:069][140]LogRenderer: Reallocating scene render targets to support 1152x364 Format 9 NumSamples 1 (Frame:8).
[2020.01.04-14.00.45:165][141]LogRenderer: Reallocating scene render targets to support 1152x392 Format 9 NumSamples 1 (Frame:10).
[2020.01.04-14.00.45:257][142]LogRenderer: Reallocating scene render targets to support 1152x416 Format 9 NumSamples 1 (Frame:12).
[2020.01.04-14.00.45:349][143]LogRenderer: Reallocating scene render targets to support 1152x436 Format 9 NumSamples 1 (Frame:14).
[2020.01.04-14.00.45:442][144]LogRenderer: Reallocating scene render targets to support 1152x448 Format 9 NumSamples 1 (Frame:16).
[2020.01.04-14.00.50:352][297]LogUObjectHash: Compacting FUObjectHashTables data took   2.48ms
[2020.01.04-14.00.52:309][297]LogSlate: Took 0.023807 seconds to synchronously load lazily loaded font '../../../Engine/Content/Slate/Fonts/Roboto-Light.ttf' (167K)
[2020.01.04-14.00.56:919][297]LogSlate: Took 0.000244 seconds to synchronously load lazily loaded font '../../../Engine/Content/Slate/Fonts/Roboto-Light.ttf' (167K)
[2020.01.04-14.01.01:009][297]LogWindowsTextInputMethodSystem: Display: IME system now deactivated.
[2020.01.04-14.01.01:009][297]LogWindowsTextInputMethodSystem: Display: IME system now deactivated.
[2020.01.04-14.01.06:553][297]LogSlate: Window 'Replace References?' being destroyed
[2020.01.04-14.01.06:580][297]LogSlate: Window 'Delete Assets' being destroyed
[2020.01.04-14.01.09:665][297]LogUObjectHash: Compacting FUObjectHashTables data took   8.28ms
[2020.01.04-14.01.10:464][297]LogUObjectHash: Compacting FUObjectHashTables data took   5.25ms
[2020.01.04-14.01.25:169][297]LogSlate: Window 'Save Content' being destroyed
[2020.01.04-14.01.25:286][297]Cmd: OBJ SAVEPACKAGE PACKAGE="/Game/ProjEngl/Core/Weapon/BP_DynamiteItem" FILE="../../../../../ProjEng/ProjEng/ProjEng/Content/ProjEngl/Core/Weapon/BP_DynamiteItem.uasset" SILENT=true
[2020.01.04-14.01.25:583][297]LogSavePackage: Moving '../../../../../ProjEng/ProjEng/ProjEng/Saved/BP_DynamiteItem1CF966E94DD92C9C94E21BA8B00FDDE0.tmp' to '../../../../../ProjEng/ProjEng/ProjEng/Content/ProjEngl/Core/Weapon/BP_DynamiteItem.uasset'
[2020.01.04-14.01.28:815][362]LogD3D11RHI: Error: Result failed 
 at D:\Build\++UE4\Sync\Engine\Source\Runtime\Windows\D3D11RHI\Private\D3D11Query.cpp:296 
 with error DXGI_ERROR_DEVICE_REMOVED DXGI_ERROR_DEVICE_HUNG
[2020.01.04-14.01.28:815][362]LogD3D11RHI: [Aftermath] GDynamicRHI=000001F5C1F960C0, GDX11NVAfterMathEnabled=0, Result=0xFFFFFFFF, bDeviceActive=0
[2020.01.04-14.01.29:334][362]LogWindows: Windows GetLastError: Операция успешно завершена. (0)
[2020.01.04-14.01.40:505][362]LogOutputDevice: Warning: 

Script Stack (0 frames):

[2020.01.04-14.01.40:505][362]LogWindows: Windows GetLastError: Операция успешно завершена. (0)
[2020.01.04-14.01.40:506][362]LogThreadingWindows: Error: Runnable thread RenderThread 9 crashed.
[2020.01.04-14.01.40:506][362]LogWindows: Error: === Critical error: ===
[2020.01.04-14.01.40:506][362]LogWindows: Error: 
[2020.01.04-14.01.40:506][362]LogWindows: Error: Fatal error: [File:D:\Build\++UE4\Sync\Engine\Source\Runtime\RenderCore\Private\RenderingThread.cpp] [Line: 819] 
[2020.01.04-14.01.40:506][362]LogWindows: Error: Rendering thread exception:
[2020.01.04-14.01.40:506][362]LogWindows: Error: Fatal error: [File:D:\Build\++UE4\Sync\Engine\Source\Runtime\Windows\D3D11RHI\Private\D3D11Util.cpp] [Line: 198] 
[2020.01.04-14.01.40:506][362]LogWindows: Error: Unreal Engine is exiting due to D3D device being lost. (Error: 0x887A0006 - 'HUNG')
[2020.01.04-14.01.40:506][362]LogWindows: Error: 
[2020.01.04-14.01.40:507][362]LogWindows: Error: 
[2020.01.04-14.01.40:507][362]LogWindows: Error: Unhandled Exception: 0x00008000
[2020.01.04-14.01.40:507][362]LogWindows: Error: 
[2020.01.04-14.01.40:507][362]LogWindows: Error: [Callstack] 0x00007ffb4b609149 KERNELBASE.dll!UnknownFunction []
[2020.01.04-14.01.40:507][362]LogWindows: Error: [Callstack] 0x00007ffb146e3667 UE4Editor-Core.dll!UnknownFunction []
[2020.01.04-14.01.40:507][362]LogWindows: Error: [Callstack] 0x00007ffb146e46e0 UE4Editor-Core.dll!UnknownFunction []
[2020.01.04-14.01.40:507][362]LogWindows: Error: [Callstack] 0x00007ffb144f7d1a UE4Editor-Core.dll!UnknownFunction []
[2020.01.04-14.01.40:507][362]LogWindows: Error: [Callstack] 0x00007ffb1447fe33 UE4Editor-Core.dll!UnknownFunction []
[2020.01.04-14.01.40:507][362]LogWindows: Error: [Callstack] 0x00007ffb1447fd18 UE4Editor-Core.dll!UnknownFunction []
[2020.01.04-14.01.40:507][362]LogWindows: Error: [Callstack] 0x00007ffae07a2a23 UE4Editor-D3D11RHI.dll!UnknownFunction []
[2020.01.04-14.01.40:507][362]LogWindows: Error: [Callstack] 0x00007ffae07a629e UE4Editor-D3D11RHI.dll!UnknownFunction []
[2020.01.04-14.01.40:507][362]LogWindows: Error: [Callstack] 0x00007ffae0781228 UE4Editor-D3D11RHI.dll!UnknownFunction []
[2020.01.04-14.01.40:507][362]LogWindows: Error: [Callstack] 0x00007ffae07948ad UE4Editor-D3D11RHI.dll!UnknownFunction []
[2020.01.04-14.01.40:507][362]LogWindows: Error: [Callstack] 0x00007ffb3777e8e0 UE4Editor-RHI.dll!UnknownFunction []
[2020.01.04-14.01.40:507][362]LogWindows: Error: [Callstack] 0x00007ffb3777e4c4 UE4Editor-RHI.dll!UnknownFunction []
[2020.01.04-14.01.40:507][362]LogWindows: Error: [Callstack] 0x00007ffb3777f444 UE4Editor-RHI.dll!UnknownFunction []
[2020.01.04-14.01.40:507][362]LogWindows: Error: [Callstack] 0x00007ffb37776bb4 UE4Editor-RHI.dll!UnknownFunction []
[2020.01.04-14.01.40:507][362]LogWindows: Error: [Callstack] 0x00007ffae052769b UE4Editor-SlateRHIRenderer.dll!UnknownFunction []
[2020.01.04-14.01.40:507][362]LogWindows: Error: [Callstack] 0x00007ffae052e220 UE4Editor-SlateRHIRenderer.dll!UnknownFunction []
[2020.01.04-14.01.40:507][362]LogWindows: Error: [Callstack] 0x00007ffb143022d8 UE4Editor-Core.dll!UnknownFunction []
[2020.01.04-14.01.40:507][362]LogWindows: Error: [Callstack] 0x00007ffb14302563 UE4Editor-Core.dll!UnknownFunction []
[2020.01.04-14.01.40:507][362]LogWindows: Error: [Callstack] 0x00007ffb141b59f1 UE4Editor-RenderCore.dll!UnknownFunction []
[2020.01.04-14.01.40:507][362]LogWindows: Error: [Callstack] 0x00007ffb141bc184 UE4Editor-RenderCore.dll!UnknownFunction []
[2020.01.04-14.01.40:507][362]LogWindows: Error: [Callstack] 0x00007ffb146f4b3f UE4Editor-Core.dll!UnknownFunction []
[2020.01.04-14.01.40:508][362]LogWindows: Error: [Callstack] 0x00007ffb146f08a7 UE4Editor-Core.dll!UnknownFunction []
[2020.01.04-14.01.40:508][362]LogWindows: Error: [Callstack] 0x00007ffb4c6281f4 KERNEL32.DLL!UnknownFunction []
[2020.01.04-14.01.40:508][362]LogWindows: Error: [Callstack] 0x00007ffb4ee8a251 ntdll.dll!UnknownFunction []
[2020.01.04-14.01.40:508][362]LogWindows: Error: 
[2020.01.04-14.01.40:508][362]LogWindows: Error: 
[2020.01.04-14.01.40:508][362]LogWindows: Error: 
[2020.01.04-14.01.40:508][362]LogWindows: Error: 
[2020.01.04-14.01.40:508][362]LogWindows: Error: Crash in runnable thread RenderThread 9
[2020.01.04-14.01.40:544][362]LogWindows: Error: HandleError re-entered.
[2020.01.04-14.01.40:547][362]LogExit: Executing StaticShutdownAfterError
[2020.01.04-14.01.40:548][362]LogWindows: FPlatformMisc::RequestExit(1)
[2020.01.04-14.01.40:572][362]LogWindows: FPlatformMisc::RequestExit(1)
[2020.01.04-14.01.40:621][362]Log file closed, 01/04/20 17:01:40
