Log file open, 01/04/20 22:01:52
LogWindows: Failed to load 'aqProf.dll' (GetLastError=126)
LogWindows: File 'aqProf.dll' does not exist
LogWindows: Failed to load 'VtuneApi.dll' (GetLastError=126)
LogWindows: File 'VtuneApi.dll' does not exist
LogWindows: Failed to load 'VtuneApi32e.dll' (GetLastError=126)
LogWindows: File 'VtuneApi32e.dll' does not exist
LogConsoleResponse: Display: Failed to find resolution value strings in scalability ini. Falling back to default.
LogInit: Display: Running engine for game: ProjEng
LogPakFile: Registered encryption key '00000000000000000000000000000000': 0 pak files mounted, 0 remain pending
LogPlatformFile: Not using cached read wrapper
LogTaskGraph: Started task graph with 5 named threads and 35 total threads with 3 sets of task threads.
LogStats: Stats thread started at 0.401164
LogD3D11RHI: Loaded GFSDK_Aftermath_Lib.x64.dll
LogICUInternationalization: ICU TimeZone Detection - Raw Offset: +3:00, Platform Override: ''
LogPluginManager: Mounting plugin Paper2D
LogPluginManager: Mounting plugin AISupport
LogPluginManager: Mounting plugin LightPropagationVolume
LogPluginManager: Mounting plugin ActorLayerUtilities
LogPluginManager: Mounting plugin AnimationSharing
LogPluginManager: Mounting plugin CLionSourceCodeAccess
LogPluginManager: Mounting plugin CodeLiteSourceCodeAccess
LogPluginManager: Mounting plugin GitSourceControl
LogPluginManager: Mounting plugin KDevelopSourceCodeAccess
LogPluginManager: Mounting plugin NullSourceCodeAccess
LogPluginManager: Mounting plugin PerforceSourceControl
LogPluginManager: Mounting plugin SubversionSourceControl
LogPluginManager: Mounting plugin UObjectPlugin
LogPluginManager: Mounting plugin VisualStudioCodeSourceCodeAccess
LogPluginManager: Mounting plugin VisualStudioSourceCodeAccess
LogPluginManager: Mounting plugin XCodeSourceCodeAccess
LogPluginManager: Mounting plugin AssetManagerEditor
LogPluginManager: Mounting plugin CryptoKeys
LogPluginManager: Mounting plugin DataValidation
LogPluginManager: Mounting plugin FacialAnimation
LogPluginManager: Mounting plugin GameplayTagsEditor
LogPluginManager: Mounting plugin MacGraphicsSwitching
LogPluginManager: Mounting plugin MaterialAnalyzer
LogPluginManager: Mounting plugin MobileLauncherProfileWizard
LogPluginManager: Mounting plugin PluginBrowser
LogPluginManager: Mounting plugin SpeedTreeImporter
LogPluginManager: Mounting plugin DatasmithContent
LogPluginManager: Mounting plugin VariantManagerContent
LogPluginManager: Mounting plugin AlembicImporter
LogPluginManager: Mounting plugin AppleImageUtils
LogPluginManager: Mounting plugin AppleVision
LogPluginManager: Mounting plugin BackChannel
LogPluginManager: Mounting plugin CharacterAI
LogPluginManager: Mounting plugin GeometryCache
LogPluginManager: Mounting plugin HTML5Networking
LogPluginManager: Mounting plugin ProxyLODPlugin
LogPluginManager: Mounting plugin SkeletalReduction
LogPluginManager: Mounting plugin MagicLeap
LogPluginManager: Mounting plugin MagicLeapMedia
LogPluginManager: Mounting plugin AndroidMedia
LogPluginManager: Mounting plugin AvfMedia
LogPluginManager: Mounting plugin ImgMedia
LogPluginManager: Mounting plugin LinearTimecode
LogPluginManager: Mounting plugin MediaCompositing
LogPluginManager: Mounting plugin MediaPlayerEditor
LogPluginManager: Mounting plugin WebMMedia
LogPluginManager: Mounting plugin WmfMedia
LogPluginManager: Mounting plugin TcpMessaging
LogPluginManager: Mounting plugin UdpMessaging
LogPluginManager: Mounting plugin ActorSequence
LogPluginManager: Mounting plugin LevelSequenceEditor
LogPluginManager: Mounting plugin MatineeToLevelSequence
LogPluginManager: Mounting plugin NetcodeUnitTest
LogPluginManager: Mounting plugin NUTUnrealEngine4
LogPluginManager: Mounting plugin OnlineSubsystemGooglePlay
LogPluginManager: Mounting plugin OnlineSubsystemIOS
LogPluginManager: Mounting plugin OnlineSubsystem
LogPluginManager: Mounting plugin OnlineSubsystemNull
LogPluginManager: Mounting plugin OnlineSubsystemUtils
LogPluginManager: Mounting plugin LauncherChunkInstaller
LogPluginManager: Mounting plugin AndroidDeviceProfileSelector
LogPluginManager: Mounting plugin AndroidMoviePlayer
LogPluginManager: Mounting plugin AndroidPermission
LogPluginManager: Mounting plugin ApexDestruction
LogPluginManager: Mounting plugin AppleMoviePlayer
LogPluginManager: Mounting plugin ArchVisCharacter
LogPluginManager: Mounting plugin AudioCapture
LogPluginManager: Mounting plugin CableComponent
LogPluginManager: Mounting plugin CustomMeshComponent
LogPluginManager: Mounting plugin EditableMesh
LogPluginManager: Mounting plugin ExampleDeviceProfileSelector
LogPluginManager: Mounting plugin Firebase
LogPluginManager: Mounting plugin GoogleCloudMessaging
LogPluginManager: Mounting plugin IOSDeviceProfileSelector
LogPluginManager: Mounting plugin LinuxDeviceProfileSelector
LogPluginManager: Mounting plugin LocationServicesBPLibrary
LogPluginManager: Mounting plugin MobilePatchingUtils
LogPluginManager: Mounting plugin OculusVR
LogPluginManager: Mounting plugin PhysXVehicles
LogPluginManager: Mounting plugin ProceduralMeshComponent
LogPluginManager: Mounting plugin RuntimePhysXCooking
LogPluginManager: Mounting plugin SignificanceManager
LogPluginManager: Mounting plugin SteamVR
LogPluginManager: Mounting plugin WebMMoviePlayer
LogPluginManager: Mounting plugin WindowsMoviePlayer
LogInit: Using libcurl 7.55.1-DEV
LogInit:  - built for x86_64-pc-win32
LogInit:  - supports SSL with OpenSSL/1.1.1
LogInit:  - supports HTTP deflate (compression) using libz 1.2.8
LogInit:  - other features:
LogInit:      CURL_VERSION_SSL
LogInit:      CURL_VERSION_LIBZ
LogInit:      CURL_VERSION_IPV6
LogInit:      CURL_VERSION_ASYNCHDNS
LogInit:      CURL_VERSION_LARGEFILE
LogInit:      CURL_VERSION_IDN
LogInit:  CurlRequestOptions (configurable via config and command line):
LogInit:  - bVerifyPeer = true  - Libcurl will verify peer certificate
LogInit:  - bUseHttpProxy = false  - Libcurl will NOT use HTTP proxy
LogInit:  - bDontReuseConnections = false  - Libcurl will reuse connections
LogInit:  - MaxHostConnections = 16  - Libcurl will limit the number of connections to a host
LogInit:  - LocalHostAddr = Default
LogInit:  - BufferSize = 65536
LogInit: WinSock: version 1.1 (2.2), MaxSocks=32767, MaxUdp=65467
LogInit: Build: ++UE4+Release-4.22-CL-7053642
LogInit: Engine Version: 4.22.3-7053642+++UE4+Release-4.22
LogInit: Compatible Engine Version: 4.22.0-5660361+++UE4+Release-4.22
LogInit: Net CL: 5660361
LogInit: OS: Windows 10 (Release 1809) (), CPU: Intel(R) Core(TM) i7-8750H CPU @ 2.20GHz, GPU: Intel(R) UHD Graphics 630
LogInit: Compiled (64-bit): Jun 18 2019 03:09:11
LogInit: Compiled with Visual C++: 19.16.27025.01
LogInit: Build Configuration: Development
LogInit: Branch Name: ++UE4+Release-4.22
LogInit: Command Line: 
LogInit: Base Directory: D:/Epic Games/UE_4.22/Engine/Binaries/Win64/
LogInit: Installed Engine Build: 1
LogDevObjectVersion: Number of dev versions registered: 23
LogDevObjectVersion:   Dev-Blueprints (B0D832E4-1F89-4F0D-ACCF-7EB736FD4AA2): 10
LogDevObjectVersion:   Dev-Build (E1C64328-A22C-4D53-A36C-8E866417BD8C): 0
LogDevObjectVersion:   Dev-Core (375EC13C-06E4-48FB-B500-84F0262A717E): 3
LogDevObjectVersion:   Dev-Editor (E4B068ED-F494-42E9-A231-DA0B2E46BB41): 30
LogDevObjectVersion:   Dev-Framework (CFFC743F-43B0-4480-9391-14DF171D2073): 35
LogDevObjectVersion:   Dev-Mobile (B02B49B5-BB20-44E9-A304-32B752E40360): 2
LogDevObjectVersion:   Dev-Networking (A4E4105C-59A1-49B5-A7C5-40C4547EDFEE): 0
LogDevObjectVersion:   Dev-Online (39C831C9-5AE6-47DC-9A44-9C173E1C8E7C): 0
LogDevObjectVersion:   Dev-Physics (78F01B33-EBEA-4F98-B9B4-84EACCB95AA2): 0
LogDevObjectVersion:   Dev-Platform (6631380F-2D4D-43E0-8009-CF276956A95A): 0
LogDevObjectVersion:   Dev-Rendering (12F88B9F-8875-4AFC-A67C-D90C383ABD29): 28
LogDevObjectVersion:   Dev-Sequencer (7B5AE74C-D270-4C10-A958-57980B212A5A): 11
LogDevObjectVersion:   Dev-VR (D7296918-1DD6-4BDD-9DE2-64A83CC13884): 2
LogDevObjectVersion:   Dev-LoadTimes (C2A15278-BFE7-4AFE-6C17-90FF531DF755): 1
LogDevObjectVersion:   Private-Geometry (6EACA3D4-40EC-4CC1-B786-8BED09428FC5): 3
LogDevObjectVersion:   Dev-AnimPhys (29E575DD-E0A3-4627-9D10-D276232CDCEA): 17
LogDevObjectVersion:   Dev-Anim (AF43A65D-7FD3-4947-9873-3E8ED9C1BB05): 2
LogDevObjectVersion:   Dev-ReflectionCapture (6B266CEC-1EC7-4B8F-A30B-E4D90942FC07): 1
LogDevObjectVersion:   Dev-Automation (0DF73D61-A23F-47EA-B727-89E90C41499A): 1
LogDevObjectVersion:   FortniteMain (601D1886-AC64-4F84-AA16-D3DE0DEAC7D6): 25
LogDevObjectVersion:   Dev-Enterprise (9DFFBCD6-494F-0158-E221-12823C92A888): 6
LogDevObjectVersion:   Dev-Niagara (F2AED0AC-9AFE-416F-8664-AA7FFA26D6FC): 1
LogDevObjectVersion:   Dev-Destruction (174F1F0B-B4C6-45A5-B13F-2EE8D0FB917D): 2
LogInit: Presizing for max 16777216 objects, including 0 objects not considered by GC, pre-allocating 0 bytes for permanent pool.
LogInit: Object subsystem initialized
LogConfig: Setting CVar [[con.DebugEarlyDefault:1]]
LogConfig: Setting CVar [[r.setres:1280x720]]
[2020.01.04-19.01.53:041][  0]LogConfig: Setting CVar [[r.VSync:0]]
[2020.01.04-19.01.53:041][  0]LogConfig: Setting CVar [[r.RHICmdBypass:0]]
[2020.01.04-19.01.53:041][  0]LogConfig: Applying CVar settings from Section [/Script/Engine.RendererSettings] File [D:/ProjEng/ProjEng/ProjEng/Saved/Config/Windows/Engine.ini]
[2020.01.04-19.01.53:041][  0]LogConfig: Setting CVar [[r.GPUCrashDebugging:0]]
[2020.01.04-19.01.53:041][  0]LogConfig: Applying CVar settings from Section [/Script/Engine.RendererOverrideSettings] File [D:/ProjEng/ProjEng/ProjEng/Saved/Config/Windows/Engine.ini]
[2020.01.04-19.01.53:041][  0]LogConfig: Applying CVar settings from Section [/Script/Engine.StreamingSettings] File [D:/ProjEng/ProjEng/ProjEng/Saved/Config/Windows/Engine.ini]
[2020.01.04-19.01.53:041][  0]LogConfig: Setting CVar [[s.MinBulkDataSizeForAsyncLoading:131072]]
[2020.01.04-19.01.53:041][  0]LogConfig: Setting CVar [[s.AsyncLoadingThreadEnabled:0]]
[2020.01.04-19.01.53:041][  0]LogConfig: Setting CVar [[s.EventDrivenLoaderEnabled:1]]
[2020.01.04-19.01.53:041][  0]LogConfig: Setting CVar [[s.WarnIfTimeLimitExceeded:0]]
[2020.01.04-19.01.53:042][  0]LogConfig: Setting CVar [[s.TimeLimitExceededMultiplier:1.5]]
[2020.01.04-19.01.53:042][  0]LogConfig: Setting CVar [[s.TimeLimitExceededMinTime:0.005]]
[2020.01.04-19.01.53:042][  0]LogConfig: Setting CVar [[s.UseBackgroundLevelStreaming:1]]
[2020.01.04-19.01.53:042][  0]LogConfig: Setting CVar [[s.PriorityAsyncLoadingExtraTime:15.0]]
[2020.01.04-19.01.53:042][  0]LogConfig: Setting CVar [[s.LevelStreamingActorsUpdateTimeLimit:5.0]]
[2020.01.04-19.01.53:042][  0]LogConfig: Setting CVar [[s.PriorityLevelStreamingActorsUpdateExtraTime:5.0]]
[2020.01.04-19.01.53:042][  0]LogConfig: Setting CVar [[s.LevelStreamingComponentsRegistrationGranularity:10]]
[2020.01.04-19.01.53:042][  0]LogConfig: Setting CVar [[s.UnregisterComponentsTimeLimit:1.0]]
[2020.01.04-19.01.53:042][  0]LogConfig: Setting CVar [[s.LevelStreamingComponentsUnregistrationGranularity:5]]
[2020.01.04-19.01.53:042][  0]LogConfig: Applying CVar settings from Section [/Script/Engine.GarbageCollectionSettings] File [D:/ProjEng/ProjEng/ProjEng/Saved/Config/Windows/Engine.ini]
[2020.01.04-19.01.53:042][  0]LogConfig: Setting CVar [[gc.MaxObjectsNotConsideredByGC:1]]
[2020.01.04-19.01.53:042][  0]LogConfig: Setting CVar [[gc.SizeOfPermanentObjectPool:0]]
[2020.01.04-19.01.53:042][  0]LogConfig: Setting CVar [[gc.FlushStreamingOnGC:0]]
[2020.01.04-19.01.53:042][  0]LogConfig: Setting CVar [[gc.NumRetriesBeforeForcingGC:10]]
[2020.01.04-19.01.53:042][  0]LogConfig: Setting CVar [[gc.AllowParallelGC:1]]
[2020.01.04-19.01.53:042][  0]LogConfig: Setting CVar [[gc.TimeBetweenPurgingPendingKillObjects:61.1]]
[2020.01.04-19.01.53:042][  0]LogConfig: Setting CVar [[gc.MaxObjectsInEditor:16777216]]
[2020.01.04-19.01.53:042][  0]LogConfig: Setting CVar [[gc.IncrementalBeginDestroyEnabled:1]]
[2020.01.04-19.01.53:042][  0]LogConfig: Setting CVar [[gc.CreateGCClusters:1]]
[2020.01.04-19.01.53:042][  0]LogConfig: Setting CVar [[gc.MinGCClusterSize:5]]
[2020.01.04-19.01.53:042][  0]LogConfig: Setting CVar [[gc.ActorClusteringEnabled:0]]
[2020.01.04-19.01.53:042][  0]LogConfig: Setting CVar [[gc.BlueprintClusteringEnabled:0]]
[2020.01.04-19.01.53:042][  0]LogConfig: Setting CVar [[gc.UseDisregardForGCOnDedicatedServers:0]]
[2020.01.04-19.01.53:042][  0]LogConfig: Applying CVar settings from Section [/Script/Engine.NetworkSettings] File [D:/ProjEng/ProjEng/ProjEng/Saved/Config/Windows/Engine.ini]
[2020.01.04-19.01.53:042][  0]LogConfig: Applying CVar settings from Section [/Script/UnrealEd.CookerSettings] File [D:/ProjEng/ProjEng/ProjEng/Saved/Config/Windows/Engine.ini]
[2020.01.04-19.01.53:044][  0]LogConfig: Applying CVar settings from Section [ViewDistanceQuality@3] File [D:/ProjEng/ProjEng/ProjEng/Saved/Config/Windows/Scalability.ini]
[2020.01.04-19.01.53:044][  0]LogConfig: Setting CVar [[r.SkeletalMeshLODBias:0]]
[2020.01.04-19.01.53:044][  0]LogConfig: Setting CVar [[r.ViewDistanceScale:1.0]]
[2020.01.04-19.01.53:044][  0]LogConfig: Applying CVar settings from Section [AntiAliasingQuality@3] File [D:/ProjEng/ProjEng/ProjEng/Saved/Config/Windows/Scalability.ini]
[2020.01.04-19.01.53:044][  0]LogConfig: Setting CVar [[r.PostProcessAAQuality:4]]
[2020.01.04-19.01.53:044][  0]LogConfig: Applying CVar settings from Section [ShadowQuality@3] File [D:/ProjEng/ProjEng/ProjEng/Saved/Config/Windows/Scalability.ini]
[2020.01.04-19.01.53:044][  0]LogConfig: Setting CVar [[r.LightFunctionQuality:1]]
[2020.01.04-19.01.53:044][  0]LogConfig: Setting CVar [[r.ShadowQuality:5]]
[2020.01.04-19.01.53:044][  0]LogConfig: Setting CVar [[r.Shadow.CSM.MaxCascades:10]]
[2020.01.04-19.01.53:044][  0]LogConfig: Setting CVar [[r.Shadow.MaxResolution:2048]]
[2020.01.04-19.01.53:044][  0]LogConfig: Setting CVar [[r.Shadow.MaxCSMResolution:2048]]
[2020.01.04-19.01.53:044][  0]LogConfig: Setting CVar [[r.Shadow.RadiusThreshold:0.01]]
[2020.01.04-19.01.53:044][  0]LogConfig: Setting CVar [[r.Shadow.DistanceScale:1.0]]
[2020.01.04-19.01.53:044][  0]LogConfig: Setting CVar [[r.Shadow.CSM.TransitionScale:1.0]]
[2020.01.04-19.01.53:044][  0]LogConfig: Setting CVar [[r.Shadow.PreShadowResolutionFactor:1.0]]
[2020.01.04-19.01.53:044][  0]LogConfig: Setting CVar [[r.DistanceFieldShadowing:1]]
[2020.01.04-19.01.53:044][  0]LogConfig: Setting CVar [[r.DistanceFieldAO:1]]
[2020.01.04-19.01.53:044][  0]LogConfig: Setting CVar [[r.AOQuality:2]]
[2020.01.04-19.01.53:044][  0]LogConfig: Setting CVar [[r.VolumetricFog:1]]
[2020.01.04-19.01.53:044][  0]LogConfig: Setting CVar [[r.VolumetricFog.GridPixelSize:8]]
[2020.01.04-19.01.53:044][  0]LogConfig: Setting CVar [[r.VolumetricFog.GridSizeZ:128]]
[2020.01.04-19.01.53:044][  0]LogConfig: Setting CVar [[r.VolumetricFog.HistoryMissSupersampleCount:4]]
[2020.01.04-19.01.53:044][  0]LogConfig: Setting CVar [[r.LightMaxDrawDistanceScale:1]]
[2020.01.04-19.01.53:044][  0]LogConfig: Setting CVar [[r.CapsuleShadows:1]]
[2020.01.04-19.01.53:044][  0]LogConfig: Applying CVar settings from Section [PostProcessQuality@3] File [D:/ProjEng/ProjEng/ProjEng/Saved/Config/Windows/Scalability.ini]
[2020.01.04-19.01.53:044][  0]LogConfig: Setting CVar [[r.MotionBlurQuality:4]]
[2020.01.04-19.01.53:044][  0]LogConfig: Setting CVar [[r.AmbientOcclusionMipLevelFactor:0.4]]
[2020.01.04-19.01.53:044][  0]LogConfig: Setting CVar [[r.AmbientOcclusionMaxQuality:100]]
[2020.01.04-19.01.53:044][  0]LogConfig: Setting CVar [[r.AmbientOcclusionLevels:-1]]
[2020.01.04-19.01.53:044][  0]LogConfig: Setting CVar [[r.AmbientOcclusionRadiusScale:1.0]]
[2020.01.04-19.01.53:044][  0]LogConfig: Setting CVar [[r.DepthOfFieldQuality:2]]
[2020.01.04-19.01.53:044][  0]LogConfig: Setting CVar [[r.RenderTargetPoolMin:400]]
[2020.01.04-19.01.53:044][  0]LogConfig: Setting CVar [[r.LensFlareQuality:2]]
[2020.01.04-19.01.53:044][  0]LogConfig: Setting CVar [[r.SceneColorFringeQuality:1]]
[2020.01.04-19.01.53:044][  0]LogConfig: Setting CVar [[r.EyeAdaptationQuality:2]]
[2020.01.04-19.01.53:044][  0]LogConfig: Setting CVar [[r.BloomQuality:5]]
[2020.01.04-19.01.53:044][  0]LogConfig: Setting CVar [[r.FastBlurThreshold:100]]
[2020.01.04-19.01.53:044][  0]LogConfig: Setting CVar [[r.Upscale.Quality:3]]
[2020.01.04-19.01.53:044][  0]LogConfig: Setting CVar [[r.Tonemapper.GrainQuantization:1]]
[2020.01.04-19.01.53:044][  0]LogConfig: Setting CVar [[r.LightShaftQuality:1]]
[2020.01.04-19.01.53:044][  0]LogConfig: Setting CVar [[r.Filter.SizeScale:1]]
[2020.01.04-19.01.53:044][  0]LogConfig: Setting CVar [[r.Tonemapper.Quality:5]]
[2020.01.04-19.01.53:044][  0]LogConfig: Setting CVar [[r.DOF.Gather.AccumulatorQuality:1        ; higher gathering accumulator quality]]
[2020.01.04-19.01.53:044][  0]LogConfig: Setting CVar [[r.DOF.Gather.PostfilterMethod:1          ; Median3x3 postfilering method]]
[2020.01.04-19.01.53:044][  0]LogConfig: Setting CVar [[r.DOF.Gather.EnableBokehSettings:0       ; no bokeh simulation when gathering]]
[2020.01.04-19.01.53:044][  0]LogConfig: Setting CVar [[r.DOF.Gather.RingCount:4                 ; medium number of samples when gathering]]
[2020.01.04-19.01.53:044][  0]LogConfig: Setting CVar [[r.DOF.Scatter.ForegroundCompositing:1    ; additive foreground scattering]]
[2020.01.04-19.01.53:044][  0]LogConfig: Setting CVar [[r.DOF.Scatter.BackgroundCompositing:2    ; additive background scattering]]
[2020.01.04-19.01.53:044][  0]LogConfig: Setting CVar [[r.DOF.Scatter.EnableBokehSettings:1      ; bokeh simulation when scattering]]
[2020.01.04-19.01.53:044][  0]LogConfig: Setting CVar [[r.DOF.Scatter.MaxSpriteRatio:0.1         ; only a maximum of 10% of scattered bokeh]]
[2020.01.04-19.01.53:044][  0]LogConfig: Setting CVar [[r.DOF.Recombine.Quality:1                ; cheap slight out of focus]]
[2020.01.04-19.01.53:044][  0]LogConfig: Setting CVar [[r.DOF.Recombine.EnableBokehSettings:0    ; no bokeh simulation on slight out of focus]]
[2020.01.04-19.01.53:044][  0]LogConfig: Setting CVar [[r.DOF.TemporalAAQuality:1                ; more stable temporal accumulation]]
[2020.01.04-19.01.53:045][  0]LogConfig: Setting CVar [[r.DOF.Kernel.MaxForegroundRadius:0.025]]
[2020.01.04-19.01.53:045][  0]LogConfig: Setting CVar [[r.DOF.Kernel.MaxBackgroundRadius:0.025]]
[2020.01.04-19.01.53:045][  0]LogConfig: Applying CVar settings from Section [TextureQuality@3] File [D:/ProjEng/ProjEng/ProjEng/Saved/Config/Windows/Scalability.ini]
[2020.01.04-19.01.53:045][  0]LogConfig: Setting CVar [[r.Streaming.MipBias:0]]
[2020.01.04-19.01.53:045][  0]LogConfig: Setting CVar [[r.Streaming.AmortizeCPUToGPUCopy:0]]
[2020.01.04-19.01.53:045][  0]LogConfig: Setting CVar [[r.Streaming.MaxNumTexturesToStreamPerFrame:0]]
[2020.01.04-19.01.53:045][  0]LogConfig: Setting CVar [[r.Streaming.Boost:1]]
[2020.01.04-19.01.53:045][  0]LogConfig: Setting CVar [[r.MaxAnisotropy:8]]
[2020.01.04-19.01.53:045][  0]LogConfig: Setting CVar [[r.Streaming.LimitPoolSizeToVRAM:0]]
[2020.01.04-19.01.53:045][  0]LogConfig: Setting CVar [[r.Streaming.PoolSize:1000]]
[2020.01.04-19.01.53:045][  0]LogConfig: Setting CVar [[r.Streaming.MaxEffectiveScreenSize:0]]
[2020.01.04-19.01.53:045][  0]LogConfig: Applying CVar settings from Section [EffectsQuality@3] File [D:/ProjEng/ProjEng/ProjEng/Saved/Config/Windows/Scalability.ini]
[2020.01.04-19.01.53:045][  0]LogConfig: Setting CVar [[r.TranslucencyLightingVolumeDim:64]]
[2020.01.04-19.01.53:045][  0]LogConfig: Setting CVar [[r.RefractionQuality:2]]
[2020.01.04-19.01.53:045][  0]LogConfig: Setting CVar [[r.SSR.Quality:3]]
[2020.01.04-19.01.53:045][  0]LogConfig: Setting CVar [[r.SceneColorFormat:4]]
[2020.01.04-19.01.53:045][  0]LogConfig: Setting CVar [[r.DetailMode:2]]
[2020.01.04-19.01.53:045][  0]LogConfig: Setting CVar [[r.TranslucencyVolumeBlur:1]]
[2020.01.04-19.01.53:045][  0]LogConfig: Setting CVar [[r.MaterialQualityLevel:1 ; High quality]]
[2020.01.04-19.01.53:045][  0]LogConfig: Setting CVar [[r.SSS.Scale:1]]
[2020.01.04-19.01.53:045][  0]LogConfig: Setting CVar [[r.SSS.SampleSet:2]]
[2020.01.04-19.01.53:045][  0]LogConfig: Setting CVar [[r.SSS.Quality:1]]
[2020.01.04-19.01.53:045][  0]LogConfig: Setting CVar [[r.SSS.HalfRes:1]]
[2020.01.04-19.01.53:045][  0]LogConfig: Setting CVar [[r.EmitterSpawnRateScale:1.0]]
[2020.01.04-19.01.53:045][  0]LogConfig: Setting CVar [[r.ParticleLightQuality:2]]
[2020.01.04-19.01.53:045][  0]LogConfig: Applying CVar settings from Section [FoliageQuality@3] File [D:/ProjEng/ProjEng/ProjEng/Saved/Config/Windows/Scalability.ini]
[2020.01.04-19.01.53:045][  0]LogConfig: Setting CVar [[foliage.DensityScale:1.0]]
[2020.01.04-19.01.53:045][  0]LogConfig: Setting CVar [[grass.DensityScale:1.0]]
[2020.01.04-19.01.53:045][  0]LogInit: Selected Device Profile: [Windows]
[2020.01.04-19.01.53:045][  0]LogInit: Applying CVar settings loaded from the selected device profile: [Windows]
[2020.01.04-19.01.53:057][  0]LogHAL: Display: Platform has ~ 8 GB [8442679296 / 8589934592 / 8], which maps to Default [LargestMinGB=32, LargerMinGB=12, DefaultMinGB=8, SmallerMinGB=6, SmallestMinGB=0)
[2020.01.04-19.01.53:057][  0]LogConfig: Setting CVar [[r.Vulkan.UseRealUBs:0		; Required until we fix HLR fall-out]]
[2020.01.04-19.01.53:057][  0]LogInit: Going up to parent DeviceProfile []
[2020.01.04-19.01.53:057][  0]LogConfig: Applying CVar settings from Section [ViewDistanceQuality@0] File [D:/ProjEng/ProjEng/ProjEng/Saved/Config/Windows/Scalability.ini]
[2020.01.04-19.01.53:057][  0]LogConfig: Setting CVar [[r.SkeletalMeshLODBias:2]]
[2020.01.04-19.01.53:057][  0]LogConfig: Setting CVar [[r.ViewDistanceScale:0.4]]
[2020.01.04-19.01.53:057][  0]LogConfig: Applying CVar settings from Section [AntiAliasingQuality@0] File [D:/ProjEng/ProjEng/ProjEng/Saved/Config/Windows/Scalability.ini]
[2020.01.04-19.01.53:057][  0]LogConfig: Setting CVar [[r.PostProcessAAQuality:0]]
[2020.01.04-19.01.53:057][  0]LogConfig: Applying CVar settings from Section [ShadowQuality@2] File [D:/ProjEng/ProjEng/ProjEng/Saved/Config/Windows/Scalability.ini]
[2020.01.04-19.01.53:057][  0]LogConfig: Setting CVar [[r.LightFunctionQuality:1]]
[2020.01.04-19.01.53:057][  0]LogConfig: Setting CVar [[r.ShadowQuality:5]]
[2020.01.04-19.01.53:057][  0]LogConfig: Setting CVar [[r.Shadow.CSM.MaxCascades:4]]
[2020.01.04-19.01.53:057][  0]LogConfig: Setting CVar [[r.Shadow.MaxResolution:1024]]
[2020.01.04-19.01.53:057][  0]LogConfig: Setting CVar [[r.Shadow.MaxCSMResolution:2048]]
[2020.01.04-19.01.53:057][  0]LogConfig: Setting CVar [[r.Shadow.RadiusThreshold:0.04]]
[2020.01.04-19.01.53:057][  0]LogConfig: Setting CVar [[r.Shadow.DistanceScale:0.85]]
[2020.01.04-19.01.53:057][  0]LogConfig: Setting CVar [[r.Shadow.CSM.TransitionScale:0.8]]
[2020.01.04-19.01.53:057][  0]LogConfig: Setting CVar [[r.Shadow.PreShadowResolutionFactor:0.5]]
[2020.01.04-19.01.53:057][  0]LogConfig: Setting CVar [[r.DistanceFieldShadowing:1]]
[2020.01.04-19.01.53:057][  0]LogConfig: Setting CVar [[r.DistanceFieldAO:1]]
[2020.01.04-19.01.53:057][  0]LogConfig: Setting CVar [[r.AOQuality:1]]
[2020.01.04-19.01.53:057][  0]LogConfig: Setting CVar [[r.VolumetricFog:1]]
[2020.01.04-19.01.53:058][  0]LogConfig: Setting CVar [[r.VolumetricFog.GridPixelSize:16]]
[2020.01.04-19.01.53:058][  0]LogConfig: Setting CVar [[r.VolumetricFog.GridSizeZ:64]]
[2020.01.04-19.01.53:058][  0]LogConfig: Setting CVar [[r.VolumetricFog.HistoryMissSupersampleCount:4]]
[2020.01.04-19.01.53:058][  0]LogConfig: Setting CVar [[r.LightMaxDrawDistanceScale:1]]
[2020.01.04-19.01.53:058][  0]LogConfig: Setting CVar [[r.CapsuleShadows:1]]
[2020.01.04-19.01.53:058][  0]LogConfig: Applying CVar settings from Section [PostProcessQuality@0] File [D:/ProjEng/ProjEng/ProjEng/Saved/Config/Windows/Scalability.ini]
[2020.01.04-19.01.53:058][  0]LogConfig: Setting CVar [[r.MotionBlurQuality:0]]
[2020.01.04-19.01.53:058][  0]LogConfig: Setting CVar [[r.AmbientOcclusionMipLevelFactor:1.0]]
[2020.01.04-19.01.53:058][  0]LogConfig: Setting CVar [[r.AmbientOcclusionMaxQuality:0]]
[2020.01.04-19.01.53:058][  0]LogConfig: Setting CVar [[r.AmbientOcclusionLevels:0]]
[2020.01.04-19.01.53:058][  0]LogConfig: Setting CVar [[r.AmbientOcclusionRadiusScale:1.2]]
[2020.01.04-19.01.53:058][  0]LogConfig: Setting CVar [[r.DepthOfFieldQuality:0]]
[2020.01.04-19.01.53:058][  0]LogConfig: Setting CVar [[r.RenderTargetPoolMin:300]]
[2020.01.04-19.01.53:058][  0]LogConfig: Setting CVar [[r.LensFlareQuality:0]]
[2020.01.04-19.01.53:058][  0]LogConfig: Setting CVar [[r.SceneColorFringeQuality:0]]
[2020.01.04-19.01.53:058][  0]LogConfig: Setting CVar [[r.EyeAdaptationQuality:0]]
[2020.01.04-19.01.53:058][  0]LogConfig: Setting CVar [[r.BloomQuality:4]]
[2020.01.04-19.01.53:058][  0]LogConfig: Setting CVar [[r.FastBlurThreshold:0]]
[2020.01.04-19.01.53:058][  0]LogConfig: Setting CVar [[r.Upscale.Quality:1]]
[2020.01.04-19.01.53:058][  0]LogConfig: Setting CVar [[r.Tonemapper.GrainQuantization:0]]
[2020.01.04-19.01.53:058][  0]LogConfig: Setting CVar [[r.LightShaftQuality:0]]
[2020.01.04-19.01.53:058][  0]LogConfig: Setting CVar [[r.Filter.SizeScale:0.6]]
[2020.01.04-19.01.53:058][  0]LogConfig: Setting CVar [[r.Tonemapper.Quality:0]]
[2020.01.04-19.01.53:058][  0]LogConfig: Applying CVar settings from Section [TextureQuality@0] File [D:/ProjEng/ProjEng/ProjEng/Saved/Config/Windows/Scalability.ini]
[2020.01.04-19.01.53:058][  0]LogConfig: Setting CVar [[r.Streaming.MipBias:16]]
[2020.01.04-19.01.53:058][  0]LogConfig: Setting CVar [[r.Streaming.AmortizeCPUToGPUCopy:1]]
[2020.01.04-19.01.53:058][  0]LogConfig: Setting CVar [[r.Streaming.MaxNumTexturesToStreamPerFrame:1]]
[2020.01.04-19.01.53:058][  0]LogConfig: Setting CVar [[r.Streaming.Boost:0.3]]
[2020.01.04-19.01.53:058][  0]LogConfig: Setting CVar [[r.MaxAnisotropy:0]]
[2020.01.04-19.01.53:058][  0]LogConfig: Setting CVar [[r.Streaming.LimitPoolSizeToVRAM:1]]
[2020.01.04-19.01.53:058][  0]LogConfig: Setting CVar [[r.Streaming.PoolSize:400]]
[2020.01.04-19.01.53:058][  0]LogConfig: Setting CVar [[r.Streaming.MaxEffectiveScreenSize:0]]
[2020.01.04-19.01.53:058][  0]LogConfig: Applying CVar settings from Section [EffectsQuality@0] File [D:/ProjEng/ProjEng/ProjEng/Saved/Config/Windows/Scalability.ini]
[2020.01.04-19.01.53:058][  0]LogConfig: Setting CVar [[r.TranslucencyLightingVolumeDim:24]]
[2020.01.04-19.01.53:058][  0]LogConfig: Setting CVar [[r.RefractionQuality:0]]
[2020.01.04-19.01.53:058][  0]LogConfig: Setting CVar [[r.SSR.Quality:0]]
[2020.01.04-19.01.53:058][  0]LogConfig: Setting CVar [[r.SceneColorFormat:3]]
[2020.01.04-19.01.53:058][  0]LogConfig: Setting CVar [[r.DetailMode:0]]
[2020.01.04-19.01.53:058][  0]LogConfig: Setting CVar [[r.TranslucencyVolumeBlur:0]]
[2020.01.04-19.01.53:058][  0]LogConfig: Setting CVar [[r.MaterialQualityLevel:0 ; Low quality]]
[2020.01.04-19.01.53:058][  0]LogConfig: Setting CVar [[r.SSS.Scale:0]]
[2020.01.04-19.01.53:058][  0]LogConfig: Setting CVar [[r.SSS.SampleSet:0]]
[2020.01.04-19.01.53:058][  0]LogConfig: Setting CVar [[r.SSS.Quality:0]]
[2020.01.04-19.01.53:058][  0]LogConfig: Setting CVar [[r.SSS.HalfRes:1]]
[2020.01.04-19.01.53:058][  0]LogConfig: Setting CVar [[r.EmitterSpawnRateScale:0.125]]
[2020.01.04-19.01.53:058][  0]LogConfig: Setting CVar [[r.ParticleLightQuality:0]]
[2020.01.04-19.01.53:058][  0]LogConfig: Applying CVar settings from Section [FoliageQuality@0] File [D:/ProjEng/ProjEng/ProjEng/Saved/Config/Windows/Scalability.ini]
[2020.01.04-19.01.53:058][  0]LogConfig: Setting CVar [[foliage.DensityScale:0]]
[2020.01.04-19.01.53:058][  0]LogConfig: Setting CVar [[grass.DensityScale:0]]
[2020.01.04-19.01.53:058][  0]LogConfig: Applying CVar settings from Section [Startup] File [../../../Engine/Config/ConsoleVariables.ini]
[2020.01.04-19.01.53:058][  0]LogConfig: Setting CVar [[net.UseAdaptiveNetUpdateFrequency:0]]
[2020.01.04-19.01.53:058][  0]LogConfig: Setting CVar [[p.chaos.AllowCreatePhysxBodies:1]]
[2020.01.04-19.01.53:058][  0]LogConfig: Applying CVar settings from Section [ConsoleVariables] File [D:/ProjEng/ProjEng/ProjEng/Saved/Config/Windows/Engine.ini]
[2020.01.04-19.01.53:058][  0]LogInit: Computer: DESKTOP-DOUR8LP
[2020.01.04-19.01.53:058][  0]LogInit: User: neret
[2020.01.04-19.01.53:058][  0]LogInit: CPU Page size=4096, Cores=6
[2020.01.04-19.01.53:058][  0]LogInit: High frequency timer resolution =10.000000 MHz
[2020.01.04-19.01.53:059][  0]LogMemory: Memory total: Physical=7.9GB (8GB approx)
[2020.01.04-19.01.53:059][  0]LogMemory: Platform Memory Stats for Windows
[2020.01.04-19.01.53:059][  0]LogMemory: Process Physical Memory: 99.42 MB used, 99.43 MB peak
[2020.01.04-19.01.53:059][  0]LogMemory: Process Virtual Memory: 103.39 MB used, 103.39 MB peak
[2020.01.04-19.01.53:059][  0]LogMemory: Physical Memory: 5607.68 MB used,  2443.88 MB free, 8051.57 MB total
[2020.01.04-19.01.53:059][  0]LogMemory: Virtual Memory: 4688.35 MB used,  134213040.00 MB free, 134217728.00 MB total
[2020.01.04-19.01.53:073][  0]LogInit: Using OS detected language (ru-RU).
[2020.01.04-19.01.53:073][  0]LogInit: Using OS detected locale (ru-RU).
[2020.01.04-19.01.53:074][  0]LogTextLocalizationManager: No specific localization for 'ru-RU' exists, so the 'ru' localization will be used.
[2020.01.04-19.01.53:074][  0]LogTextLocalizationResource: LocRes '../../../Engine/Content/Localization/Editor/ru/Editor.locres' could not be opened for reading!
[2020.01.04-19.01.53:074][  0]LogTextLocalizationResource: LocRes '../../../Engine/Content/Localization/EditorTutorials/ru/EditorTutorials.locres' could not be opened for reading!
[2020.01.04-19.01.53:074][  0]LogTextLocalizationResource: LocRes '../../../Engine/Content/Localization/Keywords/ru/Keywords.locres' could not be opened for reading!
[2020.01.04-19.01.53:074][  0]LogTextLocalizationResource: LocRes '../../../Engine/Content/Localization/Category/ru/Category.locres' could not be opened for reading!
[2020.01.04-19.01.53:074][  0]LogTextLocalizationResource: LocRes '../../../Engine/Content/Localization/ToolTips/ru/ToolTips.locres' could not be opened for reading!
[2020.01.04-19.01.53:074][  0]LogTextLocalizationResource: LocRes '../../../Engine/Content/Localization/PropertyNames/ru/PropertyNames.locres' could not be opened for reading!
[2020.01.04-19.01.53:075][  0]LogTextLocalizationResource: LocRes '../../../Engine/Content/Localization/Engine/ru/Engine.locres' could not be opened for reading!
[2020.01.04-19.01.53:075][  0]LogInit: Setting process to per monitor DPI aware
[2020.01.04-19.01.53:106][  0]LogSlate: New Slate User Created.  User Index 0, Is Virtual User: 0
[2020.01.04-19.01.53:106][  0]LogSlate: Slate User Registered.  User Index 0, Is Virtual User: 0
[2020.01.04-19.01.53:258][  0]LogHMD: Failed to initialize OpenVR with code 110
[2020.01.04-19.01.53:258][  0]LogD3D11RHI: D3D11 adapters:
[2020.01.04-19.01.53:331][  0]LogD3D11RHI:    0. 'NVIDIA GeForce GTX 1050 Ti' (Feature Level 11_0)
[2020.01.04-19.01.53:331][  0]LogD3D11RHI:       4018/0/4025 MB DedicatedVideo/DedicatedSystem/SharedSystem, Outputs:1, VendorId:0x10de
[2020.01.04-19.01.53:394][  0]LogD3D11RHI:    1. 'Intel(R) UHD Graphics 630' (Feature Level 11_0)
[2020.01.04-19.01.53:394][  0]LogD3D11RHI:       128/0/4025 MB DedicatedVideo/DedicatedSystem/SharedSystem, Outputs:0, VendorId:0x8086
[2020.01.04-19.01.53:396][  0]LogD3D11RHI:    2. 'Microsoft Basic Render Driver' (Feature Level 11_0)
[2020.01.04-19.01.53:396][  0]LogD3D11RHI:       0/0/4025 MB DedicatedVideo/DedicatedSystem/SharedSystem, Outputs:0, VendorId:0x1414
[2020.01.04-19.01.53:396][  0]LogD3D11RHI: Chosen D3D11 Adapter: 0
[2020.01.04-19.01.53:419][  0]LogD3D11RHI: Creating new Direct3DDevice
[2020.01.04-19.01.53:419][  0]LogD3D11RHI:     GPU DeviceId: 0x1c8c (for the marketing name, search the web for "GPU Device Id")
[2020.01.04-19.01.53:419][  0]LogWindows: EnumDisplayDevices:
[2020.01.04-19.01.53:419][  0]LogWindows:    0. 'Intel(R) UHD Graphics 630' (P:1 D:1)
[2020.01.04-19.01.53:419][  0]LogWindows:    1. 'Intel(R) UHD Graphics 630' (P:0 D:0)
[2020.01.04-19.01.53:419][  0]LogWindows:    2. 'Intel(R) UHD Graphics 630' (P:0 D:0)
[2020.01.04-19.01.53:420][  0]LogWindows:    3. 'NVIDIA GeForce GTX 1050 Ti' (P:0 D:0)
[2020.01.04-19.01.53:420][  0]LogWindows: DebugString: PrimaryIsNotTheChoosenAdapter PrimaryIsNotTheChoosenAdapter PrimaryIsNotTheChoosenAdapter 
[2020.01.04-19.01.53:420][  0]LogD3D11RHI:     Adapter Name: NVIDIA GeForce GTX 1050 Ti
[2020.01.04-19.01.53:420][  0]LogD3D11RHI:   Driver Version: 441.20 (internal:26.21.14.4120, unified:441.20)
[2020.01.04-19.01.53:420][  0]LogD3D11RHI:      Driver Date: 11-6-2019
[2020.01.04-19.01.53:420][  0]LogRHI: Texture pool is 2812 MB (70% of 4018 MB)
[2020.01.04-19.01.53:462][  0]LogD3D11RHI: Async texture creation enabled
[2020.01.04-19.01.53:473][  0]LogRendererCore: FGlobalReadBuffer::InitRHI
[2020.01.04-19.01.53:473][  0]LogRendererCore: FGlobalReadBuffer::InitRHI
[2020.01.04-19.01.53:473][  0]LogRendererCore: FGlobalReadBuffer::InitRHI
[2020.01.04-19.01.53:481][  0]LogD3D11RHI: GPU Timing Frequency: 1000.000000 (Debug: 2 1)
[2020.01.04-19.01.53:743][  0]LogTemp: Display: Module 'AllDesktopTargetPlatform' loaded TargetPlatform 'AllDesktop'
[2020.01.04-19.01.53:754][  0]LogTemp: Display: Module 'MacClientTargetPlatform' loaded TargetPlatform 'MacClient'
[2020.01.04-19.01.53:764][  0]LogTemp: Display: Module 'MacNoEditorTargetPlatform' loaded TargetPlatform 'MacNoEditor'
[2020.01.04-19.01.53:775][  0]LogTemp: Display: Module 'MacServerTargetPlatform' loaded TargetPlatform 'MacServer'
[2020.01.04-19.01.53:786][  0]LogTemp: Display: Module 'MacTargetPlatform' loaded TargetPlatform 'Mac'
[2020.01.04-19.01.53:797][  0]LogTemp: Display: Module 'WindowsClientTargetPlatform' loaded TargetPlatform 'WindowsClient'
[2020.01.04-19.01.53:808][  0]LogTemp: Display: Module 'WindowsNoEditorTargetPlatform' loaded TargetPlatform 'WindowsNoEditor'
[2020.01.04-19.01.53:823][  0]LogTemp: Display: Module 'WindowsServerTargetPlatform' loaded TargetPlatform 'WindowsServer'
[2020.01.04-19.01.53:828][  0]LogTemp: Display: Module 'WindowsTargetPlatform' loaded TargetPlatform 'Windows'
[2020.01.04-19.01.53:893][  0]LogTemp: Display: Module 'AndroidTargetPlatform' loaded TargetPlatform 'Android'
[2020.01.04-19.01.53:893][  0]LogTemp: Display: Module 'AndroidTargetPlatform' loaded TargetPlatform 'Android_ASTC'
[2020.01.04-19.01.53:893][  0]LogTemp: Display: Module 'AndroidTargetPlatform' loaded TargetPlatform 'Android_ATC'
[2020.01.04-19.01.53:893][  0]LogTemp: Display: Module 'AndroidTargetPlatform' loaded TargetPlatform 'Android_DXT'
[2020.01.04-19.01.53:893][  0]LogTemp: Display: Module 'AndroidTargetPlatform' loaded TargetPlatform 'Android_ETC1'
[2020.01.04-19.01.53:893][  0]LogTemp: Display: Module 'AndroidTargetPlatform' loaded TargetPlatform 'Android_ETC1a'
[2020.01.04-19.01.53:893][  0]LogTemp: Display: Module 'AndroidTargetPlatform' loaded TargetPlatform 'Android_ETC2'
[2020.01.04-19.01.53:893][  0]LogTemp: Display: Module 'AndroidTargetPlatform' loaded TargetPlatform 'Android_PVRTC'
[2020.01.04-19.01.53:893][  0]LogTemp: Display: Module 'AndroidTargetPlatform' loaded TargetPlatform 'AndroidClient'
[2020.01.04-19.01.53:893][  0]LogTemp: Display: Module 'AndroidTargetPlatform' loaded TargetPlatform 'Android_ASTCClient'
[2020.01.04-19.01.53:893][  0]LogTemp: Display: Module 'AndroidTargetPlatform' loaded TargetPlatform 'Android_ATCClient'
[2020.01.04-19.01.53:893][  0]LogTemp: Display: Module 'AndroidTargetPlatform' loaded TargetPlatform 'Android_DXTClient'
[2020.01.04-19.01.53:893][  0]LogTemp: Display: Module 'AndroidTargetPlatform' loaded TargetPlatform 'Android_ETC1Client'
[2020.01.04-19.01.53:893][  0]LogTemp: Display: Module 'AndroidTargetPlatform' loaded TargetPlatform 'Android_ETC1aClient'
[2020.01.04-19.01.53:893][  0]LogTemp: Display: Module 'AndroidTargetPlatform' loaded TargetPlatform 'Android_ETC2Client'
[2020.01.04-19.01.53:893][  0]LogTemp: Display: Module 'AndroidTargetPlatform' loaded TargetPlatform 'Android_PVRTCClient'
[2020.01.04-19.01.53:893][  0]LogTemp: Display: Module 'AndroidTargetPlatform' loaded TargetPlatform 'Android_Multi'
[2020.01.04-19.01.53:893][  0]LogTemp: Display: Module 'AndroidTargetPlatform' loaded TargetPlatform 'Android_MultiClient'
[2020.01.04-19.01.53:894][  0]LogTemp: Display: Module 'HTML5TargetPlatform' loaded TargetPlatform 'HTML5'
[2020.01.04-19.01.53:938][  0]LogTemp: Display: Module 'IOSTargetPlatform' loaded TargetPlatform 'IOSClient'
[2020.01.04-19.01.53:938][  0]LogTemp: Display: Module 'IOSTargetPlatform' loaded TargetPlatform 'IOS'
[2020.01.04-19.01.53:957][  0]LogTemp: Display: Module 'TVOSTargetPlatform' loaded TargetPlatform 'TVOSClient'
[2020.01.04-19.01.53:957][  0]LogTemp: Display: Module 'TVOSTargetPlatform' loaded TargetPlatform 'TVOS'
[2020.01.04-19.01.53:967][  0]LogTemp: Display: Module 'LinuxClientTargetPlatform' loaded TargetPlatform 'LinuxClient'
[2020.01.04-19.01.53:977][  0]LogTemp: Display: Module 'LinuxNoEditorTargetPlatform' loaded TargetPlatform 'LinuxNoEditor'
[2020.01.04-19.01.53:988][  0]LogTemp: Display: Module 'LinuxServerTargetPlatform' loaded TargetPlatform 'LinuxServer'
[2020.01.04-19.01.54:001][  0]LogTemp: Display: Module 'LinuxTargetPlatform' loaded TargetPlatform 'Linux'
[2020.01.04-19.01.54:038][  0]LogTemp: Display: Module 'LuminTargetPlatform' loaded TargetPlatform 'Lumin'
[2020.01.04-19.01.54:038][  0]LogTemp: Display: Module 'LuminTargetPlatform' loaded TargetPlatform 'LuminClient'
[2020.01.04-19.01.54:038][  0]LogTargetPlatformManager: Display: Building Assets For Windows
[2020.01.04-19.01.54:043][  0]LogAudioDebug: Display: Lib vorbis DLL was dynamically loaded.
[2020.01.04-19.01.54:074][  0]LogShaderCompilers: Guid format shader working directory is 8 characters bigger than the processId version (../../../../../ProjEng/ProjEng/ProjEng/Intermediate/Shaders/WorkingDirectory/6916/).
[2020.01.04-19.01.54:074][  0]LogShaderCompilers: Cleaned the shader compiler working directory 'C:/Users/neret/AppData/Local/Temp/UnrealShaderWorkingDir/B1C24E7B4EFF4415371B03829E20FE49/'.
[2020.01.04-19.01.54:075][  0]LogXGEController: Cleaning working directory: C:/Users/neret/AppData/Local/Temp/UnrealXGEWorkingDir/
[2020.01.04-19.01.54:075][  0]LogXGEController: Cannot use XGE Controller as Incredibuild is not installed on this machine.
[2020.01.04-19.01.54:075][  0]LogShaderCompilers: Cannot use XGE Shader Compiler as Incredibuild is not installed on this machine.
[2020.01.04-19.01.54:075][  0]LogShaderCompilers: Display: Using Local Shader Compiler.
[2020.01.04-19.01.54:541][  0]LogDerivedDataCache: Display: Max Cache Size: 512 MB
[2020.01.04-19.01.54:601][  0]LogDerivedDataCache: Loaded boot cache 0.06s 71MB C:/Users/neret/AppData/Local/UnrealEngine/4.22/DerivedDataCache/Boot.ddc.
[2020.01.04-19.01.54:601][  0]LogDerivedDataCache: Display: Loaded Boot cache: C:/Users/neret/AppData/Local/UnrealEngine/4.22/DerivedDataCache/Boot.ddc
[2020.01.04-19.01.54:602][  0]LogDerivedDataCache: FDerivedDataBackendGraph:  Pak pak cache file ../../../../../ProjEng/ProjEng/ProjEng/DerivedDataCache/DDC.ddp not found, will not use a pak cache.
[2020.01.04-19.01.54:602][  0]LogDerivedDataCache: Unable to find inner node Pak for hierarchical cache Hierarchy.
[2020.01.04-19.01.54:602][  0]LogDerivedDataCache: FDerivedDataBackendGraph:  CompressedPak pak cache file ../../../../../ProjEng/ProjEng/ProjEng/DerivedDataCache/Compressed.ddp not found, will not use a pak cache.
[2020.01.04-19.01.54:602][  0]LogDerivedDataCache: Unable to find inner node CompressedPak for hierarchical cache Hierarchy.
[2020.01.04-19.01.54:613][  0]LogDerivedDataCache: Display: Pak cache opened for reading ../../../Engine/DerivedDataCache/Compressed.ddp.
[2020.01.04-19.01.54:613][  0]LogDerivedDataCache: FDerivedDataBackendGraph:  EnterprisePak pak cache file ../../../Enterprise/DerivedDataCache/Compressed.ddp not found, will not use a pak cache.
[2020.01.04-19.01.54:613][  0]LogDerivedDataCache: Unable to find inner node EnterprisePak for hierarchical cache Hierarchy.
[2020.01.04-19.01.54:625][  0]LogDerivedDataCache: Using Local data cache path C:/Users/neret/AppData/Local/UnrealEngine/Common/DerivedDataCache: Writable
[2020.01.04-19.01.54:625][  0]LogDerivedDataCache: Shared data cache path not found in *engine.ini, will not use an Shared cache.
[2020.01.04-19.01.54:625][  0]LogDerivedDataCache: Unable to find inner node Shared for hierarchical cache Hierarchy.
[2020.01.04-19.01.54:644][  0]LogMaterial: Verifying Global Shaders for PCD3D_SM5
[2020.01.04-19.01.54:645][  0]LogSlate: Using FreeType 2.6.0
[2020.01.04-19.01.54:645][  0]LogSlate: SlateFontServices - WITH_FREETYPE: 1, WITH_HARFBUZZ: 1
[2020.01.04-19.01.54:717][  0]LogAssetRegistry: FAssetRegistry took 0.0313 seconds to start up
[2020.01.04-19.01.54:973][  0]LogInit: Selected Device Profile: [Windows]
[2020.01.04-19.01.55:075][  0]LogMeshReduction: Using QuadricMeshReduction for automatic static mesh reduction
[2020.01.04-19.01.55:075][  0]LogMeshReduction: Using SimplygonMeshReduction for automatic skeletal mesh reduction
[2020.01.04-19.01.55:075][  0]LogMeshReduction: Using ProxyLODMeshReduction for automatic mesh merging
[2020.01.04-19.01.55:075][  0]LogMeshReduction: No distributed automatic mesh merging module available
[2020.01.04-19.01.55:075][  0]LogMeshMerging: No distributed automatic mesh merging module available
[2020.01.04-19.01.55:088][  0]LogNetVersion: ProjEng 1.0.0, NetCL: 5660361, EngineNetVer: 10, GameNetVer: 0 (Checksum: 3386159734)
[2020.01.04-19.01.55:405][  0]LogPackageLocalizationCache: Processed 10 localized package path(s) for 1 prioritized culture(s) in 0.028110 seconds
[2020.01.04-19.01.55:410][  0]LogUObjectArray: 42205 objects as part of root set at end of initial load.
[2020.01.04-19.01.55:410][  0]LogUObjectAllocator: 7325032 out of 0 bytes used by permanent object pool.
[2020.01.04-19.01.55:410][  0]LogUObjectArray: CloseDisregardForGC: 0/0 objects in disregard for GC pool
[2020.01.04-19.01.56:047][  0]LogTcpMessaging: Initializing TcpMessaging bridge
[2020.01.04-19.01.56:061][  0]LogUdpMessaging: Initializing bridge on interface 0.0.0.0:0 to multicast group 230.0.0.1:6666.
[2020.01.04-19.01.56:170][  0]SourceControl: Source control is disabled
[2020.01.04-19.01.56:170][  0]SourceControl: Source control is disabled
[2020.01.04-19.01.56:171][  0]SourceControl: Source control is disabled
[2020.01.04-19.01.56:172][  0]SourceControl: Source control is disabled
[2020.01.04-19.01.56:221][  0]LogAndroidPermission: UAndroidPermissionCallbackProxy::GetInstance
[2020.01.04-19.01.56:344][  0]LogOcInput: OculusInput pre-init called
[2020.01.04-19.01.56:912][  0]LogEngine: Initializing Engine...
[2020.01.04-19.01.56:912][  0]LogHMD: Failed to initialize OpenVR with code 110
[2020.01.04-19.01.56:913][  0]LogStats: UGameplayTagsManager::InitializeManager -  0.000 s
[2020.01.04-19.01.57:102][  0]LogInit: Initializing FReadOnlyCVARCache
[2020.01.04-19.01.57:111][  0]LogAIModule: Creating AISystem for world Untitled
[2020.01.04-19.01.57:156][  0]LogInit: XAudio2 using 'Наушники (JBL TUNE110BT Stereo)' : 2 channels at 44.1 kHz using 16 bits per sample (channel mask 0x3)
[2020.01.04-19.01.57:171][  0]LogInit: FAudioDevice initialized.
[2020.01.04-19.01.57:171][  0]LogNetVersion: Set ProjectVersion to 1.0.0.0. Version Checksum will be recalculated on next use.
[2020.01.04-19.01.57:257][  0]LogDerivedDataCache: Saved boot cache 0.09s 71MB C:/Users/neret/AppData/Local/UnrealEngine/4.22/DerivedDataCache/Boot.ddc.
[2020.01.04-19.01.57:260][  0]LogInit: Texture streaming: Enabled
[2020.01.04-19.01.57:275][  0]LogEngineSessionManager: EngineSessionManager initialized
[2020.01.04-19.01.57:275][  0]LogEngineSessionManager: EngineSessionManager sent abnormal shutdown report. Type=Crashed, SessionId={A646E657-44DA-B00A-D8B2-658CD9883411}
[2020.01.04-19.01.57:295][  0]LogInit: Transaction tracking system initialized
[2020.01.04-19.01.57:308][  0]BlueprintLog: New page: Editor Load
[2020.01.04-19.01.57:370][  0]LocalizationService: Localization service is disabled
[2020.01.04-19.01.57:603][  0]LogFileCache: Scanning file cache for directory 'D:/ProjEng/ProjEng/ProjEng/Content/' took 0.02s
[2020.01.04-19.01.57:603][  0]LogCook: Display: Max memory allowance for cook 16384mb min free memory 0mb
[2020.01.04-19.01.57:603][  0]LogCook: Display: Mobile HDR setting 1
[2020.01.04-19.01.57:734][  0]SourceControl: Source control is disabled
[2020.01.04-19.01.57:734][  0]Cmd: MAP LOAD FILE="../../../../../ProjEng/ProjEng/ProjEng/Content/ProjEngl/Maps/TopDownExampleMap.umap" TEMPLATE=0 SHOWPROGRESS=1 FEATURELEVEL=3
[2020.01.04-19.01.57:735][  0]LightingResults: New page: Lighting Build
[2020.01.04-19.01.57:736][  0]MapCheck: New page: Map Check
[2020.01.04-19.01.57:736][  0]LightingResults: New page: Lighting Build
[2020.01.04-19.01.57:762][  0]LogUObjectHash: Compacting FUObjectHashTables data took   1.34ms
[2020.01.04-19.01.58:282][  0]LogLinker: Warning: Asset '../../../../../ProjEng/ProjEng/ProjEng/Content/Materials/MF_ExtractDepth.uasset' has been saved with empty engine version. The asset will be loaded but may be incompatible.
[2020.01.04-19.01.58:283][  0]LogLinker: Warning: Asset '../../../../../ProjEng/ProjEng/ProjEng/Content/Materials/MF_SampleSceneTextureNeighbourUVs.uasset' has been saved with empty engine version. The asset will be loaded but may be incompatible.
[2020.01.04-19.01.58:595][  0]LogAIModule: Creating AISystem for world TopDownExampleMap
[2020.01.04-19.01.58:618][  0]LogEditorServer: Finished looking for orphan Actors (0.000 secs)
[2020.01.04-19.01.58:652][  0]LogUObjectHash: Compacting FUObjectHashTables data took   2.46ms
[2020.01.04-19.01.58:652][  0]Cmd: MAP CHECKDEP NOCLEARLOG
[2020.01.04-19.01.58:653][  0]MapCheck: Map check complete: 0 Error(s), 0 Warning(s), took 0,092ms to complete.
[2020.01.04-19.01.58:653][  0]LogFileHelpers: Loading map 'TopDownExampleMap' took 0.918
[2020.01.04-19.01.58:771][  0]LogSlate: Updating window title bar state: overlay mode, drag disabled, window buttons hidden, title bar hidden
[2020.01.04-19.01.58:778][  0]LogSlate: Updating window title bar state: overlay mode, drag disabled, window buttons hidden, title bar hidden
[2020.01.04-19.01.58:785][  0]LogSlate: Updating window title bar state: overlay mode, drag disabled, window buttons hidden, title bar hidden
[2020.01.04-19.01.58:791][  0]LogSlate: Updating window title bar state: overlay mode, drag disabled, window buttons hidden, title bar hidden
[2020.01.04-19.01.58:804][  0]LogCollectionManager: Loaded 0 collections in 0.000788 seconds
[2020.01.04-19.01.58:819][  0]LogFileCache: Scanning file cache for directory 'D:/ProjEng/ProjEng/ProjEng/Saved/Collections/' took 0.01s
[2020.01.04-19.01.58:819][  0]LogFileCache: Scanning file cache for directory 'D:/ProjEng/ProjEng/ProjEng/Content/Developers/neret/Collections/' took 0.00s
[2020.01.04-19.01.58:819][  0]LogFileCache: Scanning file cache for directory 'D:/ProjEng/ProjEng/ProjEng/Content/Collections/' took 0.00s
[2020.01.04-19.01.58:819][  0]LogCollectionManager: Rebuilt the GUID cache for 0 collections in 0.000000 seconds
[2020.01.04-19.01.58:826][  0]LogContentBrowser: Native class hierarchy populated in 0.0072 seconds. Added 2750 classes and 669 folders.
[2020.01.04-19.01.58:832][  0]LogContentBrowser: Native class hierarchy updated for 'WidgetCarousel' in 0.0003 seconds. Added 0 classes and 0 folders.
[2020.01.04-19.01.58:833][  0]LogPakFile: Registered encryption key '00000000000000000000000000000000': 0 pak files mounted, 0 remain pending
[2020.01.04-19.01.58:834][  0]LogPakFile: Registered encryption key '00000000000000000000000000000000': 0 pak files mounted, 0 remain pending
[2020.01.04-19.01.58:834][  0]LogPakFile: Registered encryption key '00000000000000000000000000000000': 0 pak files mounted, 0 remain pending
[2020.01.04-19.01.58:835][  0]LogPakFile: Registered encryption key '00000000000000000000000000000000': 0 pak files mounted, 0 remain pending
[2020.01.04-19.01.58:835][  0]LogPakFile: Registered encryption key '00000000000000000000000000000000': 0 pak files mounted, 0 remain pending
[2020.01.04-19.01.58:835][  0]LogPakFile: Registered encryption key '00000000000000000000000000000000': 0 pak files mounted, 0 remain pending
[2020.01.04-19.01.58:836][  0]LogPakFile: Registered encryption key '00000000000000000000000000000000': 0 pak files mounted, 0 remain pending
[2020.01.04-19.01.58:836][  0]LogPakFile: Registered encryption key '00000000000000000000000000000000': 0 pak files mounted, 0 remain pending
[2020.01.04-19.01.58:836][  0]LogPakFile: Registered encryption key '00000000000000000000000000000000': 0 pak files mounted, 0 remain pending
[2020.01.04-19.01.58:837][  0]LogPakFile: Registered encryption key '00000000000000000000000000000000': 0 pak files mounted, 0 remain pending
[2020.01.04-19.01.58:837][  0]LogPakFile: Registered encryption key '00000000000000000000000000000000': 0 pak files mounted, 0 remain pending
[2020.01.04-19.01.58:837][  0]LogPakFile: Registered encryption key '00000000000000000000000000000000': 0 pak files mounted, 0 remain pending
[2020.01.04-19.01.58:838][  0]LogPakFile: Registered encryption key '00000000000000000000000000000000': 0 pak files mounted, 0 remain pending
[2020.01.04-19.01.58:838][  0]LogPakFile: Registered encryption key '00000000000000000000000000000000': 0 pak files mounted, 0 remain pending
[2020.01.04-19.01.58:839][  0]LogPakFile: Registered encryption key '00000000000000000000000000000000': 0 pak files mounted, 0 remain pending
[2020.01.04-19.01.58:839][  0]LogPakFile: Registered encryption key '00000000000000000000000000000000': 0 pak files mounted, 0 remain pending
[2020.01.04-19.01.58:839][  0]LogPakFile: Registered encryption key '00000000000000000000000000000000': 0 pak files mounted, 0 remain pending
[2020.01.04-19.01.58:840][  0]LogPakFile: Registered encryption key '00000000000000000000000000000000': 0 pak files mounted, 0 remain pending
[2020.01.04-19.01.58:840][  0]LogPakFile: Registered encryption key '00000000000000000000000000000000': 0 pak files mounted, 0 remain pending
[2020.01.04-19.01.58:840][  0]LogPakFile: Registered encryption key '00000000000000000000000000000000': 0 pak files mounted, 0 remain pending
[2020.01.04-19.01.58:840][  0]LogPakFile: Registered encryption key '00000000000000000000000000000000': 0 pak files mounted, 0 remain pending
[2020.01.04-19.01.58:841][  0]LogPakFile: Registered encryption key '00000000000000000000000000000000': 0 pak files mounted, 0 remain pending
[2020.01.04-19.01.58:841][  0]LogPakFile: Registered encryption key '00000000000000000000000000000000': 0 pak files mounted, 0 remain pending
[2020.01.04-19.01.58:842][  0]LogPakFile: Registered encryption key '00000000000000000000000000000000': 0 pak files mounted, 0 remain pending
[2020.01.04-19.01.58:842][  0]LogPakFile: Registered encryption key '00000000000000000000000000000000': 0 pak files mounted, 0 remain pending
[2020.01.04-19.01.58:842][  0]LogPakFile: Registered encryption key '00000000000000000000000000000000': 0 pak files mounted, 0 remain pending
[2020.01.04-19.01.58:862][  0]LogContentBrowser: Native class hierarchy updated for 'AddContentDialog' in 0.0002 seconds. Added 0 classes and 0 folders.
[2020.01.04-19.01.58:868][  0]LogContentBrowser: Native class hierarchy updated for 'SceneOutliner' in 0.0002 seconds. Added 1 classes and 2 folders.
[2020.01.04-19.01.58:937][  0]LogSlate: Took 0.000183 seconds to synchronously load lazily loaded font '../../../Engine/Content/Slate/Fonts/Roboto-Regular.ttf' (155K)
[2020.01.04-19.01.58:940][  0]LogSlate: Took 0.000123 seconds to synchronously load lazily loaded font '../../../Engine/Content/Slate/Fonts/Roboto-Bold.ttf' (160K)
[2020.01.04-19.01.58:943][  0]LogSlate: Took 0.000149 seconds to synchronously load lazily loaded font '../../../Engine/Content/Editor/Slate/Fonts/FontAwesome.ttf' (139K)
[2020.01.04-19.01.58:991][  0]LogRenderer: Reallocating scene render targets to support 1152x332 Format 9 NumSamples 1 (Frame:1).
[2020.01.04-19.01.59:202][  0]LogContentBrowser: Native class hierarchy updated for 'HierarchicalLODOutliner' in 0.0002 seconds. Added 0 classes and 0 folders.
[2020.01.04-19.01.59:202][  0]LogLoad: (Engine Initialization) Total time: 7.80 seconds
[2020.01.04-19.01.59:202][  0]LogLoad: (Engine Initialization) Total Blueprint compile time: 0.00 seconds
[2020.01.04-19.01.59:245][  0]LogAssetRegistry: Asset discovery search completed in 4.5502 seconds
[2020.01.04-19.01.59:249][  0]LogCollectionManager: Rebuilt the object cache for 0 collections in 0.000000 seconds (found 0 objects)
[2020.01.04-19.01.59:249][  0]LogCollectionManager: Fixed up redirectors for 0 collections in 0.000079 seconds (updated 0 objects)
[2020.01.04-19.01.59:250][  0]LogContentStreaming: Texture pool size now 400 MB
[2020.01.04-19.02.00:251][ 45]LogSlate: Took 0.000152 seconds to synchronously load lazily loaded font '../../../Engine/Content/Slate/Fonts/Roboto-Light.ttf' (167K)
[2020.01.04-19.02.01:766][136]LogSlate: FSceneViewport::OnFocusLost() reason 0
[2020.01.04-19.02.01:934][144]LogRenderer: Reallocating scene render targets to support 1152x336 Format 9 NumSamples 1 (Frame:4).
[2020.01.04-19.02.01:982][145]LogRenderer: Reallocating scene render targets to support 1152x340 Format 9 NumSamples 1 (Frame:6).
[2020.01.04-19.02.02:032][146]LogRenderer: Reallocating scene render targets to support 1152x344 Format 9 NumSamples 1 (Frame:8).
[2020.01.04-19.02.02:081][147]LogRenderer: Reallocating scene render targets to support 1152x352 Format 9 NumSamples 1 (Frame:10).
[2020.01.04-19.02.02:130][148]LogRenderer: Reallocating scene render targets to support 1152x360 Format 9 NumSamples 1 (Frame:12).
[2020.01.04-19.02.02:178][149]LogRenderer: Reallocating scene render targets to support 1152x372 Format 9 NumSamples 1 (Frame:14).
[2020.01.04-19.02.02:226][150]LogRenderer: Reallocating scene render targets to support 1152x380 Format 9 NumSamples 1 (Frame:16).
[2020.01.04-19.02.02:276][151]LogRenderer: Reallocating scene render targets to support 1152x396 Format 9 NumSamples 1 (Frame:18).
[2020.01.04-19.02.02:332][152]LogRenderer: Reallocating scene render targets to support 1152x408 Format 9 NumSamples 1 (Frame:20).
[2020.01.04-19.02.02:379][153]LogRenderer: Reallocating scene render targets to support 1152x420 Format 9 NumSamples 1 (Frame:22).
[2020.01.04-19.02.02:427][154]LogRenderer: Reallocating scene render targets to support 1152x432 Format 9 NumSamples 1 (Frame:24).
[2020.01.04-19.02.02:477][155]LogRenderer: Reallocating scene render targets to support 1152x444 Format 9 NumSamples 1 (Frame:26).
[2020.01.04-19.02.02:526][156]LogRenderer: Reallocating scene render targets to support 1152x448 Format 9 NumSamples 1 (Frame:28).
[2020.01.04-19.02.02:575][157]LogRenderer: Reallocating scene render targets to support 1152x456 Format 9 NumSamples 1 (Frame:30).
[2020.01.04-19.02.02:625][158]LogRenderer: Reallocating scene render targets to support 1152x460 Format 9 NumSamples 1 (Frame:32).
[2020.01.04-19.02.02:716][160]LogRenderer: Reallocating scene render targets to support 1152x464 Format 9 NumSamples 1 (Frame:36).
[2020.01.04-19.02.02:774][162]LogRenderer: Reallocating scene render targets to support 1152x468 Format 9 NumSamples 1 (Frame:38).
[2020.01.04-19.02.02:926][167]LogRenderer: Reallocating scene render targets to support 1152x472 Format 9 NumSamples 1 (Frame:44).
[2020.01.04-19.02.02:977][168]LogRenderer: Reallocating scene render targets to support 1152x476 Format 9 NumSamples 1 (Frame:46).
[2020.01.04-19.02.03:191][177]LogRenderer: Reallocating scene render targets to support 1152x480 Format 9 NumSamples 1 (Frame:52).
[2020.01.04-19.02.03:282][179]LogRenderer: Reallocating scene render targets to support 1152x484 Format 9 NumSamples 1 (Frame:56).
[2020.01.04-19.02.08:688][497]LogEditorViewport: Clicking on Actor (LMB): PlayerStart (PlayerStart)
[2020.01.04-19.02.11:051][627]LogNavigationPoint: PostEditMove Clear paths rebuilt
[2020.01.04-19.02.13:070][738]LogNavigationPoint: PostEditMove Clear paths rebuilt
[2020.01.04-19.02.13:346][754]LogNavigationPoint: PostEditMove Clear paths rebuilt
[2020.01.04-19.02.17:772][ 18]LogSlate: FSceneViewport::OnFocusLost() reason 0
[2020.01.04-19.02.17:888][ 25]LogTemp: Repeating last play command: New Editor Window (PIE)
[2020.01.04-19.02.17:914][ 25]LogBlueprintUserMessages: Early PlayInEditor Detection: Level '/Game/ProjEngl/Maps/TopDownExampleMap.TopDownExampleMap:PersistentLevel' has LevelScriptBlueprint '/Game/ProjEngl/Maps/TopDownExampleMap.TopDownExampleMap:PersistentLevel.TopDownExampleMap' with GeneratedClass '/Game/ProjEngl/Maps/TopDownExampleMap.TopDownExampleMap_C' with ClassGeneratedBy '/Game/ProjEngl/Maps/TopDownExampleMap.TopDownExampleMap:PersistentLevel.TopDownExampleMap'
[2020.01.04-19.02.17:914][ 25]LogPlayLevel: PlayLevel: No blueprints needed recompiling
[2020.01.04-19.02.17:914][ 25]PIE: New page: PIE session: TopDownExampleMap (5 янв. 2020 г., 1:02:17)
[2020.01.04-19.02.17:927][ 25]LogPlayLevel: Creating play world package: /Game/ProjEngl/Maps/UEDPIE_0_TopDownExampleMap
[2020.01.04-19.02.17:946][ 25]LogPlayLevel: PIE: StaticDuplicateObject took: (0.018553s)
[2020.01.04-19.02.17:946][ 25]LogAIModule: Creating AISystem for world TopDownExampleMap
[2020.01.04-19.02.17:947][ 25]LogPlayLevel: PIE: World Init took: (0.000826s)
[2020.01.04-19.02.17:947][ 25]LogPlayLevel: PIE: Created PIE world by copying editor world from /Game/ProjEngl/Maps/TopDownExampleMap.TopDownExampleMap to /Game/ProjEngl/Maps/UEDPIE_0_TopDownExampleMap.TopDownExampleMap (0.019663s)
[2020.01.04-19.02.17:974][ 25]LogUObjectHash: Compacting FUObjectHashTables data took   1.05ms
[2020.01.04-19.02.17:998][ 25]LogInit: XAudio2 using 'Наушники (JBL TUNE110BT Stereo)' : 2 channels at 44.1 kHz using 16 bits per sample (channel mask 0x3)
[2020.01.04-19.02.18:007][ 25]LogInit: FAudioDevice initialized.
[2020.01.04-19.02.18:013][ 25]LogSlate: Updating window title bar state: overlay mode, drag disabled, window buttons hidden, title bar hidden
[2020.01.04-19.02.18:059][ 25]LogLoad: Game class is 'GM_Base_C'
[2020.01.04-19.02.18:064][ 25]LogWorld: Bringing World /Game/ProjEngl/Maps/UEDPIE_0_TopDownExampleMap.TopDownExampleMap up for play (max tick rate 60) at 2020.01.04-22.02.18
[2020.01.04-19.02.18:066][ 25]LogWorld: Bringing up level for play took: 0.005995
[2020.01.04-19.02.18:083][ 25]LogContentBrowser: Native class hierarchy updated for 'MovieSceneCapture' in 0.0003 seconds. Added 20 classes and 0 folders.
[2020.01.04-19.02.18:085][ 25]LogScript: Warning: Script Msg: Attempted to access index 0 from array 'CallFunc_GetAllActorsOfClass_OutActors' of length 0 in '/Game/ProjEngl/Core/Splines/BP_SplinePathVisualizer.BP_SplinePathVisualizer_C:ExecuteUbergraph_BP_SplinePathVisualizer'!
[2020.01.04-19.02.18:085][ 25]LogScript: Warning: Script Msg: Attempted to access index 0 from array 'CallFunc_GetAllActorsOfClass_OutActors' of length 0 in '/Game/ProjEngl/Core/Splines/BP_SplinePathVisualizer.BP_SplinePathVisualizer_C:ExecuteUbergraph_BP_SplinePathVisualizer'!
[2020.01.04-19.02.18:085][ 25]LogScript: Warning: Script Msg: Attempted to access index 0 from array 'CallFunc_GetAllActorsOfClass_OutActors' of length 0 in '/Game/ProjEngl/Core/Splines/BP_SplinePathVisualizer.BP_SplinePathVisualizer_C:ExecuteUbergraph_BP_SplinePathVisualizer'!
[2020.01.04-19.02.18:085][ 25]LogScript: Warning: Script Msg: Attempted to access index 0 from array 'CallFunc_GetAllActorsOfClass_OutActors' of length 0 in '/Game/ProjEngl/Core/Splines/BP_SplinePathVisualizer.BP_SplinePathVisualizer_C:ExecuteUbergraph_BP_SplinePathVisualizer'!
[2020.01.04-19.02.18:088][ 25]LogScript: Warning: Script Msg: Attempted to access index 0 from array 'CallFunc_GetAllActorsOfClass_OutActors' of length 0 in '/Game/ProjEngl/Core/Splines/BP_SplinePathVisualizer.BP_SplinePathVisualizer_C:ExecuteUbergraph_BP_SplinePathVisualizer'!
[2020.01.04-19.02.18:090][ 25]PIE: Play in editor start time for /Game/ProjEngl/Maps/UEDPIE_0_TopDownExampleMap 1,038
[2020.01.04-19.02.18:091][ 25]LogBlueprintUserMessages: Late PlayInEditor Detection: Level '/Game/ProjEngl/Maps/TopDownExampleMap.TopDownExampleMap:PersistentLevel' has LevelScriptBlueprint '/Game/ProjEngl/Maps/TopDownExampleMap.TopDownExampleMap:PersistentLevel.TopDownExampleMap' with GeneratedClass '/Game/ProjEngl/Maps/TopDownExampleMap.TopDownExampleMap_C' with ClassGeneratedBy '/Game/ProjEngl/Maps/TopDownExampleMap.TopDownExampleMap:PersistentLevel.TopDownExampleMap'
[2020.01.04-19.02.18:126][ 26]LogRenderer: Reallocating scene render targets to support 1152x544 Format 9 NumSamples 1 (Frame:1).
[2020.01.04-19.02.18:712][ 61]LogBlueprintUserMessages: Early EndPlayMap Detection: Level '/Game/ProjEngl/Maps/TopDownExampleMap.TopDownExampleMap:PersistentLevel' has LevelScriptBlueprint '/Game/ProjEngl/Maps/TopDownExampleMap.TopDownExampleMap:PersistentLevel.TopDownExampleMap' with GeneratedClass '/Game/ProjEngl/Maps/TopDownExampleMap.TopDownExampleMap_C' with ClassGeneratedBy '/Game/ProjEngl/Maps/TopDownExampleMap.TopDownExampleMap:PersistentLevel.TopDownExampleMap'
[2020.01.04-19.02.18:713][ 61]LogSlate: Updating window title bar state: overlay mode, drag disabled, window buttons hidden, title bar hidden
[2020.01.04-19.02.18:738][ 61]LogSlate: Window 'ProjEng Game Preview Standalone (64-bit/PCD3D_SM5)' being destroyed
[2020.01.04-19.02.18:772][ 61]LogPlayLevel: Display: Shutting down PIE online subsystems
[2020.01.04-19.02.18:773][ 61]LogBlueprintUserMessages: Late EndPlayMap Detection: Level '/Game/ProjEngl/Maps/TopDownExampleMap.TopDownExampleMap:PersistentLevel' has LevelScriptBlueprint '/Game/ProjEngl/Maps/TopDownExampleMap.TopDownExampleMap:PersistentLevel.TopDownExampleMap' with GeneratedClass '/Game/ProjEngl/Maps/TopDownExampleMap.TopDownExampleMap_C' with ClassGeneratedBy '/Game/ProjEngl/Maps/TopDownExampleMap.TopDownExampleMap:PersistentLevel.TopDownExampleMap'
[2020.01.04-19.02.18:804][ 61]LogUObjectHash: Compacting FUObjectHashTables data took   1.48ms
[2020.01.04-19.02.18:845][ 62]LogPlayLevel: Display: Destroying online subsystem :Context_3
[2020.01.04-19.02.19:921][124]LogEditorViewport: Clicking on Actor (LMB): PlayerStart (PlayerStart)
[2020.01.04-19.02.22:555][281]LogNavigationPoint: PostEditMove Clear paths rebuilt
[2020.01.04-19.02.23:604][343]LogSlate: FSceneViewport::OnFocusLost() reason 0
[2020.01.04-19.02.32:010][836]LogAssetEditorManager: Opening Asset editor for Blueprint /Game/ProjEngl/Core/BP_BaseHero.BP_BaseHero
[2020.01.04-19.02.32:227][836]LogClass: Warning: Enum '/Game/GrenadePack/MapAssets/DemoRoom/BluePrint/BP_DemoDisplay_Enum.BP_DemoDisplay_Enum' was upgraded to use FText to store its display name data. Please re-save this asset to avoid issues with localization and determinstic cooking.
[2020.01.04-19.02.32:236][836]LogContentBrowser: Native class hierarchy updated for 'BlueprintGraph' in 0.0005 seconds. Added 121 classes and 0 folders.
[2020.01.04-19.02.32:961][836]LogSlate: Took 0.000181 seconds to synchronously load lazily loaded font '../../../Engine/Content/Slate/Fonts/Roboto-BoldCondensed.ttf' (158K)
[2020.01.04-19.02.33:341][837]LogSlate: Took 0.000195 seconds to synchronously load lazily loaded font '../../../Engine/Content/Slate/Fonts/Roboto-Italic.ttf' (157K)
[2020.01.04-19.02.34:548][899]LogRenderer: Reallocating scene render targets to support 1152x628 Format 9 NumSamples 1 (Frame:1).
[2020.01.04-19.02.36:957][ 39]LogSlate: FSceneViewport::OnFocusLost() reason 0
[2020.01.04-19.02.41:997][330]LogSlate: FSceneViewport::OnFocusLost() reason 0
[2020.01.04-19.02.42:031][332]BlueprintLog: New page: Compile BP_BaseHero
[2020.01.04-19.02.42:264][332]LogUObjectHash: Compacting FUObjectHashTables data took   3.22ms
[2020.01.04-19.02.42:671][347]LogTemp: Repeating last play command: New Editor Window (PIE)
[2020.01.04-19.02.42:699][347]LogBlueprintUserMessages: Early PlayInEditor Detection: Level '/Game/ProjEngl/Maps/TopDownExampleMap.TopDownExampleMap:PersistentLevel' has LevelScriptBlueprint '/Game/ProjEngl/Maps/TopDownExampleMap.TopDownExampleMap:PersistentLevel.TopDownExampleMap' with GeneratedClass '/Game/ProjEngl/Maps/TopDownExampleMap.TopDownExampleMap_C' with ClassGeneratedBy '/Game/ProjEngl/Maps/TopDownExampleMap.TopDownExampleMap:PersistentLevel.TopDownExampleMap'
[2020.01.04-19.02.42:699][347]LogPlayLevel: PlayLevel: No blueprints needed recompiling
[2020.01.04-19.02.42:699][347]PIE: New page: PIE session: TopDownExampleMap (5 янв. 2020 г., 1:02:42)
[2020.01.04-19.02.42:699][347]LogPlayLevel: Creating play world package: /Game/ProjEngl/Maps/UEDPIE_0_TopDownExampleMap
[2020.01.04-19.02.42:718][347]LogPlayLevel: PIE: StaticDuplicateObject took: (0.018142s)
[2020.01.04-19.02.42:718][347]LogAIModule: Creating AISystem for world TopDownExampleMap
[2020.01.04-19.02.42:719][347]LogPlayLevel: PIE: World Init took: (0.000690s)
[2020.01.04-19.02.42:719][347]LogPlayLevel: PIE: Created PIE world by copying editor world from /Game/ProjEngl/Maps/TopDownExampleMap.TopDownExampleMap to /Game/ProjEngl/Maps/UEDPIE_0_TopDownExampleMap.TopDownExampleMap (0.019029s)
[2020.01.04-19.02.42:751][347]LogUObjectHash: Compacting FUObjectHashTables data took   2.81ms
[2020.01.04-19.02.42:777][347]LogInit: XAudio2 using 'Наушники (JBL TUNE110BT Stereo)' : 2 channels at 44.1 kHz using 16 bits per sample (channel mask 0x3)
[2020.01.04-19.02.42:786][347]LogInit: FAudioDevice initialized.
[2020.01.04-19.02.42:792][347]LogSlate: Updating window title bar state: overlay mode, drag disabled, window buttons hidden, title bar hidden
[2020.01.04-19.02.42:824][347]LogLoad: Game class is 'GM_Base_C'
[2020.01.04-19.02.42:828][347]LogWorld: Bringing World /Game/ProjEngl/Maps/UEDPIE_0_TopDownExampleMap.TopDownExampleMap up for play (max tick rate 60) at 2020.01.04-22.02.42
[2020.01.04-19.02.42:830][347]LogWorld: Bringing up level for play took: 0.005915
[2020.01.04-19.02.42:844][347]LogScript: Warning: Script Msg: Attempted to access index 0 from array 'CallFunc_GetAllActorsOfClass_OutActors' of length 0 in '/Game/ProjEngl/Core/Splines/BP_SplinePathVisualizer.BP_SplinePathVisualizer_C:ExecuteUbergraph_BP_SplinePathVisualizer'!
[2020.01.04-19.02.42:845][347]LogScript: Warning: Script Msg: Attempted to access index 0 from array 'CallFunc_GetAllActorsOfClass_OutActors' of length 0 in '/Game/ProjEngl/Core/Splines/BP_SplinePathVisualizer.BP_SplinePathVisualizer_C:ExecuteUbergraph_BP_SplinePathVisualizer'!
[2020.01.04-19.02.42:845][347]LogScript: Warning: Script Msg: Attempted to access index 0 from array 'CallFunc_GetAllActorsOfClass_OutActors' of length 0 in '/Game/ProjEngl/Core/Splines/BP_SplinePathVisualizer.BP_SplinePathVisualizer_C:ExecuteUbergraph_BP_SplinePathVisualizer'!
[2020.01.04-19.02.42:845][347]LogScript: Warning: Script Msg: Attempted to access index 0 from array 'CallFunc_GetAllActorsOfClass_OutActors' of length 0 in '/Game/ProjEngl/Core/Splines/BP_SplinePathVisualizer.BP_SplinePathVisualizer_C:ExecuteUbergraph_BP_SplinePathVisualizer'!
[2020.01.04-19.02.42:848][347]LogScript: Warning: Script Msg: Attempted to access index 0 from array 'CallFunc_GetAllActorsOfClass_OutActors' of length 0 in '/Game/ProjEngl/Core/Splines/BP_SplinePathVisualizer.BP_SplinePathVisualizer_C:ExecuteUbergraph_BP_SplinePathVisualizer'!
[2020.01.04-19.02.42:852][347]PIE: Play in editor start time for /Game/ProjEngl/Maps/UEDPIE_0_TopDownExampleMap -0,2
[2020.01.04-19.02.42:853][347]LogBlueprintUserMessages: Late PlayInEditor Detection: Level '/Game/ProjEngl/Maps/TopDownExampleMap.TopDownExampleMap:PersistentLevel' has LevelScriptBlueprint '/Game/ProjEngl/Maps/TopDownExampleMap.TopDownExampleMap:PersistentLevel.TopDownExampleMap' with GeneratedClass '/Game/ProjEngl/Maps/TopDownExampleMap.TopDownExampleMap_C' with ClassGeneratedBy '/Game/ProjEngl/Maps/TopDownExampleMap.TopDownExampleMap:PersistentLevel.TopDownExampleMap'
[2020.01.04-19.02.45:551][490]LogScript: Warning: Script Msg: Attempted to access index 1 from array 'PatrolPoints' of length 1 in '/Game/ProjEngl/Core/AI/Soldiers/BP_BaseEnemy.BP_BaseEnemy_C'!
[2020.01.04-19.02.47:149][579]LogBlueprintUserMessages: [BP_SearchLight_3] 4.472848
[2020.01.04-19.02.47:634][606]LogScript: Warning: Script Msg: Attempted to access index 1 from array 'PatrolPoints' of length 1 in '/Game/ProjEngl/Core/AI/Soldiers/BP_BaseEnemy.BP_BaseEnemy_C'!
[2020.01.04-19.02.49:721][720]LogScript: Warning: Script Msg: Attempted to access index 1 from array 'PatrolPoints' of length 1 in '/Game/ProjEngl/Core/AI/Soldiers/BP_BaseEnemy.BP_BaseEnemy_C'!
[2020.01.04-19.02.51:806][833]LogScript: Warning: Script Msg: Attempted to access index 1 from array 'PatrolPoints' of length 1 in '/Game/ProjEngl/Core/AI/Soldiers/BP_BaseEnemy.BP_BaseEnemy_C'!
[2020.01.04-19.02.53:884][947]LogScript: Warning: Script Msg: Attempted to access index 1 from array 'PatrolPoints' of length 1 in '/Game/ProjEngl/Core/AI/Soldiers/BP_BaseEnemy.BP_BaseEnemy_C'!
[2020.01.04-19.02.54:865][  1]LogScript: Warning: Script Msg: Attempted to access index 3 from array 'PatrolPoints' of length 3 in '/Game/ProjEngl/Core/AI/Soldiers/BP_BaseEnemy.BP_BaseEnemy_C'!
[2020.01.04-19.02.55:969][ 61]LogScript: Warning: Script Msg: Attempted to access index 1 from array 'PatrolPoints' of length 1 in '/Game/ProjEngl/Core/AI/Soldiers/BP_BaseEnemy.BP_BaseEnemy_C'!
[2020.01.04-19.02.57:144][126]LogScript: Warning: Script Msg: Attempted to access index 3 from array 'PatrolPoints' of length 3 in '/Game/ProjEngl/Core/AI/Soldiers/BP_BaseEnemy.BP_BaseEnemy_C'!
[2020.01.04-19.02.58:055][178]LogScript: Warning: Script Msg: Attempted to access index 1 from array 'PatrolPoints' of length 1 in '/Game/ProjEngl/Core/AI/Soldiers/BP_BaseEnemy.BP_BaseEnemy_C'!
[2020.01.04-19.02.59:827][278]LogBlueprintUserMessages: Early EndPlayMap Detection: Level '/Game/ProjEngl/Maps/TopDownExampleMap.TopDownExampleMap:PersistentLevel' has LevelScriptBlueprint '/Game/ProjEngl/Maps/TopDownExampleMap.TopDownExampleMap:PersistentLevel.TopDownExampleMap' with GeneratedClass '/Game/ProjEngl/Maps/TopDownExampleMap.TopDownExampleMap_C' with ClassGeneratedBy '/Game/ProjEngl/Maps/TopDownExampleMap.TopDownExampleMap:PersistentLevel.TopDownExampleMap'
[2020.01.04-19.02.59:828][278]LogSlate: Updating window title bar state: overlay mode, drag disabled, window buttons hidden, title bar hidden
[2020.01.04-19.02.59:859][278]LogSlate: Window 'ProjEng Game Preview Standalone (64-bit/PCD3D_SM5)' being destroyed
[2020.01.04-19.02.59:890][278]LogPlayLevel: Display: Shutting down PIE online subsystems
[2020.01.04-19.02.59:890][278]LogBlueprintUserMessages: Late EndPlayMap Detection: Level '/Game/ProjEngl/Maps/TopDownExampleMap.TopDownExampleMap:PersistentLevel' has LevelScriptBlueprint '/Game/ProjEngl/Maps/TopDownExampleMap.TopDownExampleMap:PersistentLevel.TopDownExampleMap' with GeneratedClass '/Game/ProjEngl/Maps/TopDownExampleMap.TopDownExampleMap_C' with ClassGeneratedBy '/Game/ProjEngl/Maps/TopDownExampleMap.TopDownExampleMap:PersistentLevel.TopDownExampleMap'
[2020.01.04-19.02.59:928][278]LogUObjectHash: Compacting FUObjectHashTables data took   1.93ms
[2020.01.04-19.02.59:973][279]LogPlayLevel: Display: Destroying online subsystem :Context_8
[2020.01.04-19.03.16:772][269]BlueprintLog: New page: Compile BP_BaseHero
[2020.01.04-19.03.17:017][269]LogUObjectHash: Compacting FUObjectHashTables data took   2.86ms
[2020.01.04-19.03.17:748][310]LogTemp: Repeating last play command: New Editor Window (PIE)
[2020.01.04-19.03.17:781][310]LogBlueprintUserMessages: Early PlayInEditor Detection: Level '/Game/ProjEngl/Maps/TopDownExampleMap.TopDownExampleMap:PersistentLevel' has LevelScriptBlueprint '/Game/ProjEngl/Maps/TopDownExampleMap.TopDownExampleMap:PersistentLevel.TopDownExampleMap' with GeneratedClass '/Game/ProjEngl/Maps/TopDownExampleMap.TopDownExampleMap_C' with ClassGeneratedBy '/Game/ProjEngl/Maps/TopDownExampleMap.TopDownExampleMap:PersistentLevel.TopDownExampleMap'
[2020.01.04-19.03.17:781][310]LogPlayLevel: PlayLevel: No blueprints needed recompiling
[2020.01.04-19.03.17:781][310]PIE: New page: PIE session: TopDownExampleMap (5 янв. 2020 г., 1:03:17)
[2020.01.04-19.03.17:782][310]LogPlayLevel: Creating play world package: /Game/ProjEngl/Maps/UEDPIE_0_TopDownExampleMap
[2020.01.04-19.03.17:799][310]LogPlayLevel: PIE: StaticDuplicateObject took: (0.017411s)
[2020.01.04-19.03.17:800][310]LogAIModule: Creating AISystem for world TopDownExampleMap
[2020.01.04-19.03.17:800][310]LogPlayLevel: PIE: World Init took: (0.000706s)
[2020.01.04-19.03.17:800][310]LogPlayLevel: PIE: Created PIE world by copying editor world from /Game/ProjEngl/Maps/TopDownExampleMap.TopDownExampleMap to /Game/ProjEngl/Maps/UEDPIE_0_TopDownExampleMap.TopDownExampleMap (0.018299s)
[2020.01.04-19.03.17:835][310]LogUObjectHash: Compacting FUObjectHashTables data took   2.82ms
[2020.01.04-19.03.17:859][310]LogInit: XAudio2 using 'Наушники (JBL TUNE110BT Stereo)' : 2 channels at 44.1 kHz using 16 bits per sample (channel mask 0x3)
[2020.01.04-19.03.17:869][310]LogInit: FAudioDevice initialized.
[2020.01.04-19.03.17:874][310]LogSlate: Updating window title bar state: overlay mode, drag disabled, window buttons hidden, title bar hidden
[2020.01.04-19.03.17:905][310]LogLoad: Game class is 'GM_Base_C'
[2020.01.04-19.03.17:909][310]LogWorld: Bringing World /Game/ProjEngl/Maps/UEDPIE_0_TopDownExampleMap.TopDownExampleMap up for play (max tick rate 60) at 2020.01.04-22.03.17
[2020.01.04-19.03.17:912][310]LogWorld: Bringing up level for play took: 0.005659
[2020.01.04-19.03.17:927][310]LogScript: Warning: Script Msg: Attempted to access index 0 from array 'CallFunc_GetAllActorsOfClass_OutActors' of length 0 in '/Game/ProjEngl/Core/Splines/BP_SplinePathVisualizer.BP_SplinePathVisualizer_C:ExecuteUbergraph_BP_SplinePathVisualizer'!
[2020.01.04-19.03.17:928][310]LogScript: Warning: Script Msg: Attempted to access index 0 from array 'CallFunc_GetAllActorsOfClass_OutActors' of length 0 in '/Game/ProjEngl/Core/Splines/BP_SplinePathVisualizer.BP_SplinePathVisualizer_C:ExecuteUbergraph_BP_SplinePathVisualizer'!
[2020.01.04-19.03.17:928][310]LogScript: Warning: Script Msg: Attempted to access index 0 from array 'CallFunc_GetAllActorsOfClass_OutActors' of length 0 in '/Game/ProjEngl/Core/Splines/BP_SplinePathVisualizer.BP_SplinePathVisualizer_C:ExecuteUbergraph_BP_SplinePathVisualizer'!
[2020.01.04-19.03.17:928][310]LogScript: Warning: Script Msg: Attempted to access index 0 from array 'CallFunc_GetAllActorsOfClass_OutActors' of length 0 in '/Game/ProjEngl/Core/Splines/BP_SplinePathVisualizer.BP_SplinePathVisualizer_C:ExecuteUbergraph_BP_SplinePathVisualizer'!
[2020.01.04-19.03.17:931][310]LogScript: Warning: Script Msg: Attempted to access index 0 from array 'CallFunc_GetAllActorsOfClass_OutActors' of length 0 in '/Game/ProjEngl/Core/Splines/BP_SplinePathVisualizer.BP_SplinePathVisualizer_C:ExecuteUbergraph_BP_SplinePathVisualizer'!
[2020.01.04-19.03.17:935][310]PIE: Play in editor start time for /Game/ProjEngl/Maps/UEDPIE_0_TopDownExampleMap 0,882
[2020.01.04-19.03.17:935][310]LogBlueprintUserMessages: Late PlayInEditor Detection: Level '/Game/ProjEngl/Maps/TopDownExampleMap.TopDownExampleMap:PersistentLevel' has LevelScriptBlueprint '/Game/ProjEngl/Maps/TopDownExampleMap.TopDownExampleMap:PersistentLevel.TopDownExampleMap' with GeneratedClass '/Game/ProjEngl/Maps/TopDownExampleMap.TopDownExampleMap_C' with ClassGeneratedBy '/Game/ProjEngl/Maps/TopDownExampleMap.TopDownExampleMap:PersistentLevel.TopDownExampleMap'
[2020.01.04-19.03.20:054][425]LogBlueprintUserMessages: Early EndPlayMap Detection: Level '/Game/ProjEngl/Maps/TopDownExampleMap.TopDownExampleMap:PersistentLevel' has LevelScriptBlueprint '/Game/ProjEngl/Maps/TopDownExampleMap.TopDownExampleMap:PersistentLevel.TopDownExampleMap' with GeneratedClass '/Game/ProjEngl/Maps/TopDownExampleMap.TopDownExampleMap_C' with ClassGeneratedBy '/Game/ProjEngl/Maps/TopDownExampleMap.TopDownExampleMap:PersistentLevel.TopDownExampleMap'
[2020.01.04-19.03.20:054][425]LogSlate: Updating window title bar state: overlay mode, drag disabled, window buttons hidden, title bar hidden
[2020.01.04-19.03.20:091][425]LogSlate: Window 'ProjEng Game Preview Standalone (64-bit/PCD3D_SM5)' being destroyed
[2020.01.04-19.03.20:130][425]LogPlayLevel: Display: Shutting down PIE online subsystems
[2020.01.04-19.03.20:130][425]LogBlueprintUserMessages: Late EndPlayMap Detection: Level '/Game/ProjEngl/Maps/TopDownExampleMap.TopDownExampleMap:PersistentLevel' has LevelScriptBlueprint '/Game/ProjEngl/Maps/TopDownExampleMap.TopDownExampleMap:PersistentLevel.TopDownExampleMap' with GeneratedClass '/Game/ProjEngl/Maps/TopDownExampleMap.TopDownExampleMap_C' with ClassGeneratedBy '/Game/ProjEngl/Maps/TopDownExampleMap.TopDownExampleMap:PersistentLevel.TopDownExampleMap'
[2020.01.04-19.03.20:180][425]LogUObjectHash: Compacting FUObjectHashTables data took   2.17ms
[2020.01.04-19.03.20:201][426]LogPlayLevel: Display: Destroying online subsystem :Context_9
[2020.01.04-19.03.23:636][612]LogSlate: FSceneViewport::OnFocusLost() reason 0
[2020.01.04-19.03.29:137][938]BlueprintLog: New page: Compile BP_BaseHero
[2020.01.04-19.03.29:354][938]LogUObjectHash: Compacting FUObjectHashTables data took   2.75ms
[2020.01.04-19.03.29:826][963]LogTemp: Repeating last play command: New Editor Window (PIE)
[2020.01.04-19.03.29:855][963]LogBlueprintUserMessages: Early PlayInEditor Detection: Level '/Game/ProjEngl/Maps/TopDownExampleMap.TopDownExampleMap:PersistentLevel' has LevelScriptBlueprint '/Game/ProjEngl/Maps/TopDownExampleMap.TopDownExampleMap:PersistentLevel.TopDownExampleMap' with GeneratedClass '/Game/ProjEngl/Maps/TopDownExampleMap.TopDownExampleMap_C' with ClassGeneratedBy '/Game/ProjEngl/Maps/TopDownExampleMap.TopDownExampleMap:PersistentLevel.TopDownExampleMap'
[2020.01.04-19.03.29:855][963]LogPlayLevel: PlayLevel: No blueprints needed recompiling
[2020.01.04-19.03.29:855][963]PIE: New page: PIE session: TopDownExampleMap (5 янв. 2020 г., 1:03:29)
[2020.01.04-19.03.29:855][963]LogPlayLevel: Creating play world package: /Game/ProjEngl/Maps/UEDPIE_0_TopDownExampleMap
[2020.01.04-19.03.29:871][963]LogPlayLevel: PIE: StaticDuplicateObject took: (0.016021s)
[2020.01.04-19.03.29:872][963]LogAIModule: Creating AISystem for world TopDownExampleMap
[2020.01.04-19.03.29:872][963]LogPlayLevel: PIE: World Init took: (0.000610s)
[2020.01.04-19.03.29:872][963]LogPlayLevel: PIE: Created PIE world by copying editor world from /Game/ProjEngl/Maps/TopDownExampleMap.TopDownExampleMap to /Game/ProjEngl/Maps/UEDPIE_0_TopDownExampleMap.TopDownExampleMap (0.016839s)
[2020.01.04-19.03.29:906][963]LogUObjectHash: Compacting FUObjectHashTables data took   2.73ms
[2020.01.04-19.03.29:929][963]LogInit: XAudio2 using 'Наушники (JBL TUNE110BT Stereo)' : 2 channels at 44.1 kHz using 16 bits per sample (channel mask 0x3)
[2020.01.04-19.03.29:939][963]LogInit: FAudioDevice initialized.
[2020.01.04-19.03.29:944][963]LogSlate: Updating window title bar state: overlay mode, drag disabled, window buttons hidden, title bar hidden
[2020.01.04-19.03.30:017][963]LogLoad: Game class is 'GM_Base_C'
[2020.01.04-19.03.30:021][963]LogWorld: Bringing World /Game/ProjEngl/Maps/UEDPIE_0_TopDownExampleMap.TopDownExampleMap up for play (max tick rate 60) at 2020.01.04-22.03.30
[2020.01.04-19.03.30:023][963]LogWorld: Bringing up level for play took: 0.005759
[2020.01.04-19.03.30:038][963]LogScript: Warning: Script Msg: Attempted to access index 0 from array 'CallFunc_GetAllActorsOfClass_OutActors' of length 0 in '/Game/ProjEngl/Core/Splines/BP_SplinePathVisualizer.BP_SplinePathVisualizer_C:ExecuteUbergraph_BP_SplinePathVisualizer'!
[2020.01.04-19.03.30:038][963]LogScript: Warning: Script Msg: Attempted to access index 0 from array 'CallFunc_GetAllActorsOfClass_OutActors' of length 0 in '/Game/ProjEngl/Core/Splines/BP_SplinePathVisualizer.BP_SplinePathVisualizer_C:ExecuteUbergraph_BP_SplinePathVisualizer'!
[2020.01.04-19.03.30:038][963]LogScript: Warning: Script Msg: Attempted to access index 0 from array 'CallFunc_GetAllActorsOfClass_OutActors' of length 0 in '/Game/ProjEngl/Core/Splines/BP_SplinePathVisualizer.BP_SplinePathVisualizer_C:ExecuteUbergraph_BP_SplinePathVisualizer'!
[2020.01.04-19.03.30:038][963]LogScript: Warning: Script Msg: Attempted to access index 0 from array 'CallFunc_GetAllActorsOfClass_OutActors' of length 0 in '/Game/ProjEngl/Core/Splines/BP_SplinePathVisualizer.BP_SplinePathVisualizer_C:ExecuteUbergraph_BP_SplinePathVisualizer'!
[2020.01.04-19.03.30:041][963]LogScript: Warning: Script Msg: Attempted to access index 0 from array 'CallFunc_GetAllActorsOfClass_OutActors' of length 0 in '/Game/ProjEngl/Core/Splines/BP_SplinePathVisualizer.BP_SplinePathVisualizer_C:ExecuteUbergraph_BP_SplinePathVisualizer'!
[2020.01.04-19.03.30:043][963]PIE: Play in editor start time for /Game/ProjEngl/Maps/UEDPIE_0_TopDownExampleMap 0,99
[2020.01.04-19.03.30:043][963]LogBlueprintUserMessages: Late PlayInEditor Detection: Level '/Game/ProjEngl/Maps/TopDownExampleMap.TopDownExampleMap:PersistentLevel' has LevelScriptBlueprint '/Game/ProjEngl/Maps/TopDownExampleMap.TopDownExampleMap:PersistentLevel.TopDownExampleMap' with GeneratedClass '/Game/ProjEngl/Maps/TopDownExampleMap.TopDownExampleMap_C' with ClassGeneratedBy '/Game/ProjEngl/Maps/TopDownExampleMap.TopDownExampleMap:PersistentLevel.TopDownExampleMap'
[2020.01.04-19.03.32:650][106]LogBlueprintUserMessages: Early EndPlayMap Detection: Level '/Game/ProjEngl/Maps/TopDownExampleMap.TopDownExampleMap:PersistentLevel' has LevelScriptBlueprint '/Game/ProjEngl/Maps/TopDownExampleMap.TopDownExampleMap:PersistentLevel.TopDownExampleMap' with GeneratedClass '/Game/ProjEngl/Maps/TopDownExampleMap.TopDownExampleMap_C' with ClassGeneratedBy '/Game/ProjEngl/Maps/TopDownExampleMap.TopDownExampleMap:PersistentLevel.TopDownExampleMap'
[2020.01.04-19.03.32:651][106]LogSlate: Updating window title bar state: overlay mode, drag disabled, window buttons hidden, title bar hidden
[2020.01.04-19.03.32:681][106]LogSlate: Window 'ProjEng Game Preview Standalone (64-bit/PCD3D_SM5)' being destroyed
[2020.01.04-19.03.32:713][106]LogPlayLevel: Display: Shutting down PIE online subsystems
[2020.01.04-19.03.32:713][106]LogBlueprintUserMessages: Late EndPlayMap Detection: Level '/Game/ProjEngl/Maps/TopDownExampleMap.TopDownExampleMap:PersistentLevel' has LevelScriptBlueprint '/Game/ProjEngl/Maps/TopDownExampleMap.TopDownExampleMap:PersistentLevel.TopDownExampleMap' with GeneratedClass '/Game/ProjEngl/Maps/TopDownExampleMap.TopDownExampleMap_C' with ClassGeneratedBy '/Game/ProjEngl/Maps/TopDownExampleMap.TopDownExampleMap:PersistentLevel.TopDownExampleMap'
[2020.01.04-19.03.32:766][106]LogUObjectHash: Compacting FUObjectHashTables data took   2.11ms
[2020.01.04-19.03.32:788][107]LogPlayLevel: Display: Destroying online subsystem :Context_10
[2020.01.04-19.03.36:830][341]LogUObjectHash: Compacting FUObjectHashTables data took   1.88ms
[2020.01.04-19.03.36:854][341]Cmd: OBJ SAVEPACKAGE PACKAGE="/Game/ProjEngl/Maps/TopDownExampleMap" FILE="../../../../../ProjEng/ProjEng/ProjEng/Content/ProjEngl/Maps/TopDownExampleMap.umap" SILENT=true AUTOSAVING=false KEEPDIRTY=false
[2020.01.04-19.03.36:888][341]LogUObjectHash: Compacting FUObjectHashTables data took   0.69ms
[2020.01.04-19.03.37:253][341]LogSavePackage: Moving '../../../../../ProjEng/ProjEng/ProjEng/Saved/TopDownExampleMap6CFC9B71418856CBD9933CB422729A24.tmp' to '../../../../../ProjEng/ProjEng/ProjEng/Content/ProjEngl/Maps/TopDownExampleMap.umap'
[2020.01.04-19.03.37:318][341]LogFileHelpers: Saving map 'TopDownExampleMap' took 0.465
[2020.01.04-19.03.37:345][341]Cmd: OBJ SAVEPACKAGE PACKAGE="/Game/ProjEngl/Core/BP_BaseHero" FILE="../../../../../ProjEng/ProjEng/ProjEng/Content/ProjEngl/Core/BP_BaseHero.uasset" SILENT=true
[2020.01.04-19.03.37:578][341]LogSavePackage: Moving '../../../../../ProjEng/ProjEng/ProjEng/Saved/BP_BaseHero0187772A4F880953C876EA8774890837.tmp' to '../../../../../ProjEng/ProjEng/ProjEng/Content/ProjEngl/Core/BP_BaseHero.uasset'
[2020.01.04-19.03.37:919][358]BlueprintLog: New page: Compile BP_BaseHero
[2020.01.04-19.03.38:150][358]LogUObjectHash: Compacting FUObjectHashTables data took   2.71ms
[2020.01.04-19.04.08:861][191]LogAIModule: Creating AISystem for world Prison
[2020.01.04-19.04.08:871][191]LogAssetEditorManager: Opening Asset editor for World /Game/ProjEngl/Maps/Prison.Prison
[2020.01.04-19.04.08:905][191]LogUObjectHash: Compacting FUObjectHashTables data took   3.13ms
[2020.01.04-19.04.08:906][191]Cmd: MAP LOAD FILE="../../../../../ProjEng/ProjEng/ProjEng/Content/ProjEngl/Maps/Prison.umap" TEMPLATE=0 SHOWPROGRESS=1 FEATURELEVEL=3
[2020.01.04-19.04.08:906][191]LightingResults: New page: Lighting Build
[2020.01.04-19.04.08:907][191]LoadErrors: New page: Loading map: Prison.umap
[2020.01.04-19.04.08:908][191]MapCheck: New page: Map Check
[2020.01.04-19.04.08:908][191]LightingResults: New page: Lighting Build
[2020.01.04-19.04.08:942][191]LogUObjectHash: Compacting FUObjectHashTables data took   2.30ms
[2020.01.04-19.04.09:010][191]LogEditorServer: Finished looking for orphan Actors (0.000 secs)
[2020.01.04-19.04.09:040][191]LogUObjectHash: Compacting FUObjectHashTables data took   2.11ms
[2020.01.04-19.04.09:089][191]Cmd: MAP CHECKDEP NOCLEARLOG
[2020.01.04-19.04.09:090][191]MapCheck: Map check complete: 0 Error(s), 0 Warning(s), took 0,983ms to complete.
[2020.01.04-19.04.09:090][191]LogFileHelpers: Loading map 'Prison' took 0.184
[2020.01.04-19.04.19:588][808]LogAssetEditorManager: Opening Asset editor for Blueprint /Game/ProjEngl/Core/Weapon/BP_Dynamite.BP_Dynamite
[2020.01.04-19.04.32:396][548]LogTemp: Repeating last play command: New Editor Window (PIE)
[2020.01.04-19.04.32:425][548]LogBlueprintUserMessages: Early PlayInEditor Detection: Level '/Game/ProjEngl/Maps/Prison.Prison:PersistentLevel' has LevelScriptBlueprint '/Game/ProjEngl/Maps/Prison.Prison:PersistentLevel.Prison' with GeneratedClass '/Game/ProjEngl/Maps/Prison.Prison_C' with ClassGeneratedBy '/Game/ProjEngl/Maps/Prison.Prison:PersistentLevel.Prison'
[2020.01.04-19.04.32:425][548]LogPlayLevel: PlayLevel: No blueprints needed recompiling
[2020.01.04-19.04.32:425][548]PIE: New page: PIE session: Prison (5 янв. 2020 г., 1:04:32)
[2020.01.04-19.04.32:425][548]LogPlayLevel: Creating play world package: /Game/ProjEngl/Maps/UEDPIE_0_Prison
[2020.01.04-19.04.32:435][548]LogPlayLevel: PIE: StaticDuplicateObject took: (0.009142s)
[2020.01.04-19.04.32:435][548]LogAIModule: Creating AISystem for world Prison
[2020.01.04-19.04.32:435][548]LogPlayLevel: PIE: World Init took: (0.000792s)
[2020.01.04-19.04.32:435][548]LogPlayLevel: PIE: Created PIE world by copying editor world from /Game/ProjEngl/Maps/Prison.Prison to /Game/ProjEngl/Maps/UEDPIE_0_Prison.Prison (0.010129s)
[2020.01.04-19.04.32:468][548]LogUObjectHash: Compacting FUObjectHashTables data took   1.59ms
[2020.01.04-19.04.32:493][548]LogInit: XAudio2 using 'Наушники (JBL TUNE110BT Stereo)' : 2 channels at 44.1 kHz using 16 bits per sample (channel mask 0x3)
[2020.01.04-19.04.32:502][548]LogInit: FAudioDevice initialized.
[2020.01.04-19.04.32:507][548]LogSlate: Updating window title bar state: overlay mode, drag disabled, window buttons hidden, title bar hidden
[2020.01.04-19.04.32:540][548]LogLoad: Game class is 'GM_Base_C'
[2020.01.04-19.04.32:544][548]LogWorld: Bringing World /Game/ProjEngl/Maps/UEDPIE_0_Prison.Prison up for play (max tick rate 60) at 2020.01.04-22.04.32
[2020.01.04-19.04.32:544][548]LogWorld: Bringing up level for play took: 0.003760
[2020.01.04-19.04.32:560][548]LogScript: Warning: Script Msg: Attempted to access index 0 from array 'CallFunc_GetAllActorsOfClass_OutActors' of length 0 in '/Game/ProjEngl/Core/Splines/BP_SplinePathVisualizer.BP_SplinePathVisualizer_C:ExecuteUbergraph_BP_SplinePathVisualizer'!
[2020.01.04-19.04.32:565][548]PIE: Play in editor start time for /Game/ProjEngl/Maps/UEDPIE_0_Prison -0,488
[2020.01.04-19.04.32:565][548]LogBlueprintUserMessages: Late PlayInEditor Detection: Level '/Game/ProjEngl/Maps/Prison.Prison:PersistentLevel' has LevelScriptBlueprint '/Game/ProjEngl/Maps/Prison.Prison:PersistentLevel.Prison' with GeneratedClass '/Game/ProjEngl/Maps/Prison.Prison_C' with ClassGeneratedBy '/Game/ProjEngl/Maps/Prison.Prison:PersistentLevel.Prison'
[2020.01.04-19.04.35:067][684]LogBlueprintUserMessages: [BP_BaseHero_C_0] true
[2020.01.04-19.04.40:465][929]LogWindows: Error: === Critical error: ===
[2020.01.04-19.04.40:465][929]LogWindows: Error: 
[2020.01.04-19.04.40:465][929]LogWindows: Error: Fatal error!
[2020.01.04-19.04.40:465][929]LogWindows: Error: 
[2020.01.04-19.04.40:465][929]LogWindows: Error: Unhandled Exception: EXCEPTION_ACCESS_VIOLATION reading address 0x00000350
[2020.01.04-19.04.40:465][929]LogWindows: Error: 
[2020.01.04-19.04.40:465][929]LogWindows: Error: [Callstack] 0x00007ffc887a3ed4 UE4Editor-Engine.dll!UnknownFunction []
[2020.01.04-19.04.40:465][929]LogWindows: Error: [Callstack] 0x00007ffc887c1091 UE4Editor-Engine.dll!UnknownFunction []
[2020.01.04-19.04.40:465][929]LogWindows: Error: [Callstack] 0x00007ffcb510bac8 UE4Editor-CoreUObject.dll!UnknownFunction []
[2020.01.04-19.04.40:465][929]LogWindows: Error: [Callstack] 0x00007ffcb53000e2 UE4Editor-CoreUObject.dll!UnknownFunction []
[2020.01.04-19.04.40:465][929]LogWindows: Error: [Callstack] 0x00007ffcb531cbc1 UE4Editor-CoreUObject.dll!UnknownFunction []
[2020.01.04-19.04.40:465][929]LogWindows: Error: [Callstack] 0x00007ffcb531e98d UE4Editor-CoreUObject.dll!UnknownFunction []
[2020.01.04-19.04.40:465][929]LogWindows: Error: [Callstack] 0x00007ffcb531e378 UE4Editor-CoreUObject.dll!UnknownFunction []
[2020.01.04-19.04.40:465][929]LogWindows: Error: [Callstack] 0x00007ffcb510bac8 UE4Editor-CoreUObject.dll!UnknownFunction []
[2020.01.04-19.04.40:465][929]LogWindows: Error: [Callstack] 0x00007ffcb531df07 UE4Editor-CoreUObject.dll!UnknownFunction []
[2020.01.04-19.04.40:465][929]LogWindows: Error: [Callstack] 0x00007ffc87be9ff3 UE4Editor-Engine.dll!UnknownFunction []
[2020.01.04-19.04.40:465][929]LogWindows: Error: [Callstack] 0x00007ffc8837c8f8 UE4Editor-Engine.dll!UnknownFunction []
[2020.01.04-19.04.40:465][929]LogWindows: Error: [Callstack] 0x00007ffc8836ce8f UE4Editor-Engine.dll!UnknownFunction []
[2020.01.04-19.04.40:465][929]LogWindows: Error: [Callstack] 0x00007ffc88408cb3 UE4Editor-Engine.dll!UnknownFunction []
[2020.01.04-19.04.40:465][929]LogWindows: Error: [Callstack] 0x00007ffc97f402f7 UE4Editor-UnrealEd.dll!UnknownFunction []
[2020.01.04-19.04.40:465][929]LogWindows: Error: [Callstack] 0x00007ffc9875d396 UE4Editor-UnrealEd.dll!UnknownFunction []
[2020.01.04-19.04.40:465][929]LogWindows: Error: [Callstack] 0x00007ff69e0e6bb1 UE4Editor.exe!UnknownFunction []
[2020.01.04-19.04.40:465][929]LogWindows: Error: [Callstack] 0x00007ff69e0f554c UE4Editor.exe!UnknownFunction []
[2020.01.04-19.04.40:465][929]LogWindows: Error: [Callstack] 0x00007ff69e0f55ca UE4Editor.exe!UnknownFunction []
[2020.01.04-19.04.40:465][929]LogWindows: Error: [Callstack] 0x00007ff69e10316c UE4Editor.exe!UnknownFunction []
[2020.01.04-19.04.40:465][929]LogWindows: Error: [Callstack] 0x00007ff69e105b8e UE4Editor.exe!UnknownFunction []
[2020.01.04-19.04.40:465][929]LogWindows: Error: [Callstack] 0x00007ffcf50d81f4 KERNEL32.DLL!UnknownFunction []
[2020.01.04-19.04.40:465][929]LogWindows: Error: [Callstack] 0x00007ffcf521a251 ntdll.dll!UnknownFunction []
[2020.01.04-19.04.40:465][929]LogWindows: Error: 
[2020.01.04-19.04.40:667][929]LogExit: Executing StaticShutdownAfterError
[2020.01.04-19.04.40:671][929]LogWindows: FPlatformMisc::RequestExit(1)
[2020.01.04-19.04.40:712][929]Log file closed, 01/04/20 22:04:40
