Log file open, 02/06/20 20:41:02
LogWindows: Failed to load 'aqProf.dll' (GetLastError=126)
LogWindows: File 'aqProf.dll' does not exist
LogWindows: Failed to load 'VtuneApi.dll' (GetLastError=126)
LogWindows: File 'VtuneApi.dll' does not exist
LogWindows: Failed to load 'VtuneApi32e.dll' (GetLastError=126)
LogWindows: File 'VtuneApi32e.dll' does not exist
LogConsoleResponse: Display: Failed to find resolution value strings in scalability ini. Falling back to default.
LogInit: Display: Running engine for game: ProjEng
LogPakFile: Registered encryption key '00000000000000000000000000000000': 0 pak files mounted, 0 remain pending
LogPlatformFile: Not using cached read wrapper
LogTaskGraph: Started task graph with 5 named threads and 35 total threads with 3 sets of task threads.
LogStats: Stats thread started at 3.728305
LogD3D11RHI: Loaded GFSDK_Aftermath_Lib.x64.dll
LogICUInternationalization: ICU TimeZone Detection - Raw Offset: +3:00, Platform Override: ''
LogPluginManager: Mounting plugin Paper2D
LogPluginManager: Mounting plugin AISupport
LogPluginManager: Mounting plugin LightPropagationVolume
LogPluginManager: Mounting plugin ActorLayerUtilities
LogPluginManager: Mounting plugin AnimationSharing
LogPluginManager: Mounting plugin CLionSourceCodeAccess
LogPluginManager: Mounting plugin CodeLiteSourceCodeAccess
LogPluginManager: Mounting plugin GitSourceControl
LogPluginManager: Mounting plugin KDevelopSourceCodeAccess
LogPluginManager: Mounting plugin NullSourceCodeAccess
LogPluginManager: Mounting plugin PerforceSourceControl
LogPluginManager: Mounting plugin SubversionSourceControl
LogPluginManager: Mounting plugin UObjectPlugin
LogPluginManager: Mounting plugin VisualStudioCodeSourceCodeAccess
LogPluginManager: Mounting plugin VisualStudioSourceCodeAccess
LogPluginManager: Mounting plugin XCodeSourceCodeAccess
LogPluginManager: Mounting plugin AssetManagerEditor
LogPluginManager: Mounting plugin CryptoKeys
LogPluginManager: Mounting plugin DataValidation
LogPluginManager: Mounting plugin FacialAnimation
LogPluginManager: Mounting plugin GameplayTagsEditor
LogPluginManager: Mounting plugin MacGraphicsSwitching
LogPluginManager: Mounting plugin MaterialAnalyzer
LogPluginManager: Mounting plugin MobileLauncherProfileWizard
LogPluginManager: Mounting plugin PluginBrowser
LogPluginManager: Mounting plugin SpeedTreeImporter
LogPluginManager: Mounting plugin DatasmithContent
LogPluginManager: Mounting plugin VariantManagerContent
LogPluginManager: Mounting plugin AlembicImporter
LogPluginManager: Mounting plugin AppleImageUtils
LogPluginManager: Mounting plugin AppleVision
LogPluginManager: Mounting plugin BackChannel
LogPluginManager: Mounting plugin CharacterAI
LogPluginManager: Mounting plugin GeometryCache
LogPluginManager: Mounting plugin HTML5Networking
LogPluginManager: Mounting plugin ProxyLODPlugin
LogPluginManager: Mounting plugin SkeletalReduction
LogPluginManager: Mounting plugin MagicLeap
LogPluginManager: Mounting plugin MagicLeapMedia
LogPluginManager: Mounting plugin AndroidMedia
LogPluginManager: Mounting plugin AvfMedia
LogPluginManager: Mounting plugin ImgMedia
LogPluginManager: Mounting plugin LinearTimecode
LogPluginManager: Mounting plugin MediaCompositing
LogPluginManager: Mounting plugin MediaPlayerEditor
LogPluginManager: Mounting plugin WebMMedia
LogPluginManager: Mounting plugin WmfMedia
LogPluginManager: Mounting plugin TcpMessaging
LogPluginManager: Mounting plugin UdpMessaging
LogPluginManager: Mounting plugin ActorSequence
LogPluginManager: Mounting plugin LevelSequenceEditor
LogPluginManager: Mounting plugin MatineeToLevelSequence
LogPluginManager: Mounting plugin NetcodeUnitTest
LogPluginManager: Mounting plugin NUTUnrealEngine4
LogPluginManager: Mounting plugin OnlineSubsystemGooglePlay
LogPluginManager: Mounting plugin OnlineSubsystemIOS
LogPluginManager: Mounting plugin OnlineSubsystem
LogPluginManager: Mounting plugin OnlineSubsystemNull
LogPluginManager: Mounting plugin OnlineSubsystemUtils
LogPluginManager: Mounting plugin LauncherChunkInstaller
LogPluginManager: Mounting plugin AndroidDeviceProfileSelector
LogPluginManager: Mounting plugin AndroidMoviePlayer
LogPluginManager: Mounting plugin AndroidPermission
LogPluginManager: Mounting plugin ApexDestruction
LogPluginManager: Mounting plugin AppleMoviePlayer
LogPluginManager: Mounting plugin ArchVisCharacter
LogPluginManager: Mounting plugin AudioCapture
LogPluginManager: Mounting plugin CableComponent
LogPluginManager: Mounting plugin CustomMeshComponent
LogPluginManager: Mounting plugin EditableMesh
LogPluginManager: Mounting plugin ExampleDeviceProfileSelector
LogPluginManager: Mounting plugin Firebase
LogPluginManager: Mounting plugin GoogleCloudMessaging
LogPluginManager: Mounting plugin IOSDeviceProfileSelector
LogPluginManager: Mounting plugin LinuxDeviceProfileSelector
LogPluginManager: Mounting plugin LocationServicesBPLibrary
LogPluginManager: Mounting plugin MobilePatchingUtils
LogPluginManager: Mounting plugin OculusVR
LogPluginManager: Mounting plugin PhysXVehicles
LogPluginManager: Mounting plugin ProceduralMeshComponent
LogPluginManager: Mounting plugin RuntimePhysXCooking
LogPluginManager: Mounting plugin SignificanceManager
LogPluginManager: Mounting plugin SteamVR
LogPluginManager: Mounting plugin WebMMoviePlayer
LogPluginManager: Mounting plugin WindowsMoviePlayer
LogInit: Using libcurl 7.55.1-DEV
LogInit:  - built for x86_64-pc-win32
LogInit:  - supports SSL with OpenSSL/1.1.1
LogInit:  - supports HTTP deflate (compression) using libz 1.2.8
LogInit:  - other features:
LogInit:      CURL_VERSION_SSL
LogInit:      CURL_VERSION_LIBZ
LogInit:      CURL_VERSION_IPV6
LogInit:      CURL_VERSION_ASYNCHDNS
LogInit:      CURL_VERSION_LARGEFILE
LogInit:      CURL_VERSION_IDN
LogInit:  CurlRequestOptions (configurable via config and command line):
LogInit:  - bVerifyPeer = true  - Libcurl will verify peer certificate
LogInit:  - bUseHttpProxy = false  - Libcurl will NOT use HTTP proxy
LogInit:  - bDontReuseConnections = false  - Libcurl will reuse connections
LogInit:  - MaxHostConnections = 16  - Libcurl will limit the number of connections to a host
LogInit:  - LocalHostAddr = Default
LogInit:  - BufferSize = 65536
LogInit: WinSock: version 1.1 (2.2), MaxSocks=32767, MaxUdp=65467
LogInit: Build: ++UE4+Release-4.22-CL-7053642
LogInit: Engine Version: 4.22.3-7053642+++UE4+Release-4.22
LogInit: Compatible Engine Version: 4.22.0-5660361+++UE4+Release-4.22
LogInit: Net CL: 5660361
LogInit: OS: Windows 10 (Release 1809) (), CPU: Intel(R) Core(TM) i7-8750H CPU @ 2.20GHz, GPU: Intel(R) UHD Graphics 630
LogInit: Compiled (64-bit): Jun 18 2019 03:09:11
LogInit: Compiled with Visual C++: 19.16.27025.01
LogInit: Build Configuration: Development
LogInit: Branch Name: ++UE4+Release-4.22
LogInit: Command Line: 
LogInit: Base Directory: D:/Epic Games/UE_4.22/Engine/Binaries/Win64/
LogInit: Installed Engine Build: 1
LogDevObjectVersion: Number of dev versions registered: 23
LogDevObjectVersion:   Dev-Blueprints (B0D832E4-1F89-4F0D-ACCF-7EB736FD4AA2): 10
LogDevObjectVersion:   Dev-Build (E1C64328-A22C-4D53-A36C-8E866417BD8C): 0
LogDevObjectVersion:   Dev-Core (375EC13C-06E4-48FB-B500-84F0262A717E): 3
LogDevObjectVersion:   Dev-Editor (E4B068ED-F494-42E9-A231-DA0B2E46BB41): 30
LogDevObjectVersion:   Dev-Framework (CFFC743F-43B0-4480-9391-14DF171D2073): 35
LogDevObjectVersion:   Dev-Mobile (B02B49B5-BB20-44E9-A304-32B752E40360): 2
LogDevObjectVersion:   Dev-Networking (A4E4105C-59A1-49B5-A7C5-40C4547EDFEE): 0
LogDevObjectVersion:   Dev-Online (39C831C9-5AE6-47DC-9A44-9C173E1C8E7C): 0
LogDevObjectVersion:   Dev-Physics (78F01B33-EBEA-4F98-B9B4-84EACCB95AA2): 0
LogDevObjectVersion:   Dev-Platform (6631380F-2D4D-43E0-8009-CF276956A95A): 0
LogDevObjectVersion:   Dev-Rendering (12F88B9F-8875-4AFC-A67C-D90C383ABD29): 28
LogDevObjectVersion:   Dev-Sequencer (7B5AE74C-D270-4C10-A958-57980B212A5A): 11
LogDevObjectVersion:   Dev-VR (D7296918-1DD6-4BDD-9DE2-64A83CC13884): 2
LogDevObjectVersion:   Dev-LoadTimes (C2A15278-BFE7-4AFE-6C17-90FF531DF755): 1
LogDevObjectVersion:   Private-Geometry (6EACA3D4-40EC-4CC1-B786-8BED09428FC5): 3
LogDevObjectVersion:   Dev-AnimPhys (29E575DD-E0A3-4627-9D10-D276232CDCEA): 17
LogDevObjectVersion:   Dev-Anim (AF43A65D-7FD3-4947-9873-3E8ED9C1BB05): 2
LogDevObjectVersion:   Dev-ReflectionCapture (6B266CEC-1EC7-4B8F-A30B-E4D90942FC07): 1
LogDevObjectVersion:   Dev-Automation (0DF73D61-A23F-47EA-B727-89E90C41499A): 1
LogDevObjectVersion:   FortniteMain (601D1886-AC64-4F84-AA16-D3DE0DEAC7D6): 25
LogDevObjectVersion:   Dev-Enterprise (9DFFBCD6-494F-0158-E221-12823C92A888): 6
LogDevObjectVersion:   Dev-Niagara (F2AED0AC-9AFE-416F-8664-AA7FFA26D6FC): 1
LogDevObjectVersion:   Dev-Destruction (174F1F0B-B4C6-45A5-B13F-2EE8D0FB917D): 2
LogInit: Presizing for max 16777216 objects, including 0 objects not considered by GC, pre-allocating 0 bytes for permanent pool.
LogInit: Object subsystem initialized
LogConfig: Setting CVar [[con.DebugEarlyDefault:1]]
LogConfig: Setting CVar [[r.setres:1280x720]]
[2020.02.06-17.41.07:199][  0]LogConfig: Setting CVar [[r.VSync:0]]
[2020.02.06-17.41.07:199][  0]LogConfig: Setting CVar [[r.RHICmdBypass:0]]
[2020.02.06-17.41.07:200][  0]LogConfig: Applying CVar settings from Section [/Script/Engine.RendererSettings] File [D:/ProjEng/ProjEng/ProjEng/Saved/Config/Windows/Engine.ini]
[2020.02.06-17.41.07:200][  0]LogConfig: Setting CVar [[r.GPUCrashDebugging:0]]
[2020.02.06-17.41.07:200][  0]LogConfig: Applying CVar settings from Section [/Script/Engine.RendererOverrideSettings] File [D:/ProjEng/ProjEng/ProjEng/Saved/Config/Windows/Engine.ini]
[2020.02.06-17.41.07:200][  0]LogConfig: Applying CVar settings from Section [/Script/Engine.StreamingSettings] File [D:/ProjEng/ProjEng/ProjEng/Saved/Config/Windows/Engine.ini]
[2020.02.06-17.41.07:200][  0]LogConfig: Setting CVar [[s.MinBulkDataSizeForAsyncLoading:131072]]
[2020.02.06-17.41.07:200][  0]LogConfig: Setting CVar [[s.AsyncLoadingThreadEnabled:0]]
[2020.02.06-17.41.07:200][  0]LogConfig: Setting CVar [[s.EventDrivenLoaderEnabled:1]]
[2020.02.06-17.41.07:200][  0]LogConfig: Setting CVar [[s.WarnIfTimeLimitExceeded:0]]
[2020.02.06-17.41.07:200][  0]LogConfig: Setting CVar [[s.TimeLimitExceededMultiplier:1.5]]
[2020.02.06-17.41.07:200][  0]LogConfig: Setting CVar [[s.TimeLimitExceededMinTime:0.005]]
[2020.02.06-17.41.07:200][  0]LogConfig: Setting CVar [[s.UseBackgroundLevelStreaming:1]]
[2020.02.06-17.41.07:200][  0]LogConfig: Setting CVar [[s.PriorityAsyncLoadingExtraTime:15.0]]
[2020.02.06-17.41.07:200][  0]LogConfig: Setting CVar [[s.LevelStreamingActorsUpdateTimeLimit:5.0]]
[2020.02.06-17.41.07:200][  0]LogConfig: Setting CVar [[s.PriorityLevelStreamingActorsUpdateExtraTime:5.0]]
[2020.02.06-17.41.07:200][  0]LogConfig: Setting CVar [[s.LevelStreamingComponentsRegistrationGranularity:10]]
[2020.02.06-17.41.07:200][  0]LogConfig: Setting CVar [[s.UnregisterComponentsTimeLimit:1.0]]
[2020.02.06-17.41.07:200][  0]LogConfig: Setting CVar [[s.LevelStreamingComponentsUnregistrationGranularity:5]]
[2020.02.06-17.41.07:200][  0]LogConfig: Applying CVar settings from Section [/Script/Engine.GarbageCollectionSettings] File [D:/ProjEng/ProjEng/ProjEng/Saved/Config/Windows/Engine.ini]
[2020.02.06-17.41.07:200][  0]LogConfig: Setting CVar [[gc.MaxObjectsNotConsideredByGC:1]]
[2020.02.06-17.41.07:200][  0]LogConfig: Setting CVar [[gc.SizeOfPermanentObjectPool:0]]
[2020.02.06-17.41.07:200][  0]LogConfig: Setting CVar [[gc.FlushStreamingOnGC:0]]
[2020.02.06-17.41.07:200][  0]LogConfig: Setting CVar [[gc.NumRetriesBeforeForcingGC:10]]
[2020.02.06-17.41.07:200][  0]LogConfig: Setting CVar [[gc.AllowParallelGC:1]]
[2020.02.06-17.41.07:200][  0]LogConfig: Setting CVar [[gc.TimeBetweenPurgingPendingKillObjects:61.1]]
[2020.02.06-17.41.07:200][  0]LogConfig: Setting CVar [[gc.MaxObjectsInEditor:16777216]]
[2020.02.06-17.41.07:200][  0]LogConfig: Setting CVar [[gc.IncrementalBeginDestroyEnabled:1]]
[2020.02.06-17.41.07:200][  0]LogConfig: Setting CVar [[gc.CreateGCClusters:1]]
[2020.02.06-17.41.07:200][  0]LogConfig: Setting CVar [[gc.MinGCClusterSize:5]]
[2020.02.06-17.41.07:200][  0]LogConfig: Setting CVar [[gc.ActorClusteringEnabled:0]]
[2020.02.06-17.41.07:200][  0]LogConfig: Setting CVar [[gc.BlueprintClusteringEnabled:0]]
[2020.02.06-17.41.07:200][  0]LogConfig: Setting CVar [[gc.UseDisregardForGCOnDedicatedServers:0]]
[2020.02.06-17.41.07:200][  0]LogConfig: Applying CVar settings from Section [/Script/Engine.NetworkSettings] File [D:/ProjEng/ProjEng/ProjEng/Saved/Config/Windows/Engine.ini]
[2020.02.06-17.41.07:200][  0]LogConfig: Applying CVar settings from Section [/Script/UnrealEd.CookerSettings] File [D:/ProjEng/ProjEng/ProjEng/Saved/Config/Windows/Engine.ini]
[2020.02.06-17.41.07:313][  0]LogConfig: Applying CVar settings from Section [ViewDistanceQuality@3] File [D:/ProjEng/ProjEng/ProjEng/Saved/Config/Windows/Scalability.ini]
[2020.02.06-17.41.07:313][  0]LogConfig: Setting CVar [[r.SkeletalMeshLODBias:0]]
[2020.02.06-17.41.07:313][  0]LogConfig: Setting CVar [[r.ViewDistanceScale:1.0]]
[2020.02.06-17.41.07:314][  0]LogConfig: Applying CVar settings from Section [AntiAliasingQuality@3] File [D:/ProjEng/ProjEng/ProjEng/Saved/Config/Windows/Scalability.ini]
[2020.02.06-17.41.07:314][  0]LogConfig: Setting CVar [[r.PostProcessAAQuality:4]]
[2020.02.06-17.41.07:314][  0]LogConfig: Applying CVar settings from Section [ShadowQuality@3] File [D:/ProjEng/ProjEng/ProjEng/Saved/Config/Windows/Scalability.ini]
[2020.02.06-17.41.07:314][  0]LogConfig: Setting CVar [[r.LightFunctionQuality:1]]
[2020.02.06-17.41.07:314][  0]LogConfig: Setting CVar [[r.ShadowQuality:5]]
[2020.02.06-17.41.07:314][  0]LogConfig: Setting CVar [[r.Shadow.CSM.MaxCascades:10]]
[2020.02.06-17.41.07:314][  0]LogConfig: Setting CVar [[r.Shadow.MaxResolution:2048]]
[2020.02.06-17.41.07:314][  0]LogConfig: Setting CVar [[r.Shadow.MaxCSMResolution:2048]]
[2020.02.06-17.41.07:314][  0]LogConfig: Setting CVar [[r.Shadow.RadiusThreshold:0.01]]
[2020.02.06-17.41.07:314][  0]LogConfig: Setting CVar [[r.Shadow.DistanceScale:1.0]]
[2020.02.06-17.41.07:314][  0]LogConfig: Setting CVar [[r.Shadow.CSM.TransitionScale:1.0]]
[2020.02.06-17.41.07:314][  0]LogConfig: Setting CVar [[r.Shadow.PreShadowResolutionFactor:1.0]]
[2020.02.06-17.41.07:314][  0]LogConfig: Setting CVar [[r.DistanceFieldShadowing:1]]
[2020.02.06-17.41.07:314][  0]LogConfig: Setting CVar [[r.DistanceFieldAO:1]]
[2020.02.06-17.41.07:314][  0]LogConfig: Setting CVar [[r.AOQuality:2]]
[2020.02.06-17.41.07:314][  0]LogConfig: Setting CVar [[r.VolumetricFog:1]]
[2020.02.06-17.41.07:314][  0]LogConfig: Setting CVar [[r.VolumetricFog.GridPixelSize:8]]
[2020.02.06-17.41.07:314][  0]LogConfig: Setting CVar [[r.VolumetricFog.GridSizeZ:128]]
[2020.02.06-17.41.07:314][  0]LogConfig: Setting CVar [[r.VolumetricFog.HistoryMissSupersampleCount:4]]
[2020.02.06-17.41.07:314][  0]LogConfig: Setting CVar [[r.LightMaxDrawDistanceScale:1]]
[2020.02.06-17.41.07:314][  0]LogConfig: Setting CVar [[r.CapsuleShadows:1]]
[2020.02.06-17.41.07:314][  0]LogConfig: Applying CVar settings from Section [PostProcessQuality@3] File [D:/ProjEng/ProjEng/ProjEng/Saved/Config/Windows/Scalability.ini]
[2020.02.06-17.41.07:314][  0]LogConfig: Setting CVar [[r.MotionBlurQuality:4]]
[2020.02.06-17.41.07:314][  0]LogConfig: Setting CVar [[r.AmbientOcclusionMipLevelFactor:0.4]]
[2020.02.06-17.41.07:314][  0]LogConfig: Setting CVar [[r.AmbientOcclusionMaxQuality:100]]
[2020.02.06-17.41.07:314][  0]LogConfig: Setting CVar [[r.AmbientOcclusionLevels:-1]]
[2020.02.06-17.41.07:314][  0]LogConfig: Setting CVar [[r.AmbientOcclusionRadiusScale:1.0]]
[2020.02.06-17.41.07:314][  0]LogConfig: Setting CVar [[r.DepthOfFieldQuality:2]]
[2020.02.06-17.41.07:314][  0]LogConfig: Setting CVar [[r.RenderTargetPoolMin:400]]
[2020.02.06-17.41.07:314][  0]LogConfig: Setting CVar [[r.LensFlareQuality:2]]
[2020.02.06-17.41.07:314][  0]LogConfig: Setting CVar [[r.SceneColorFringeQuality:1]]
[2020.02.06-17.41.07:314][  0]LogConfig: Setting CVar [[r.EyeAdaptationQuality:2]]
[2020.02.06-17.41.07:314][  0]LogConfig: Setting CVar [[r.BloomQuality:5]]
[2020.02.06-17.41.07:314][  0]LogConfig: Setting CVar [[r.FastBlurThreshold:100]]
[2020.02.06-17.41.07:314][  0]LogConfig: Setting CVar [[r.Upscale.Quality:3]]
[2020.02.06-17.41.07:314][  0]LogConfig: Setting CVar [[r.Tonemapper.GrainQuantization:1]]
[2020.02.06-17.41.07:314][  0]LogConfig: Setting CVar [[r.LightShaftQuality:1]]
[2020.02.06-17.41.07:314][  0]LogConfig: Setting CVar [[r.Filter.SizeScale:1]]
[2020.02.06-17.41.07:314][  0]LogConfig: Setting CVar [[r.Tonemapper.Quality:5]]
[2020.02.06-17.41.07:314][  0]LogConfig: Setting CVar [[r.DOF.Gather.AccumulatorQuality:1        ; higher gathering accumulator quality]]
[2020.02.06-17.41.07:314][  0]LogConfig: Setting CVar [[r.DOF.Gather.PostfilterMethod:1          ; Median3x3 postfilering method]]
[2020.02.06-17.41.07:314][  0]LogConfig: Setting CVar [[r.DOF.Gather.EnableBokehSettings:0       ; no bokeh simulation when gathering]]
[2020.02.06-17.41.07:314][  0]LogConfig: Setting CVar [[r.DOF.Gather.RingCount:4                 ; medium number of samples when gathering]]
[2020.02.06-17.41.07:314][  0]LogConfig: Setting CVar [[r.DOF.Scatter.ForegroundCompositing:1    ; additive foreground scattering]]
[2020.02.06-17.41.07:314][  0]LogConfig: Setting CVar [[r.DOF.Scatter.BackgroundCompositing:2    ; additive background scattering]]
[2020.02.06-17.41.07:314][  0]LogConfig: Setting CVar [[r.DOF.Scatter.EnableBokehSettings:1      ; bokeh simulation when scattering]]
[2020.02.06-17.41.07:314][  0]LogConfig: Setting CVar [[r.DOF.Scatter.MaxSpriteRatio:0.1         ; only a maximum of 10% of scattered bokeh]]
[2020.02.06-17.41.07:314][  0]LogConfig: Setting CVar [[r.DOF.Recombine.Quality:1                ; cheap slight out of focus]]
[2020.02.06-17.41.07:314][  0]LogConfig: Setting CVar [[r.DOF.Recombine.EnableBokehSettings:0    ; no bokeh simulation on slight out of focus]]
[2020.02.06-17.41.07:314][  0]LogConfig: Setting CVar [[r.DOF.TemporalAAQuality:1                ; more stable temporal accumulation]]
[2020.02.06-17.41.07:314][  0]LogConfig: Setting CVar [[r.DOF.Kernel.MaxForegroundRadius:0.025]]
[2020.02.06-17.41.07:314][  0]LogConfig: Setting CVar [[r.DOF.Kernel.MaxBackgroundRadius:0.025]]
[2020.02.06-17.41.07:314][  0]LogConfig: Applying CVar settings from Section [TextureQuality@3] File [D:/ProjEng/ProjEng/ProjEng/Saved/Config/Windows/Scalability.ini]
[2020.02.06-17.41.07:314][  0]LogConfig: Setting CVar [[r.Streaming.MipBias:0]]
[2020.02.06-17.41.07:314][  0]LogConfig: Setting CVar [[r.Streaming.AmortizeCPUToGPUCopy:0]]
[2020.02.06-17.41.07:314][  0]LogConfig: Setting CVar [[r.Streaming.MaxNumTexturesToStreamPerFrame:0]]
[2020.02.06-17.41.07:314][  0]LogConfig: Setting CVar [[r.Streaming.Boost:1]]
[2020.02.06-17.41.07:314][  0]LogConfig: Setting CVar [[r.MaxAnisotropy:8]]
[2020.02.06-17.41.07:314][  0]LogConfig: Setting CVar [[r.Streaming.LimitPoolSizeToVRAM:0]]
[2020.02.06-17.41.07:314][  0]LogConfig: Setting CVar [[r.Streaming.PoolSize:1000]]
[2020.02.06-17.41.07:314][  0]LogConfig: Setting CVar [[r.Streaming.MaxEffectiveScreenSize:0]]
[2020.02.06-17.41.07:314][  0]LogConfig: Applying CVar settings from Section [EffectsQuality@3] File [D:/ProjEng/ProjEng/ProjEng/Saved/Config/Windows/Scalability.ini]
[2020.02.06-17.41.07:314][  0]LogConfig: Setting CVar [[r.TranslucencyLightingVolumeDim:64]]
[2020.02.06-17.41.07:314][  0]LogConfig: Setting CVar [[r.RefractionQuality:2]]
[2020.02.06-17.41.07:314][  0]LogConfig: Setting CVar [[r.SSR.Quality:3]]
[2020.02.06-17.41.07:314][  0]LogConfig: Setting CVar [[r.SceneColorFormat:4]]
[2020.02.06-17.41.07:314][  0]LogConfig: Setting CVar [[r.DetailMode:2]]
[2020.02.06-17.41.07:314][  0]LogConfig: Setting CVar [[r.TranslucencyVolumeBlur:1]]
[2020.02.06-17.41.07:314][  0]LogConfig: Setting CVar [[r.MaterialQualityLevel:1 ; High quality]]
[2020.02.06-17.41.07:314][  0]LogConfig: Setting CVar [[r.SSS.Scale:1]]
[2020.02.06-17.41.07:314][  0]LogConfig: Setting CVar [[r.SSS.SampleSet:2]]
[2020.02.06-17.41.07:314][  0]LogConfig: Setting CVar [[r.SSS.Quality:1]]
[2020.02.06-17.41.07:314][  0]LogConfig: Setting CVar [[r.SSS.HalfRes:1]]
[2020.02.06-17.41.07:314][  0]LogConfig: Setting CVar [[r.EmitterSpawnRateScale:1.0]]
[2020.02.06-17.41.07:314][  0]LogConfig: Setting CVar [[r.ParticleLightQuality:2]]
[2020.02.06-17.41.07:314][  0]LogConfig: Applying CVar settings from Section [FoliageQuality@3] File [D:/ProjEng/ProjEng/ProjEng/Saved/Config/Windows/Scalability.ini]
[2020.02.06-17.41.07:314][  0]LogConfig: Setting CVar [[foliage.DensityScale:1.0]]
[2020.02.06-17.41.07:314][  0]LogConfig: Setting CVar [[grass.DensityScale:1.0]]
[2020.02.06-17.41.07:333][  0]LogInit: Selected Device Profile: [Windows]
[2020.02.06-17.41.07:334][  0]LogInit: Applying CVar settings loaded from the selected device profile: [Windows]
[2020.02.06-17.41.07:406][  0]LogHAL: Display: Platform has ~ 8 GB [8442679296 / 8589934592 / 8], which maps to Default [LargestMinGB=32, LargerMinGB=12, DefaultMinGB=8, SmallerMinGB=6, SmallestMinGB=0)
[2020.02.06-17.41.07:409][  0]LogConfig: Setting CVar [[r.Vulkan.UseRealUBs:0		; Required until we fix HLR fall-out]]
[2020.02.06-17.41.07:409][  0]LogInit: Going up to parent DeviceProfile []
[2020.02.06-17.41.07:422][  0]LogConfig: Applying CVar settings from Section [ViewDistanceQuality@0] File [D:/ProjEng/ProjEng/ProjEng/Saved/Config/Windows/Scalability.ini]
[2020.02.06-17.41.07:422][  0]LogConfig: Setting CVar [[r.SkeletalMeshLODBias:2]]
[2020.02.06-17.41.07:422][  0]LogConfig: Setting CVar [[r.ViewDistanceScale:0.4]]
[2020.02.06-17.41.07:422][  0]LogConfig: Applying CVar settings from Section [AntiAliasingQuality@0] File [D:/ProjEng/ProjEng/ProjEng/Saved/Config/Windows/Scalability.ini]
[2020.02.06-17.41.07:422][  0]LogConfig: Setting CVar [[r.PostProcessAAQuality:0]]
[2020.02.06-17.41.07:422][  0]LogConfig: Applying CVar settings from Section [ShadowQuality@2] File [D:/ProjEng/ProjEng/ProjEng/Saved/Config/Windows/Scalability.ini]
[2020.02.06-17.41.07:422][  0]LogConfig: Setting CVar [[r.LightFunctionQuality:1]]
[2020.02.06-17.41.07:422][  0]LogConfig: Setting CVar [[r.ShadowQuality:5]]
[2020.02.06-17.41.07:422][  0]LogConfig: Setting CVar [[r.Shadow.CSM.MaxCascades:4]]
[2020.02.06-17.41.07:422][  0]LogConfig: Setting CVar [[r.Shadow.MaxResolution:1024]]
[2020.02.06-17.41.07:422][  0]LogConfig: Setting CVar [[r.Shadow.MaxCSMResolution:2048]]
[2020.02.06-17.41.07:422][  0]LogConfig: Setting CVar [[r.Shadow.RadiusThreshold:0.04]]
[2020.02.06-17.41.07:422][  0]LogConfig: Setting CVar [[r.Shadow.DistanceScale:0.85]]
[2020.02.06-17.41.07:422][  0]LogConfig: Setting CVar [[r.Shadow.CSM.TransitionScale:0.8]]
[2020.02.06-17.41.07:422][  0]LogConfig: Setting CVar [[r.Shadow.PreShadowResolutionFactor:0.5]]
[2020.02.06-17.41.07:422][  0]LogConfig: Setting CVar [[r.DistanceFieldShadowing:1]]
[2020.02.06-17.41.07:422][  0]LogConfig: Setting CVar [[r.DistanceFieldAO:1]]
[2020.02.06-17.41.07:422][  0]LogConfig: Setting CVar [[r.AOQuality:1]]
[2020.02.06-17.41.07:422][  0]LogConfig: Setting CVar [[r.VolumetricFog:1]]
[2020.02.06-17.41.07:422][  0]LogConfig: Setting CVar [[r.VolumetricFog.GridPixelSize:16]]
[2020.02.06-17.41.07:422][  0]LogConfig: Setting CVar [[r.VolumetricFog.GridSizeZ:64]]
[2020.02.06-17.41.07:422][  0]LogConfig: Setting CVar [[r.VolumetricFog.HistoryMissSupersampleCount:4]]
[2020.02.06-17.41.07:422][  0]LogConfig: Setting CVar [[r.LightMaxDrawDistanceScale:1]]
[2020.02.06-17.41.07:422][  0]LogConfig: Setting CVar [[r.CapsuleShadows:1]]
[2020.02.06-17.41.07:422][  0]LogConfig: Applying CVar settings from Section [PostProcessQuality@0] File [D:/ProjEng/ProjEng/ProjEng/Saved/Config/Windows/Scalability.ini]
[2020.02.06-17.41.07:422][  0]LogConfig: Setting CVar [[r.MotionBlurQuality:0]]
[2020.02.06-17.41.07:423][  0]LogConfig: Setting CVar [[r.AmbientOcclusionMipLevelFactor:1.0]]
[2020.02.06-17.41.07:423][  0]LogConfig: Setting CVar [[r.AmbientOcclusionMaxQuality:0]]
[2020.02.06-17.41.07:423][  0]LogConfig: Setting CVar [[r.AmbientOcclusionLevels:0]]
[2020.02.06-17.41.07:423][  0]LogConfig: Setting CVar [[r.AmbientOcclusionRadiusScale:1.2]]
[2020.02.06-17.41.07:423][  0]LogConfig: Setting CVar [[r.DepthOfFieldQuality:0]]
[2020.02.06-17.41.07:423][  0]LogConfig: Setting CVar [[r.RenderTargetPoolMin:300]]
[2020.02.06-17.41.07:423][  0]LogConfig: Setting CVar [[r.LensFlareQuality:0]]
[2020.02.06-17.41.07:423][  0]LogConfig: Setting CVar [[r.SceneColorFringeQuality:0]]
[2020.02.06-17.41.07:423][  0]LogConfig: Setting CVar [[r.EyeAdaptationQuality:0]]
[2020.02.06-17.41.07:423][  0]LogConfig: Setting CVar [[r.BloomQuality:4]]
[2020.02.06-17.41.07:423][  0]LogConfig: Setting CVar [[r.FastBlurThreshold:0]]
[2020.02.06-17.41.07:423][  0]LogConfig: Setting CVar [[r.Upscale.Quality:1]]
[2020.02.06-17.41.07:423][  0]LogConfig: Setting CVar [[r.Tonemapper.GrainQuantization:0]]
[2020.02.06-17.41.07:423][  0]LogConfig: Setting CVar [[r.LightShaftQuality:0]]
[2020.02.06-17.41.07:423][  0]LogConfig: Setting CVar [[r.Filter.SizeScale:0.6]]
[2020.02.06-17.41.07:423][  0]LogConfig: Setting CVar [[r.Tonemapper.Quality:0]]
[2020.02.06-17.41.07:423][  0]LogConfig: Applying CVar settings from Section [TextureQuality@0] File [D:/ProjEng/ProjEng/ProjEng/Saved/Config/Windows/Scalability.ini]
[2020.02.06-17.41.07:423][  0]LogConfig: Setting CVar [[r.Streaming.MipBias:16]]
[2020.02.06-17.41.07:423][  0]LogConfig: Setting CVar [[r.Streaming.AmortizeCPUToGPUCopy:1]]
[2020.02.06-17.41.07:423][  0]LogConfig: Setting CVar [[r.Streaming.MaxNumTexturesToStreamPerFrame:1]]
[2020.02.06-17.41.07:423][  0]LogConfig: Setting CVar [[r.Streaming.Boost:0.3]]
[2020.02.06-17.41.07:423][  0]LogConfig: Setting CVar [[r.MaxAnisotropy:0]]
[2020.02.06-17.41.07:423][  0]LogConfig: Setting CVar [[r.Streaming.LimitPoolSizeToVRAM:1]]
[2020.02.06-17.41.07:423][  0]LogConfig: Setting CVar [[r.Streaming.PoolSize:400]]
[2020.02.06-17.41.07:423][  0]LogConfig: Setting CVar [[r.Streaming.MaxEffectiveScreenSize:0]]
[2020.02.06-17.41.07:423][  0]LogConfig: Applying CVar settings from Section [EffectsQuality@2] File [D:/ProjEng/ProjEng/ProjEng/Saved/Config/Windows/Scalability.ini]
[2020.02.06-17.41.07:423][  0]LogConfig: Setting CVar [[r.TranslucencyLightingVolumeDim:48]]
[2020.02.06-17.41.07:423][  0]LogConfig: Setting CVar [[r.RefractionQuality:2]]
[2020.02.06-17.41.07:423][  0]LogConfig: Setting CVar [[r.SSR.Quality:2]]
[2020.02.06-17.41.07:423][  0]LogConfig: Setting CVar [[r.SceneColorFormat:3]]
[2020.02.06-17.41.07:423][  0]LogConfig: Setting CVar [[r.DetailMode:1]]
[2020.02.06-17.41.07:423][  0]LogConfig: Setting CVar [[r.TranslucencyVolumeBlur:1]]
[2020.02.06-17.41.07:423][  0]LogConfig: Setting CVar [[r.MaterialQualityLevel:1 ; High quality]]
[2020.02.06-17.41.07:423][  0]LogConfig: Setting CVar [[r.SSS.Scale:1]]
[2020.02.06-17.41.07:423][  0]LogConfig: Setting CVar [[r.SSS.SampleSet:1]]
[2020.02.06-17.41.07:423][  0]LogConfig: Setting CVar [[r.SSS.Quality:-1]]
[2020.02.06-17.41.07:423][  0]LogConfig: Setting CVar [[r.SSS.HalfRes:1]]
[2020.02.06-17.41.07:423][  0]LogConfig: Setting CVar [[r.EmitterSpawnRateScale:0.5]]
[2020.02.06-17.41.07:423][  0]LogConfig: Setting CVar [[r.ParticleLightQuality:1]]
[2020.02.06-17.41.07:423][  0]LogConfig: Applying CVar settings from Section [FoliageQuality@0] File [D:/ProjEng/ProjEng/ProjEng/Saved/Config/Windows/Scalability.ini]
[2020.02.06-17.41.07:423][  0]LogConfig: Setting CVar [[foliage.DensityScale:0]]
[2020.02.06-17.41.07:423][  0]LogConfig: Setting CVar [[grass.DensityScale:0]]
[2020.02.06-17.41.07:423][  0]LogConfig: Applying CVar settings from Section [Startup] File [../../../Engine/Config/ConsoleVariables.ini]
[2020.02.06-17.41.07:440][  0]LogConfig: Setting CVar [[net.UseAdaptiveNetUpdateFrequency:0]]
[2020.02.06-17.41.07:440][  0]LogConfig: Setting CVar [[p.chaos.AllowCreatePhysxBodies:1]]
[2020.02.06-17.41.07:440][  0]LogConfig: Applying CVar settings from Section [ConsoleVariables] File [D:/ProjEng/ProjEng/ProjEng/Saved/Config/Windows/Engine.ini]
[2020.02.06-17.41.07:550][  0]LogInit: Computer: DESKTOP-DOUR8LP
[2020.02.06-17.41.07:550][  0]LogInit: User: neret
[2020.02.06-17.41.07:550][  0]LogInit: CPU Page size=4096, Cores=6
[2020.02.06-17.41.07:550][  0]LogInit: High frequency timer resolution =10.000000 MHz
[2020.02.06-17.41.07:564][  0]LogMemory: Memory total: Physical=7.9GB (8GB approx)
[2020.02.06-17.41.07:564][  0]LogMemory: Platform Memory Stats for Windows
[2020.02.06-17.41.07:564][  0]LogMemory: Process Physical Memory: 101.27 MB used, 101.28 MB peak
[2020.02.06-17.41.07:564][  0]LogMemory: Process Virtual Memory: 105.00 MB used, 105.00 MB peak
[2020.02.06-17.41.07:564][  0]LogMemory: Physical Memory: 6753.09 MB used,  1298.48 MB free, 8051.57 MB total
[2020.02.06-17.41.07:564][  0]LogMemory: Virtual Memory: 4689.85 MB used,  134213040.00 MB free, 134217728.00 MB total
[2020.02.06-17.41.08:527][  0]LogInit: Using OS detected language (ru-RU).
[2020.02.06-17.41.08:527][  0]LogInit: Using OS detected locale (ru-RU).
[2020.02.06-17.41.08:686][  0]LogTextLocalizationManager: No specific localization for 'ru-RU' exists, so the 'ru' localization will be used.
[2020.02.06-17.41.08:688][  0]LogTextLocalizationResource: LocRes '../../../Engine/Content/Localization/Editor/ru/Editor.locres' could not be opened for reading!
[2020.02.06-17.41.08:689][  0]LogTextLocalizationResource: LocRes '../../../Engine/Content/Localization/EditorTutorials/ru/EditorTutorials.locres' could not be opened for reading!
[2020.02.06-17.41.08:689][  0]LogTextLocalizationResource: LocRes '../../../Engine/Content/Localization/Keywords/ru/Keywords.locres' could not be opened for reading!
[2020.02.06-17.41.08:689][  0]LogTextLocalizationResource: LocRes '../../../Engine/Content/Localization/Category/ru/Category.locres' could not be opened for reading!
[2020.02.06-17.41.08:696][  0]LogTextLocalizationResource: LocRes '../../../Engine/Content/Localization/ToolTips/ru/ToolTips.locres' could not be opened for reading!
[2020.02.06-17.41.08:707][  0]LogTextLocalizationResource: LocRes '../../../Engine/Content/Localization/PropertyNames/ru/PropertyNames.locres' could not be opened for reading!
[2020.02.06-17.41.08:707][  0]LogTextLocalizationResource: LocRes '../../../Engine/Content/Localization/Engine/ru/Engine.locres' could not be opened for reading!
[2020.02.06-17.41.08:828][  0]LogInit: Setting process to per monitor DPI aware
[2020.02.06-17.41.09:670][  0]LogSlate: New Slate User Created.  User Index 0, Is Virtual User: 0
[2020.02.06-17.41.09:671][  0]LogSlate: Slate User Registered.  User Index 0, Is Virtual User: 0
[2020.02.06-17.41.14:952][  0]LogHMD: Failed to initialize OpenVR with code 110
[2020.02.06-17.41.14:952][  0]LogD3D11RHI: D3D11 adapters:
[2020.02.06-17.41.15:087][  0]LogD3D11RHI:    0. 'NVIDIA GeForce GTX 1050 Ti' (Feature Level 11_0)
[2020.02.06-17.41.15:088][  0]LogD3D11RHI:       4018/0/4025 MB DedicatedVideo/DedicatedSystem/SharedSystem, Outputs:1, VendorId:0x10de
[2020.02.06-17.41.15:195][  0]LogD3D11RHI:    1. 'Intel(R) UHD Graphics 630' (Feature Level 11_0)
[2020.02.06-17.41.15:195][  0]LogD3D11RHI:       128/0/4025 MB DedicatedVideo/DedicatedSystem/SharedSystem, Outputs:0, VendorId:0x8086
[2020.02.06-17.41.15:197][  0]LogD3D11RHI:    2. 'Microsoft Basic Render Driver' (Feature Level 11_0)
[2020.02.06-17.41.15:197][  0]LogD3D11RHI:       0/0/4025 MB DedicatedVideo/DedicatedSystem/SharedSystem, Outputs:0, VendorId:0x1414
[2020.02.06-17.41.15:197][  0]LogD3D11RHI: Chosen D3D11 Adapter: 0
[2020.02.06-17.41.15:330][  0]LogD3D11RHI: Creating new Direct3DDevice
[2020.02.06-17.41.15:330][  0]LogD3D11RHI:     GPU DeviceId: 0x1c8c (for the marketing name, search the web for "GPU Device Id")
[2020.02.06-17.41.15:330][  0]LogWindows: EnumDisplayDevices:
[2020.02.06-17.41.15:330][  0]LogWindows:    0. 'Intel(R) UHD Graphics 630' (P:1 D:1)
[2020.02.06-17.41.15:330][  0]LogWindows:    1. 'Intel(R) UHD Graphics 630' (P:0 D:0)
[2020.02.06-17.41.15:330][  0]LogWindows:    2. 'Intel(R) UHD Graphics 630' (P:0 D:0)
[2020.02.06-17.41.15:331][  0]LogWindows:    3. 'NVIDIA GeForce GTX 1050 Ti' (P:0 D:0)
[2020.02.06-17.41.15:331][  0]LogWindows: DebugString: PrimaryIsNotTheChoosenAdapter PrimaryIsNotTheChoosenAdapter PrimaryIsNotTheChoosenAdapter 
[2020.02.06-17.41.15:331][  0]LogD3D11RHI:     Adapter Name: NVIDIA GeForce GTX 1050 Ti
[2020.02.06-17.41.15:331][  0]LogD3D11RHI:   Driver Version: 442.19 (internal:26.21.14.4219, unified:442.19)
[2020.02.06-17.41.15:331][  0]LogD3D11RHI:      Driver Date: 1-29-2020
[2020.02.06-17.41.15:331][  0]LogRHI: Texture pool is 2812 MB (70% of 4018 MB)
[2020.02.06-17.41.15:381][  0]LogD3D11RHI: Async texture creation enabled
[2020.02.06-17.41.15:658][  0]LogRendererCore: FGlobalReadBuffer::InitRHI
[2020.02.06-17.41.15:676][  0]LogRendererCore: FGlobalReadBuffer::InitRHI
[2020.02.06-17.41.15:676][  0]LogRendererCore: FGlobalReadBuffer::InitRHI
[2020.02.06-17.41.15:726][  0]LogD3D11RHI: GPU Timing Frequency: 1000.000000 (Debug: 2 1)
[2020.02.06-17.41.16:784][  0]LogTemp: Display: Module 'AllDesktopTargetPlatform' loaded TargetPlatform 'AllDesktop'
[2020.02.06-17.41.16:828][  0]LogTemp: Display: Module 'MacClientTargetPlatform' loaded TargetPlatform 'MacClient'
[2020.02.06-17.41.16:922][  0]LogTemp: Display: Module 'MacNoEditorTargetPlatform' loaded TargetPlatform 'MacNoEditor'
[2020.02.06-17.41.16:957][  0]LogTemp: Display: Module 'MacServerTargetPlatform' loaded TargetPlatform 'MacServer'
[2020.02.06-17.41.17:039][  0]LogTemp: Display: Module 'MacTargetPlatform' loaded TargetPlatform 'Mac'
[2020.02.06-17.41.17:108][  0]LogTemp: Display: Module 'WindowsClientTargetPlatform' loaded TargetPlatform 'WindowsClient'
[2020.02.06-17.41.17:151][  0]LogTemp: Display: Module 'WindowsNoEditorTargetPlatform' loaded TargetPlatform 'WindowsNoEditor'
[2020.02.06-17.41.17:185][  0]LogTemp: Display: Module 'WindowsServerTargetPlatform' loaded TargetPlatform 'WindowsServer'
[2020.02.06-17.41.17:220][  0]LogTemp: Display: Module 'WindowsTargetPlatform' loaded TargetPlatform 'Windows'
[2020.02.06-17.41.17:366][  0]LogTemp: Display: Module 'AndroidTargetPlatform' loaded TargetPlatform 'Android'
[2020.02.06-17.41.17:366][  0]LogTemp: Display: Module 'AndroidTargetPlatform' loaded TargetPlatform 'Android_ASTC'
[2020.02.06-17.41.17:366][  0]LogTemp: Display: Module 'AndroidTargetPlatform' loaded TargetPlatform 'Android_ATC'
[2020.02.06-17.41.17:366][  0]LogTemp: Display: Module 'AndroidTargetPlatform' loaded TargetPlatform 'Android_DXT'
[2020.02.06-17.41.17:366][  0]LogTemp: Display: Module 'AndroidTargetPlatform' loaded TargetPlatform 'Android_ETC1'
[2020.02.06-17.41.17:366][  0]LogTemp: Display: Module 'AndroidTargetPlatform' loaded TargetPlatform 'Android_ETC1a'
[2020.02.06-17.41.17:366][  0]LogTemp: Display: Module 'AndroidTargetPlatform' loaded TargetPlatform 'Android_ETC2'
[2020.02.06-17.41.17:366][  0]LogTemp: Display: Module 'AndroidTargetPlatform' loaded TargetPlatform 'Android_PVRTC'
[2020.02.06-17.41.17:366][  0]LogTemp: Display: Module 'AndroidTargetPlatform' loaded TargetPlatform 'AndroidClient'
[2020.02.06-17.41.17:366][  0]LogTemp: Display: Module 'AndroidTargetPlatform' loaded TargetPlatform 'Android_ASTCClient'
[2020.02.06-17.41.17:366][  0]LogTemp: Display: Module 'AndroidTargetPlatform' loaded TargetPlatform 'Android_ATCClient'
[2020.02.06-17.41.17:366][  0]LogTemp: Display: Module 'AndroidTargetPlatform' loaded TargetPlatform 'Android_DXTClient'
[2020.02.06-17.41.17:366][  0]LogTemp: Display: Module 'AndroidTargetPlatform' loaded TargetPlatform 'Android_ETC1Client'
[2020.02.06-17.41.17:366][  0]LogTemp: Display: Module 'AndroidTargetPlatform' loaded TargetPlatform 'Android_ETC1aClient'
[2020.02.06-17.41.17:366][  0]LogTemp: Display: Module 'AndroidTargetPlatform' loaded TargetPlatform 'Android_ETC2Client'
[2020.02.06-17.41.17:366][  0]LogTemp: Display: Module 'AndroidTargetPlatform' loaded TargetPlatform 'Android_PVRTCClient'
[2020.02.06-17.41.17:366][  0]LogTemp: Display: Module 'AndroidTargetPlatform' loaded TargetPlatform 'Android_Multi'
[2020.02.06-17.41.17:366][  0]LogTemp: Display: Module 'AndroidTargetPlatform' loaded TargetPlatform 'Android_MultiClient'
[2020.02.06-17.41.17:399][  0]LogTemp: Display: Module 'HTML5TargetPlatform' loaded TargetPlatform 'HTML5'
[2020.02.06-17.41.17:769][  0]LogTemp: Display: Module 'IOSTargetPlatform' loaded TargetPlatform 'IOSClient'
[2020.02.06-17.41.17:769][  0]LogTemp: Display: Module 'IOSTargetPlatform' loaded TargetPlatform 'IOS'
[2020.02.06-17.41.17:832][  0]LogTemp: Display: Module 'TVOSTargetPlatform' loaded TargetPlatform 'TVOSClient'
[2020.02.06-17.41.17:832][  0]LogTemp: Display: Module 'TVOSTargetPlatform' loaded TargetPlatform 'TVOS'
[2020.02.06-17.41.17:891][  0]LogTemp: Display: Module 'LinuxClientTargetPlatform' loaded TargetPlatform 'LinuxClient'
[2020.02.06-17.41.17:955][  0]LogTemp: Display: Module 'LinuxNoEditorTargetPlatform' loaded TargetPlatform 'LinuxNoEditor'
[2020.02.06-17.41.17:985][  0]LogTemp: Display: Module 'LinuxServerTargetPlatform' loaded TargetPlatform 'LinuxServer'
[2020.02.06-17.41.18:034][  0]LogTemp: Display: Module 'LinuxTargetPlatform' loaded TargetPlatform 'Linux'
[2020.02.06-17.41.18:108][  0]LogTemp: Display: Module 'LuminTargetPlatform' loaded TargetPlatform 'Lumin'
[2020.02.06-17.41.18:108][  0]LogTemp: Display: Module 'LuminTargetPlatform' loaded TargetPlatform 'LuminClient'
[2020.02.06-17.41.18:108][  0]LogTargetPlatformManager: Display: Building Assets For Windows
[2020.02.06-17.41.18:360][  0]LogAudioDebug: Display: Lib vorbis DLL was dynamically loaded.
[2020.02.06-17.41.19:302][  0]LogShaderCompilers: Guid format shader working directory is 7 characters bigger than the processId version (../../../../../ProjEng/ProjEng/ProjEng/Intermediate/Shaders/WorkingDirectory/13656/).
[2020.02.06-17.41.19:302][  0]LogShaderCompilers: Cleaned the shader compiler working directory 'C:/Users/neret/AppData/Local/Temp/UnrealShaderWorkingDir/58D87C3241B9A5C93FF3949519F4CF21/'.
[2020.02.06-17.41.19:339][  0]LogXGEController: Cleaning working directory: C:/Users/neret/AppData/Local/Temp/UnrealXGEWorkingDir/
[2020.02.06-17.41.19:341][  0]LogXGEController: Cannot use XGE Controller as Incredibuild is not installed on this machine.
[2020.02.06-17.41.19:342][  0]LogShaderCompilers: Cannot use XGE Shader Compiler as Incredibuild is not installed on this machine.
[2020.02.06-17.41.19:342][  0]LogShaderCompilers: Display: Using Local Shader Compiler.
[2020.02.06-17.41.23:319][  0]LogDerivedDataCache: Display: Max Cache Size: 512 MB
[2020.02.06-17.41.23:575][  0]LogDerivedDataCache: Loaded boot cache 0.25s 71MB C:/Users/neret/AppData/Local/UnrealEngine/4.22/DerivedDataCache/Boot.ddc.
[2020.02.06-17.41.23:575][  0]LogDerivedDataCache: Display: Loaded Boot cache: C:/Users/neret/AppData/Local/UnrealEngine/4.22/DerivedDataCache/Boot.ddc
[2020.02.06-17.41.23:575][  0]LogDerivedDataCache: FDerivedDataBackendGraph:  Pak pak cache file ../../../../../ProjEng/ProjEng/ProjEng/DerivedDataCache/DDC.ddp not found, will not use a pak cache.
[2020.02.06-17.41.23:575][  0]LogDerivedDataCache: Unable to find inner node Pak for hierarchical cache Hierarchy.
[2020.02.06-17.41.23:575][  0]LogDerivedDataCache: FDerivedDataBackendGraph:  CompressedPak pak cache file ../../../../../ProjEng/ProjEng/ProjEng/DerivedDataCache/Compressed.ddp not found, will not use a pak cache.
[2020.02.06-17.41.23:575][  0]LogDerivedDataCache: Unable to find inner node CompressedPak for hierarchical cache Hierarchy.
[2020.02.06-17.41.23:748][  0]LogDerivedDataCache: Display: Pak cache opened for reading ../../../Engine/DerivedDataCache/Compressed.ddp.
[2020.02.06-17.41.23:748][  0]LogDerivedDataCache: FDerivedDataBackendGraph:  EnterprisePak pak cache file ../../../Enterprise/DerivedDataCache/Compressed.ddp not found, will not use a pak cache.
[2020.02.06-17.41.23:748][  0]LogDerivedDataCache: Unable to find inner node EnterprisePak for hierarchical cache Hierarchy.
[2020.02.06-17.41.23:765][  0]LogDerivedDataCache: Using Local data cache path C:/Users/neret/AppData/Local/UnrealEngine/Common/DerivedDataCache: Writable
[2020.02.06-17.41.23:765][  0]LogDerivedDataCache: Shared data cache path not found in *engine.ini, will not use an Shared cache.
[2020.02.06-17.41.23:765][  0]LogDerivedDataCache: Unable to find inner node Shared for hierarchical cache Hierarchy.
[2020.02.06-17.41.23:814][  0]LogMaterial: Verifying Global Shaders for PCD3D_SM5
[2020.02.06-17.41.23:901][  0]LogSlate: Using FreeType 2.6.0
[2020.02.06-17.41.24:020][  0]LogSlate: SlateFontServices - WITH_FREETYPE: 1, WITH_HARFBUZZ: 1
[2020.02.06-17.41.25:513][  0]LogAssetRegistry: FAssetRegistry took 0.0378 seconds to start up
[2020.02.06-17.41.32:196][  0]LogInit: Selected Device Profile: [Windows]
[2020.02.06-17.41.35:174][  0]LogMeshReduction: Using QuadricMeshReduction for automatic static mesh reduction
[2020.02.06-17.41.35:174][  0]LogMeshReduction: Using SimplygonMeshReduction for automatic skeletal mesh reduction
[2020.02.06-17.41.35:174][  0]LogMeshReduction: Using ProxyLODMeshReduction for automatic mesh merging
[2020.02.06-17.41.35:174][  0]LogMeshReduction: No distributed automatic mesh merging module available
[2020.02.06-17.41.35:174][  0]LogMeshMerging: No distributed automatic mesh merging module available
[2020.02.06-17.41.35:869][  0]LogNetVersion: ProjEng 1.0.0, NetCL: 5660361, EngineNetVer: 10, GameNetVer: 0 (Checksum: 3386159734)
[2020.02.06-17.41.41:752][  0]LogPackageLocalizationCache: Processed 10 localized package path(s) for 1 prioritized culture(s) in 0.098430 seconds
[2020.02.06-17.41.41:797][  0]LogUObjectArray: 42205 objects as part of root set at end of initial load.
[2020.02.06-17.41.41:797][  0]LogUObjectAllocator: 7325032 out of 0 bytes used by permanent object pool.
[2020.02.06-17.41.41:797][  0]LogUObjectArray: CloseDisregardForGC: 0/0 objects in disregard for GC pool
[2020.02.06-17.42.04:120][  0]LogTcpMessaging: Initializing TcpMessaging bridge
[2020.02.06-17.42.04:199][  0]LogUdpMessaging: Initializing bridge on interface 0.0.0.0:0 to multicast group 230.0.0.1:6666.
[2020.02.06-17.42.05:793][  0]SourceControl: Source control is disabled
[2020.02.06-17.42.05:810][  0]SourceControl: Source control is disabled
[2020.02.06-17.42.06:019][  0]SourceControl: Source control is disabled
[2020.02.06-17.42.06:068][  0]SourceControl: Source control is disabled
[2020.02.06-17.42.07:951][  0]LogAndroidPermission: UAndroidPermissionCallbackProxy::GetInstance
[2020.02.06-17.42.08:797][  0]LogOcInput: OculusInput pre-init called
[2020.02.06-17.42.12:614][  0]LogEngine: Initializing Engine...
[2020.02.06-17.42.12:645][  0]LogHMD: Failed to initialize OpenVR with code 110
[2020.02.06-17.42.12:660][  0]LogStats: UGameplayTagsManager::InitializeManager -  0.002 s
[2020.02.06-17.42.13:817][  0]LogInit: Initializing FReadOnlyCVARCache
[2020.02.06-17.42.14:640][  0]LogAIModule: Creating AISystem for world Untitled
[2020.02.06-17.42.14:906][  0]LogInit: XAudio2 using 'Наушники (Устройство с поддержкой High Definition Audio)' : 2 channels at 48 kHz using 16 bits per sample (channel mask 0x3)
[2020.02.06-17.42.14:928][  0]LogInit: FAudioDevice initialized.
[2020.02.06-17.42.14:929][  0]LogNetVersion: Set ProjectVersion to 1.0.0.0. Version Checksum will be recalculated on next use.
[2020.02.06-17.42.15:017][  0]LogDerivedDataCache: Saved boot cache 0.09s 71MB C:/Users/neret/AppData/Local/UnrealEngine/4.22/DerivedDataCache/Boot.ddc.
[2020.02.06-17.42.15:028][  0]LogInit: Texture streaming: Enabled
[2020.02.06-17.42.15:288][  0]LogEngineSessionManager: EngineSessionManager initialized
[2020.02.06-17.42.15:941][  0]LogInit: Transaction tracking system initialized
[2020.02.06-17.42.17:457][  0]BlueprintLog: New page: Editor Load
[2020.02.06-17.42.22:003][  0]LocalizationService: Localization service is disabled
[2020.02.06-17.42.28:965][  0]LogFileCache: Scanning file cache for directory 'D:/ProjEng/ProjEng/ProjEng/Content/' took 0.06s
[2020.02.06-17.42.28:965][  0]LogCook: Display: Max memory allowance for cook 16384mb min free memory 0mb
[2020.02.06-17.42.28:981][  0]LogCook: Display: Mobile HDR setting 1
[2020.02.06-17.42.38:158][  0]SourceControl: Source control is disabled
[2020.02.06-17.42.38:243][  0]Cmd: MAP LOAD FILE="../../../../../ProjEng/ProjEng/ProjEng/Content/ProjEngl/Maps/TopDownExampleMap.umap" TEMPLATE=0 SHOWPROGRESS=1 FEATURELEVEL=3
[2020.02.06-17.42.38:311][  0]LightingResults: New page: Lighting Build
[2020.02.06-17.42.38:692][  0]MapCheck: New page: Map Check
[2020.02.06-17.42.38:692][  0]LightingResults: New page: Lighting Build
[2020.02.06-17.42.39:787][  0]LogUObjectHash: Compacting FUObjectHashTables data took   7.07ms
[2020.02.06-17.42.51:008][  0]LogLinker: Warning: Asset '../../../../../ProjEng/ProjEng/ProjEng/Content/Materials/MF_ExtractDepth.uasset' has been saved with empty engine version. The asset will be loaded but may be incompatible.
[2020.02.06-17.42.51:040][  0]LogLinker: Warning: Asset '../../../../../ProjEng/ProjEng/ProjEng/Content/Materials/MF_SampleSceneTextureNeighbourUVs.uasset' has been saved with empty engine version. The asset will be loaded but may be incompatible.
[2020.02.06-17.42.56:566][  0]LogAIModule: Creating AISystem for world TopDownExampleMap
[2020.02.06-17.42.57:904][  0]LogEditorServer: Finished looking for orphan Actors (0.000 secs)
[2020.02.06-17.42.58:320][  0]LogUObjectHash: Compacting FUObjectHashTables data took   2.55ms
[2020.02.06-17.42.58:375][  0]Cmd: MAP CHECKDEP NOCLEARLOG
[2020.02.06-17.42.58:392][  0]MapCheck: Map check complete: 0 Error(s), 0 Warning(s), took 1,153ms to complete.
[2020.02.06-17.42.58:400][  0]LogFileHelpers: Loading map 'TopDownExampleMap' took 20.190
[2020.02.06-17.43.01:541][  0]LogSlate: Updating window title bar state: overlay mode, drag disabled, window buttons hidden, title bar hidden
[2020.02.06-17.43.01:551][  0]LogSlate: Updating window title bar state: overlay mode, drag disabled, window buttons hidden, title bar hidden
[2020.02.06-17.43.01:557][  0]LogSlate: Updating window title bar state: overlay mode, drag disabled, window buttons hidden, title bar hidden
[2020.02.06-17.43.01:563][  0]LogSlate: Updating window title bar state: overlay mode, drag disabled, window buttons hidden, title bar hidden
[2020.02.06-17.43.01:868][  0]LogCollectionManager: Loaded 0 collections in 0.001141 seconds
[2020.02.06-17.43.02:077][  0]LogFileCache: Scanning file cache for directory 'D:/ProjEng/ProjEng/ProjEng/Saved/Collections/' took 0.01s
[2020.02.06-17.43.02:078][  0]LogFileCache: Scanning file cache for directory 'D:/ProjEng/ProjEng/ProjEng/Content/Developers/neret/Collections/' took 0.01s
[2020.02.06-17.43.02:078][  0]LogFileCache: Scanning file cache for directory 'D:/ProjEng/ProjEng/ProjEng/Content/Collections/' took 0.00s
[2020.02.06-17.43.02:078][  0]LogCollectionManager: Rebuilt the GUID cache for 0 collections in 0.000000 seconds
[2020.02.06-17.43.02:090][  0]LogContentBrowser: Native class hierarchy populated in 0.0090 seconds. Added 2750 classes and 669 folders.
[2020.02.06-17.43.02:608][  0]LogContentBrowser: Native class hierarchy updated for 'WidgetCarousel' in 0.0003 seconds. Added 0 classes and 0 folders.
[2020.02.06-17.43.02:789][  0]LogPakFile: Registered encryption key '00000000000000000000000000000000': 0 pak files mounted, 0 remain pending
[2020.02.06-17.43.03:030][  0]LogPakFile: Registered encryption key '00000000000000000000000000000000': 0 pak files mounted, 0 remain pending
[2020.02.06-17.43.03:045][  0]LogPakFile: Registered encryption key '00000000000000000000000000000000': 0 pak files mounted, 0 remain pending
[2020.02.06-17.43.03:052][  0]LogPakFile: Registered encryption key '00000000000000000000000000000000': 0 pak files mounted, 0 remain pending
[2020.02.06-17.43.03:059][  0]LogPakFile: Registered encryption key '00000000000000000000000000000000': 0 pak files mounted, 0 remain pending
[2020.02.06-17.43.03:066][  0]LogPakFile: Registered encryption key '00000000000000000000000000000000': 0 pak files mounted, 0 remain pending
[2020.02.06-17.43.03:073][  0]LogPakFile: Registered encryption key '00000000000000000000000000000000': 0 pak files mounted, 0 remain pending
[2020.02.06-17.43.03:082][  0]LogPakFile: Registered encryption key '00000000000000000000000000000000': 0 pak files mounted, 0 remain pending
[2020.02.06-17.43.03:097][  0]LogPakFile: Registered encryption key '00000000000000000000000000000000': 0 pak files mounted, 0 remain pending
[2020.02.06-17.43.03:109][  0]LogPakFile: Registered encryption key '00000000000000000000000000000000': 0 pak files mounted, 0 remain pending
[2020.02.06-17.43.03:116][  0]LogPakFile: Registered encryption key '00000000000000000000000000000000': 0 pak files mounted, 0 remain pending
[2020.02.06-17.43.03:123][  0]LogPakFile: Registered encryption key '00000000000000000000000000000000': 0 pak files mounted, 0 remain pending
[2020.02.06-17.43.03:131][  0]LogPakFile: Registered encryption key '00000000000000000000000000000000': 0 pak files mounted, 0 remain pending
[2020.02.06-17.43.03:140][  0]LogPakFile: Registered encryption key '00000000000000000000000000000000': 0 pak files mounted, 0 remain pending
[2020.02.06-17.43.03:157][  0]LogPakFile: Registered encryption key '00000000000000000000000000000000': 0 pak files mounted, 0 remain pending
[2020.02.06-17.43.03:166][  0]LogPakFile: Registered encryption key '00000000000000000000000000000000': 0 pak files mounted, 0 remain pending
[2020.02.06-17.43.03:196][  0]LogPakFile: Registered encryption key '00000000000000000000000000000000': 0 pak files mounted, 0 remain pending
[2020.02.06-17.43.03:206][  0]LogPakFile: Registered encryption key '00000000000000000000000000000000': 0 pak files mounted, 0 remain pending
[2020.02.06-17.43.03:213][  0]LogPakFile: Registered encryption key '00000000000000000000000000000000': 0 pak files mounted, 0 remain pending
[2020.02.06-17.43.03:221][  0]LogPakFile: Registered encryption key '00000000000000000000000000000000': 0 pak files mounted, 0 remain pending
[2020.02.06-17.43.03:288][  0]LogPakFile: Registered encryption key '00000000000000000000000000000000': 0 pak files mounted, 0 remain pending
[2020.02.06-17.43.03:295][  0]LogPakFile: Registered encryption key '00000000000000000000000000000000': 0 pak files mounted, 0 remain pending
[2020.02.06-17.43.03:302][  0]LogPakFile: Registered encryption key '00000000000000000000000000000000': 0 pak files mounted, 0 remain pending
[2020.02.06-17.43.03:310][  0]LogPakFile: Registered encryption key '00000000000000000000000000000000': 0 pak files mounted, 0 remain pending
[2020.02.06-17.43.03:318][  0]LogPakFile: Registered encryption key '00000000000000000000000000000000': 0 pak files mounted, 0 remain pending
[2020.02.06-17.43.03:329][  0]LogPakFile: Registered encryption key '00000000000000000000000000000000': 0 pak files mounted, 0 remain pending
[2020.02.06-17.43.04:683][  0]LogContentBrowser: Native class hierarchy updated for 'AddContentDialog' in 0.0002 seconds. Added 0 classes and 0 folders.
[2020.02.06-17.43.04:797][  0]LogContentBrowser: Native class hierarchy updated for 'SceneOutliner' in 0.0002 seconds. Added 1 classes and 2 folders.
[2020.02.06-17.43.07:402][  0]LogSlate: Took 0.178735 seconds to synchronously load lazily loaded font '../../../Engine/Content/Slate/Fonts/Roboto-Regular.ttf' (155K)
[2020.02.06-17.43.07:676][  0]LogSlate: Took 0.076194 seconds to synchronously load lazily loaded font '../../../Engine/Content/Slate/Fonts/Roboto-Bold.ttf' (160K)
[2020.02.06-17.43.07:774][  0]LogSlate: Took 0.017648 seconds to synchronously load lazily loaded font '../../../Engine/Content/Editor/Slate/Fonts/FontAwesome.ttf' (139K)
[2020.02.06-17.43.07:900][  0]LogSlate: Took 0.119267 seconds to synchronously load lazily loaded font '../../../Engine/Content/Slate/Fonts/DroidSansMono.ttf' (77K)
[2020.02.06-17.43.09:418][  0]LogRenderer: Reallocating scene render targets to support 1160x680 Format 9 NumSamples 1 (Frame:1).
[2020.02.06-17.43.13:181][  0]LogContentBrowser: Native class hierarchy updated for 'HierarchicalLODOutliner' in 0.0005 seconds. Added 0 classes and 0 folders.
[2020.02.06-17.43.13:181][  0]LogLoad: (Engine Initialization) Total time: 161.25 seconds
[2020.02.06-17.43.13:182][  0]LogLoad: (Engine Initialization) Total Blueprint compile time: 0.00 seconds
[2020.02.06-17.43.14:391][  0]LogContentStreaming: Texture pool size now 400 MB
[2020.02.06-17.43.15:185][  0]LogSlate: Took 0.084431 seconds to synchronously load lazily loaded font '../../../Engine/Content/Slate/Fonts/Roboto-Light.ttf' (167K)
[2020.02.06-17.43.16:311][  2]LogAssetRegistry: Asset discovery search completed in 110.8242 seconds
[2020.02.06-17.43.16:352][  2]LogCollectionManager: Rebuilt the object cache for 0 collections in 0.000000 seconds (found 0 objects)
[2020.02.06-17.43.16:352][  2]LogCollectionManager: Fixed up redirectors for 0 collections in 0.019226 seconds (updated 0 objects)
[2020.02.06-17.43.16:476][  2]LogSlate: Took 0.000116 seconds to synchronously load lazily loaded font '../../../Engine/Content/Slate/Fonts/Roboto-Light.ttf' (167K)
[2020.02.06-18.06.41:277][195]LogWindowsTextInputMethodSystem: Display: IME system now deactivated.
[2020.02.06-18.06.41:278][195]LogWindowsTextInputMethodSystem: Display: IME system now deactivated.
[2020.02.06-18.06.42:239][226]LogSlate: FSceneViewport::OnFocusLost() reason 0
[2020.02.06-18.06.43:342][226]LogUObjectHash: Compacting FUObjectHashTables data took   4.77ms
[2020.02.06-18.06.43:630][226]LogSlate: Window 'ProjEng - Unreal Editor' being destroyed
[2020.02.06-18.06.44:596][227]Cmd: QUIT_EDITOR
[2020.02.06-18.06.44:958][227]LogWindowsTextInputMethodSystem: Display: IME system now deactivated.
[2020.02.06-18.06.45:014][227]LogExit: Preparing to exit.
[2020.02.06-18.06.47:445][227]LogExit: Editor shut down
[2020.02.06-18.06.47:447][227]LogExit: Transaction tracking system shut down
[2020.02.06-18.06.50:492][227]LogExit: Object subsystem successfully closed.
[2020.02.06-18.06.50:794][227]LogShaderCompilers: Display: Shaders left to compile 0
[2020.02.06-18.06.50:825][227]LogD3D11RHI: Shutdown
[2020.02.06-18.06.50:825][227]LogD3D11RHI: CleanupD3DDevice
[2020.02.06-18.06.50:839][227]LogRendererCore: FGlobalReadBuffer::ReleaseRHI
[2020.02.06-18.06.50:839][227]LogRendererCore: FGlobalDynamicReadBuffer::Cleanup()
[2020.02.06-18.06.50:883][227]LogRendererCore: FGlobalReadBuffer::ReleaseRHI
[2020.02.06-18.06.50:883][227]LogRendererCore: FGlobalDynamicReadBuffer::Cleanup()
[2020.02.06-18.06.50:883][227]LogRendererCore: FGlobalReadBuffer::ReleaseRHI
[2020.02.06-18.06.50:883][227]LogRendererCore: FGlobalDynamicReadBuffer::Cleanup()
[2020.02.06-18.06.51:044][227]LogD3D11RHI: ~FD3D11DynamicRHI
[2020.02.06-18.06.52:380][227]LogModuleManager: Shutting down and abandoning module HierarchicalLODOutliner (650)
[2020.02.06-18.06.52:380][227]LogModuleManager: Shutting down and abandoning module SceneOutliner (648)
[2020.02.06-18.06.52:380][227]LogModuleManager: Shutting down and abandoning module AddContentDialog (646)
[2020.02.06-18.06.52:475][227]LogModuleManager: Shutting down and abandoning module WidgetCarousel (645)
[2020.02.06-18.06.52:475][227]LogModuleManager: Shutting down and abandoning module EditorWidgets (642)
[2020.02.06-18.06.52:475][227]LogModuleManager: Shutting down and abandoning module CollectionManager (640)
[2020.02.06-18.06.52:491][227]LogModuleManager: Shutting down and abandoning module WorldBrowser (638)
[2020.02.06-18.06.52:506][227]LogModuleManager: Shutting down and abandoning module StatsViewer (636)
[2020.02.06-18.06.52:522][227]LogModuleManager: Shutting down and abandoning module FoliageEdit (634)
[2020.02.06-18.06.52:522][227]LogModuleManager: Shutting down and abandoning module LandscapeEditor (632)
[2020.02.06-18.06.52:525][227]LogModuleManager: Shutting down and abandoning module MeshPaintMode (630)
[2020.02.06-18.06.52:525][227]LogModuleManager: Shutting down and abandoning module SceneDepthPickerMode (628)
[2020.02.06-18.06.52:525][227]LogModuleManager: Shutting down and abandoning module ActorPickerMode (626)
[2020.02.06-18.06.52:526][227]LogModuleManager: Shutting down and abandoning module GeometryMode (624)
[2020.02.06-18.06.52:526][227]LogModuleManager: Shutting down and abandoning module TextureAlignMode (622)
[2020.02.06-18.06.52:526][227]LogModuleManager: Shutting down and abandoning module BspMode (620)
[2020.02.06-18.06.52:526][227]LogModuleManager: Shutting down and abandoning module PIEPreviewDeviceProfileSelector (618)
[2020.02.06-18.06.52:552][227]LogModuleManager: Shutting down and abandoning module SequenceRecorderSections (616)
[2020.02.06-18.06.52:558][227]LogModuleManager: Shutting down and abandoning module AutomationWorker (614)
[2020.02.06-18.06.52:567][227]LogModuleManager: Shutting down and abandoning module OculusMR (612)
[2020.02.06-18.06.52:568][227]LogModuleManager: Shutting down and abandoning module AudioCaptureEditor (610)
[2020.02.06-18.06.52:568][227]LogModuleManager: Shutting down and abandoning module MatineeToLevelSequence (608)
[2020.02.06-18.06.52:591][227]LogModuleManager: Shutting down and abandoning module LevelSequenceEditor (606)
[2020.02.06-18.06.52:621][227]LogModuleManager: Shutting down and abandoning module PlacementMode (605)
[2020.02.06-18.06.52:621][227]LogModuleManager: Shutting down and abandoning module MaterialEditor (604)
[2020.02.06-18.06.52:646][227]LogModuleManager: Shutting down and abandoning module ActorSequenceEditor (600)
[2020.02.06-18.06.52:663][227]LogModuleManager: Shutting down and abandoning module WmfMediaFactory (598)
[2020.02.06-18.06.52:663][227]LogModuleManager: Shutting down and abandoning module WmfMediaEditor (596)
[2020.02.06-18.06.52:663][227]LogModuleManager: Shutting down and abandoning module WebMMediaFactory (594)
[2020.02.06-18.06.52:663][227]LogModuleManager: Shutting down and abandoning module WebMMediaEditor (592)
[2020.02.06-18.06.52:663][227]LogModuleManager: Shutting down and abandoning module WebMMedia (590)
[2020.02.06-18.06.52:678][227]LogModuleManager: Shutting down and abandoning module MediaPlayerEditor (588)
[2020.02.06-18.06.52:740][227]LogModuleManager: Shutting down and abandoning module MediaCompositingEditor (586)
[2020.02.06-18.06.52:748][227]LogModuleManager: Shutting down and abandoning module SequenceRecorder (585)
[2020.02.06-18.06.52:749][227]LogModuleManager: Shutting down and abandoning module OpenExrWrapper (582)
[2020.02.06-18.06.52:749][227]LogModuleManager: Shutting down and abandoning module ImgMediaFactory (580)
[2020.02.06-18.06.52:749][227]LogModuleManager: Shutting down and abandoning module ImgMediaEditor (578)
[2020.02.06-18.06.52:749][227]LogModuleManager: Shutting down and abandoning module AvfMediaFactory (576)
[2020.02.06-18.06.52:749][227]LogModuleManager: Shutting down and abandoning module AvfMediaEditor (574)
[2020.02.06-18.06.52:749][227]LogModuleManager: Shutting down and abandoning module AndroidMediaFactory (572)
[2020.02.06-18.06.52:749][227]LogModuleManager: Shutting down and abandoning module AndroidMediaEditor (570)
[2020.02.06-18.06.52:749][227]LogModuleManager: Shutting down and abandoning module MagicLeapCameraPreviewFactory (568)
[2020.02.06-18.06.52:749][227]LogModuleManager: Shutting down and abandoning module MagicLeapMediaCodecFactory (566)
[2020.02.06-18.06.52:749][227]LogModuleManager: Shutting down and abandoning module MagicLeapMediaFactory (564)
[2020.02.06-18.06.52:749][227]LogModuleManager: Shutting down and abandoning module MagicLeapMediaEditor (562)
[2020.02.06-18.06.52:749][227]LogModuleManager: Shutting down and abandoning module CharacterAI (560)
[2020.02.06-18.06.52:749][227]LogModuleManager: Shutting down and abandoning module SmartSnapping (558)
[2020.02.06-18.06.52:749][227]LogModuleManager: Shutting down and abandoning module SessionServices (556)
[2020.02.06-18.06.52:749][227]LogModuleManager: Shutting down and abandoning module MeshPaint (554)
[2020.02.06-18.06.52:751][227]LogModuleManager: Shutting down and abandoning module ViewportSnapping (552)
[2020.02.06-18.06.52:751][227]LogModuleManager: Shutting down and abandoning module ViewportInteraction (550)
[2020.02.06-18.06.52:751][227]LogModuleManager: Shutting down and abandoning module ClothPainter (548)
[2020.02.06-18.06.52:759][227]LogModuleManager: Shutting down and abandoning module SkeletalMeshEditor (547)
[2020.02.06-18.06.52:771][227]LogModuleManager: Shutting down and abandoning module LogVisualizer (544)
[2020.02.06-18.06.52:790][227]LogModuleManager: Shutting down and abandoning module IntroTutorials (542)
[2020.02.06-18.06.52:820][227]LogModuleManager: Shutting down and abandoning module GameProjectGeneration (541)
[2020.02.06-18.06.52:849][227]LogModuleManager: Shutting down and abandoning module LuminPlatformEditor (538)
[2020.02.06-18.06.52:849][227]LogModuleManager: Shutting down and abandoning module IOSPlatformEditor (536)
[2020.02.06-18.06.52:864][227]LogModuleManager: Shutting down and abandoning module HTML5PlatformEditor (534)
[2020.02.06-18.06.52:864][227]LogModuleManager: Shutting down and abandoning module AndroidPlatformEditor (532)
[2020.02.06-18.06.52:873][227]LogModuleManager: Shutting down and abandoning module AndroidDeviceDetection (531)
[2020.02.06-18.06.53:574][227]LogModuleManager: Shutting down and abandoning module WindowsPlatformEditor (528)
[2020.02.06-18.06.53:574][227]LogModuleManager: Shutting down and abandoning module LuminRuntimeSettings (526)
[2020.02.06-18.06.53:574][227]LogModuleManager: Shutting down and abandoning module IOSRuntimeSettings (524)
[2020.02.06-18.06.53:574][227]LogModuleManager: Shutting down and abandoning module AndroidRuntimeSettings (522)
[2020.02.06-18.06.53:574][227]LogModuleManager: Shutting down and abandoning module TimeManagementEditor (520)
[2020.02.06-18.06.53:574][227]LogModuleManager: Shutting down and abandoning module InputBindingEditor (518)
[2020.02.06-18.06.53:658][227]LogModuleManager: Shutting down and abandoning module MergeActors (516)
[2020.02.06-18.06.53:679][227]LogModuleManager: Shutting down and abandoning module LocalizationDashboard (514)
[2020.02.06-18.06.53:695][227]LogModuleManager: Shutting down and abandoning module LocalizationService (513)
[2020.02.06-18.06.53:704][227]LogModuleManager: Shutting down and abandoning module HardwareTargeting (510)
[2020.02.06-18.06.53:704][227]LogModuleManager: Shutting down and abandoning module DeviceProfileEditor (508)
[2020.02.06-18.06.53:715][227]LogModuleManager: Shutting down and abandoning module UndoHistory (506)
[2020.02.06-18.06.53:746][227]LogModuleManager: Shutting down and abandoning module XmlParser (504)
[2020.02.06-18.06.53:784][227]LogModuleManager: Shutting down and abandoning module Blutility (502)
[2020.02.06-18.06.54:321][227]LogModuleManager: Shutting down and abandoning module ProjectSettingsViewer (500)
[2020.02.06-18.06.54:322][227]LogModuleManager: Shutting down and abandoning module ProjectTargetPlatformEditor (499)
[2020.02.06-18.06.54:322][227]LogModuleManager: Shutting down and abandoning module EditorSettingsViewer (496)
[2020.02.06-18.06.54:322][227]LogModuleManager: Shutting down and abandoning module SettingsEditor (494)
[2020.02.06-18.06.54:332][227]LogModuleManager: Shutting down and abandoning module ProjectLauncher (492)
[2020.02.06-18.06.54:344][227]LogModuleManager: Shutting down and abandoning module SessionFrontend (490)
[2020.02.06-18.06.54:349][227]LogModuleManager: Shutting down and abandoning module ProfilerClient (488)
[2020.02.06-18.06.54:359][227]LogModuleManager: Shutting down and abandoning module DeviceManager (486)
[2020.02.06-18.06.54:367][227]LogModuleManager: Shutting down and abandoning module TargetDeviceServices (485)
[2020.02.06-18.06.54:425][227]LogModuleManager: Shutting down and abandoning module AutomationController (482)
[2020.02.06-18.06.54:451][227]LogModuleManager: Shutting down and abandoning module AutomationWindow (480)
[2020.02.06-18.06.54:466][227]LogModuleManager: Shutting down and abandoning module Layers (478)
[2020.02.06-18.06.54:479][227]LogModuleManager: Shutting down and abandoning module ComponentVisualizers (476)
[2020.02.06-18.06.54:479][227]LogModuleManager: Shutting down and abandoning module DetailCustomizations (474)
[2020.02.06-18.06.54:498][227]LogModuleManager: Shutting down and abandoning module PackagesDialog (472)
[2020.02.06-18.06.54:518][227]LogModuleManager: Shutting down and abandoning module AnimationBlueprintEditor (470)
[2020.02.06-18.06.54:609][227]LogModuleManager: Shutting down and abandoning module Persona (468)
[2020.02.06-18.06.54:636][227]LogModuleManager: Shutting down and abandoning module AdvancedPreviewScene (467)
[2020.02.06-18.06.54:636][227]LogModuleManager: Shutting down and abandoning module AnimGraph (465)
[2020.02.06-18.06.54:636][227]LogModuleManager: Shutting down and abandoning module Kismet (462)
[2020.02.06-18.06.54:671][227]LogModuleManager: Shutting down and abandoning module GraphEditor (460)
[2020.02.06-18.06.54:714][227]LogModuleManager: Shutting down and abandoning module ClassViewer (458)
[2020.02.06-18.06.54:714][227]LogModuleManager: Shutting down and abandoning module Toolbox (456)
[2020.02.06-18.06.54:714][227]LogModuleManager: Shutting down and abandoning module ModuleUI (454)
[2020.02.06-18.06.54:722][227]LogModuleManager: Shutting down and abandoning module MovieSceneTools (452)
[2020.02.06-18.06.54:729][227]LogModuleManager: Shutting down and abandoning module OutputLog (450)
[2020.02.06-18.06.54:729][227]LogModuleManager: Shutting down and abandoning module GammaUI (448)
[2020.02.06-18.06.54:739][227]LogModuleManager: Shutting down and abandoning module Documentation (446)
[2020.02.06-18.06.54:739][227]LogModuleManager: Shutting down and abandoning module LiveCoding (444)
[2020.02.06-18.06.54:758][227]LogModuleManager: Shutting down and abandoning module LevelSequence (442)
[2020.02.06-18.06.54:758][227]LogModuleManager: Shutting down and abandoning module MovieSceneTracks (440)
[2020.02.06-18.06.54:758][227]LogModuleManager: Shutting down and abandoning module MovieScene (438)
[2020.02.06-18.06.54:768][227]LogModuleManager: Shutting down and abandoning module StreamingPauseRendering (436)
[2020.02.06-18.06.54:814][227]LogModuleManager: Shutting down and abandoning module LauncherPlatform (434)
[2020.02.06-18.06.54:814][227]LogModuleManager: Shutting down and abandoning module AnalyticsET (432)
[2020.02.06-18.06.54:814][227]LogModuleManager: Shutting down and abandoning module PortalServices (430)
[2020.02.06-18.06.54:814][227]LogModuleManager: Shutting down and abandoning module PortalRpc (428)
[2020.02.06-18.06.54:814][227]LogModuleManager: Shutting down and abandoning module MessagingRpc (426)
[2020.02.06-18.06.54:814][227]LogModuleManager: Shutting down and abandoning module AIModule (424)
[2020.02.06-18.06.54:843][227]LogModuleManager: Shutting down and abandoning module GameplayDebugger (423)
[2020.02.06-18.06.54:853][227]LogModuleManager: Shutting down and abandoning module AITestSuite (421)
[2020.02.06-18.06.54:864][227]LogModuleManager: Shutting down and abandoning module NavigationSystem (419)
[2020.02.06-18.06.54:864][227]LogModuleManager: Shutting down and abandoning module DesktopPlatform (416)
[2020.02.06-18.06.54:864][227]LogModuleManager: Shutting down and abandoning module ImageWriteQueue (414)
[2020.02.06-18.06.54:867][227]LogModuleManager: Shutting down and abandoning module ProfilerService (412)
[2020.02.06-18.06.55:117][227]LogModuleManager: Shutting down and abandoning module TaskGraph (410)
[2020.02.06-18.06.55:139][227]LogModuleManager: Shutting down and abandoning module SteamVRController (408)
[2020.02.06-18.06.55:139][227]LogModuleManager: Shutting down and abandoning module ProceduralMeshComponentEditor (406)
[2020.02.06-18.06.55:150][227]LogModuleManager: Shutting down and abandoning module ProceduralMeshComponent (404)
[2020.02.06-18.06.55:156][227]LogModuleManager: Shutting down and abandoning module OculusEditor (402)
[2020.02.06-18.06.55:168][227]LogModuleManager: Shutting down and abandoning module OculusInput (400)
[2020.02.06-18.06.55:168][227]LogModuleManager: Shutting down and abandoning module MobilePatchingUtils (398)
[2020.02.06-18.06.55:168][227]LogModuleManager: Shutting down and abandoning module EditableMesh (396)
[2020.02.06-18.06.55:181][227]LogModuleManager: Shutting down and abandoning module CustomMeshComponent (394)
[2020.02.06-18.06.55:181][227]LogModuleManager: Shutting down and abandoning module CableComponent (392)
[2020.02.06-18.06.55:195][227]LogModuleManager: Shutting down and abandoning module AudioCapture (390)
[2020.02.06-18.06.55:195][227]LogModuleManager: Shutting down and abandoning module ArchVisCharacter (388)
[2020.02.06-18.06.55:195][227]LogModuleManager: Shutting down and abandoning module AndroidPermission (386)
[2020.02.06-18.06.55:195][227]LogModuleManager: Shutting down and abandoning module NUTUnrealEngine4 (384)
[2020.02.06-18.06.55:214][227]LogModuleManager: Shutting down and abandoning module NetcodeUnitTest (382)
[2020.02.06-18.06.55:252][227]LogModuleManager: Shutting down and abandoning module MediaCompositing (380)
[2020.02.06-18.06.55:252][227]LogModuleManager: Shutting down and abandoning module LinearTimecode (378)
[2020.02.06-18.06.55:252][227]LogModuleManager: Shutting down and abandoning module ImgMedia (376)
[2020.02.06-18.06.55:252][227]LogModuleManager: Shutting down and abandoning module MagicLeapHelperVulkan (374)
[2020.02.06-18.06.55:252][227]LogModuleManager: Shutting down and abandoning module MagicLeapHelperOpenGL (372)
[2020.02.06-18.06.55:268][227]LogModuleManager: Shutting down and abandoning module MagicLeapAudio (370)
[2020.02.06-18.06.55:281][227]LogModuleManager: Shutting down and abandoning module HTML5Networking (368)
[2020.02.06-18.06.55:281][227]LogModuleManager: Shutting down and abandoning module GeometryCacheTracks (366)
[2020.02.06-18.06.55:281][227]LogModuleManager: Shutting down and abandoning module GeometryCacheSequencer (364)
[2020.02.06-18.06.55:281][227]LogModuleManager: Shutting down and abandoning module BackChannel (362)
[2020.02.06-18.06.55:332][227]LogModuleManager: Shutting down and abandoning module AppleVision (360)
[2020.02.06-18.06.55:332][227]LogModuleManager: Shutting down and abandoning module AppleImageUtilsBlueprintSupport (358)
[2020.02.06-18.06.55:332][227]LogModuleManager: Shutting down and abandoning module AppleImageUtils (356)
[2020.02.06-18.06.55:332][227]LogModuleManager: Shutting down and abandoning module AlembicImporter (354)
[2020.02.06-18.06.55:332][227]LogModuleManager: Shutting down and abandoning module AlembicLibrary (353)
[2020.02.06-18.06.55:332][227]LogModuleManager: Shutting down and abandoning module GeometryCache (352)
[2020.02.06-18.06.55:332][227]LogModuleManager: Shutting down and abandoning module GeometryCacheEd (351)
[2020.02.06-18.06.55:332][227]LogModuleManager: Shutting down and abandoning module VariantManagerContent (346)
[2020.02.06-18.06.55:332][227]LogModuleManager: Shutting down and abandoning module DatasmithContentEditor (344)
[2020.02.06-18.06.55:342][227]LogModuleManager: Shutting down and abandoning module SpeedTreeImporter (342)
[2020.02.06-18.06.55:342][227]LogModuleManager: Shutting down and abandoning module PluginBrowser (340)
[2020.02.06-18.06.55:344][227]LogModuleManager: Shutting down and abandoning module MobileLauncherProfileWizard (338)
[2020.02.06-18.06.55:359][227]LogModuleManager: Shutting down and abandoning module MaterialAnalyzer (336)
[2020.02.06-18.06.55:371][227]LogModuleManager: Shutting down and abandoning module CryptoKeysOpenSSL (334)
[2020.02.06-18.06.55:371][227]LogModuleManager: Shutting down and abandoning module CryptoKeys (332)
[2020.02.06-18.06.55:371][227]LogModuleManager: Shutting down and abandoning module VisualStudioSourceCodeAccess (330)
[2020.02.06-18.06.55:379][227]LogModuleManager: Shutting down and abandoning module VisualStudioCodeSourceCodeAccess (328)
[2020.02.06-18.06.55:379][227]LogModuleManager: Shutting down and abandoning module UObjectPlugin (326)
[2020.02.06-18.06.55:379][227]LogModuleManager: Shutting down and abandoning module SubversionSourceControl (324)
[2020.02.06-18.06.55:394][227]LogModuleManager: Shutting down and abandoning module PerforceSourceControl (322)
[2020.02.06-18.06.55:428][227]LogModuleManager: Shutting down and abandoning module GitSourceControl (320)
[2020.02.06-18.06.55:442][227]LogModuleManager: Shutting down and abandoning module SourceControl (319)
[2020.02.06-18.06.55:466][227]LogModuleManager: Shutting down and abandoning module CLionSourceCodeAccess (316)
[2020.02.06-18.06.55:466][227]LogModuleManager: Shutting down and abandoning module AnimationSharingEd (314)
[2020.02.06-18.06.55:466][227]LogModuleManager: Shutting down and abandoning module ActorLayerUtilitiesEditor (312)
[2020.02.06-18.06.55:466][227]LogModuleManager: Shutting down and abandoning module ActorLayerUtilities (310)
[2020.02.06-18.06.55:466][227]LogModuleManager: Shutting down and abandoning module LightPropagationVolumeEditor (308)
[2020.02.06-18.06.55:466][227]LogModuleManager: Shutting down and abandoning module PaperTiledImporter (306)
[2020.02.06-18.06.55:466][227]LogModuleManager: Shutting down and abandoning module PaperSpriteSheetImporter (304)
[2020.02.06-18.06.55:466][227]LogModuleManager: Shutting down and abandoning module Paper2DEditor (302)
[2020.02.06-18.06.55:506][227]LogModuleManager: Shutting down and abandoning module SignificanceManager (300)
[2020.02.06-18.06.55:506][227]LogModuleManager: Shutting down and abandoning module RuntimePhysXCooking (298)
[2020.02.06-18.06.55:506][227]LogModuleManager: Shutting down and abandoning module PhysXVehiclesEditor (296)
[2020.02.06-18.06.55:506][227]LogModuleManager: Shutting down and abandoning module PhysXVehicles (294)
[2020.02.06-18.06.55:506][227]LogModuleManager: Shutting down and abandoning module LocationServicesBPLibrary (292)
[2020.02.06-18.06.55:506][227]LogModuleManager: Shutting down and abandoning module ApexDestructionEditor (290)
[2020.02.06-18.06.55:523][227]LogModuleManager: Shutting down and abandoning module ApexDestruction (288)
[2020.02.06-18.06.55:534][227]LogModuleManager: Shutting down and abandoning module ActorSequence (286)
[2020.02.06-18.06.55:534][227]LogModuleManager: Shutting down and abandoning module UdpMessaging (284)
[2020.02.06-18.06.55:636][227]LogModuleManager: Shutting down and abandoning module TcpMessaging (282)
[2020.02.06-18.06.55:756][227]LogModuleManager: Shutting down and abandoning module MagicLeapIdentity (280)
[2020.02.06-18.06.55:756][227]LogModuleManager: Shutting down and abandoning module MagicLeapSecureStorage (278)
[2020.02.06-18.06.55:756][227]LogModuleManager: Shutting down and abandoning module MagicLeapHandTracking (276)
[2020.02.06-18.06.55:765][227]LogModuleManager: Shutting down and abandoning module MagicLeapEyeTracker (274)
[2020.02.06-18.06.55:765][227]LogModuleManager: Shutting down and abandoning module MagicLeapController (272)
[2020.02.06-18.06.55:776][227]LogSlate: Slate User Destroyed.  User Index 0, Is Virtual User: 0
[2020.02.06-18.06.55:776][227]LogModuleManager: Shutting down and abandoning module MagicLeapAR (270)
[2020.02.06-18.06.55:776][227]LogModuleManager: Shutting down and abandoning module AugmentedReality (269)
[2020.02.06-18.06.55:776][227]LogModuleManager: Shutting down and abandoning module GameplayTagsEditor (266)
[2020.02.06-18.06.55:790][227]LogModuleManager: Shutting down and abandoning module FacialAnimationEditor (264)
[2020.02.06-18.06.55:790][227]LogModuleManager: Shutting down and abandoning module FacialAnimation (262)
[2020.02.06-18.06.55:790][227]LogModuleManager: Shutting down and abandoning module DataValidation (260)
[2020.02.06-18.06.55:790][227]LogModuleManager: Shutting down and abandoning module AssetManagerEditor (258)
[2020.02.06-18.06.55:845][227]LogModuleManager: Shutting down and abandoning module LevelEditor (257)
[2020.02.06-18.06.55:859][227]LogModuleManager: Shutting down and abandoning module PixelInspectorModule (256)
[2020.02.06-18.06.55:872][227]LogModuleManager: Shutting down and abandoning module CommonMenuExtensions (254)
[2020.02.06-18.06.55:873][227]LogModuleManager: Shutting down and abandoning module MainFrame (252)
[2020.02.06-18.06.55:873][227]LogModuleManager: Shutting down and abandoning module HotReload (251)
[2020.02.06-18.06.55:900][227]LogModuleManager: Shutting down and abandoning module ContentBrowser (247)
[2020.02.06-18.06.55:902][227]LogModuleManager: Shutting down and abandoning module TreeMap (245)
[2020.02.06-18.06.55:920][227]LogModuleManager: Shutting down and abandoning module AnimationSharing (242)
[2020.02.06-18.06.55:920][227]LogModuleManager: Shutting down and abandoning module LightPropagationVolumeRuntime (240)
[2020.02.06-18.06.55:920][227]LogModuleManager: Shutting down and abandoning module AISupportModule (238)
[2020.02.06-18.06.55:920][227]LogModuleManager: Shutting down and abandoning module Paper2D (236)
[2020.02.06-18.06.55:933][227]LogModuleManager: Shutting down and abandoning module WindowsMoviePlayer (234)
[2020.02.06-18.06.55:944][227]LogModuleManager: Shutting down and abandoning module WebMMoviePlayer (232)
[2020.02.06-18.06.55:962][227]LogModuleManager: Shutting down and abandoning module PacketHandler (230)
[2020.02.06-18.06.55:962][227]LogModuleManager: Shutting down and abandoning module ClothingSystemEditor (228)
[2020.02.06-18.06.55:962][227]LogModuleManager: Shutting down and abandoning module ClothingSystemRuntime (226)
[2020.02.06-18.06.55:977][227]LogModuleManager: Shutting down and abandoning module MediaAssets (224)
[2020.02.06-18.06.55:977][227]LogModuleManager: Shutting down and abandoning module Overlay (222)
[2020.02.06-18.06.55:977][227]LogModuleManager: Shutting down and abandoning module OverlayEditor (221)
[2020.02.06-18.06.55:977][227]LogModuleManager: Shutting down and abandoning module EnvironmentQueryEditor (218)
[2020.02.06-18.06.55:996][227]LogModuleManager: Shutting down and abandoning module VREditor (216)
[2020.02.06-18.06.56:021][227]LogModuleManager: Shutting down and abandoning module StringTableEditor (214)
[2020.02.06-18.06.56:100][227]LogModuleManager: Shutting down and abandoning module GameplayTasksEditor (212)
[2020.02.06-18.06.56:100][227]LogModuleManager: Shutting down and abandoning module BehaviorTreeEditor (210)
[2020.02.06-18.06.56:129][227]LogModuleManager: Shutting down and abandoning module FunctionalTesting (208)
[2020.02.06-18.06.56:144][227]LogModuleManager: Shutting down and abandoning module CollisionAnalyzer (206)
[2020.02.06-18.06.56:181][227]LogModuleManager: Shutting down and abandoning module WorkspaceMenuStructure (205)
[2020.02.06-18.06.56:190][227]LogModuleManager: Shutting down and abandoning module UMG (202)
[2020.02.06-18.06.56:208][227]LogModuleManager: Shutting down and abandoning module UMGEditor (201)
[2020.02.06-18.06.56:230][227]LogModuleManager: Shutting down and abandoning module Sequencer (200)
[2020.02.06-18.06.56:275][227]LogModuleManager: Shutting down and abandoning module MessageLog (197)
[2020.02.06-18.06.56:275][227]LogModuleManager: Shutting down and abandoning module SlateReflector (192)
[2020.02.06-18.06.56:334][227]LogModuleManager: Shutting down and abandoning module Slate (190)
[2020.02.06-18.06.56:334][227]LogModuleManager: Shutting down and abandoning module EditorStyle (188)
[2020.02.06-18.06.56:353][227]LogModuleManager: Shutting down and abandoning module UnrealEd (186)
[2020.02.06-18.06.56:363][227]LogModuleManager: Shutting down and abandoning module MRMesh (184)
[2020.02.06-18.06.56:363][227]LogModuleManager: Shutting down and abandoning module SourceCodeAccess (182)
[2020.02.06-18.06.56:363][227]LogModuleManager: Shutting down and abandoning module HeadMountedDisplay (180)
[2020.02.06-18.06.56:363][227]LogModuleManager: Shutting down and abandoning module XAudio2 (178)
[2020.02.06-18.06.56:363][227]LogModuleManager: Shutting down and abandoning module Networking (176)
[2020.02.06-18.06.56:363][227]LogModuleManager: Shutting down and abandoning module Core (174)
[2020.02.06-18.06.56:363][227]LogModuleManager: Shutting down and abandoning module KismetCompiler (172)
[2020.02.06-18.06.56:363][227]LogModuleManager: Shutting down and abandoning module MeshUtilities (170)
[2020.02.06-18.06.56:363][227]LogModuleManager: Shutting down and abandoning module MeshMergeUtilities (169)
[2020.02.06-18.06.56:377][227]LogModuleManager: Shutting down and abandoning module MeshReductionInterface (168)
[2020.02.06-18.06.56:377][227]LogModuleManager: Shutting down and abandoning module SkeletalMeshReduction (167)
[2020.02.06-18.06.56:386][227]LogModuleManager: Shutting down and abandoning module ProxyLODMeshReduction (165)
[2020.02.06-18.06.56:418][227]LogModuleManager: Shutting down and abandoning module QuadricMeshReduction (163)
[2020.02.06-18.06.56:426][227]LogModuleManager: Shutting down and abandoning module MaterialBaking (159)
[2020.02.06-18.06.56:437][227]LogModuleManager: Shutting down and abandoning module DerivedDataCache (154)
[2020.02.06-18.06.56:446][227]LogDerivedDataCache: Shutdown
[2020.02.06-18.06.56:446][227]LogModuleManager: Shutting down and abandoning module XGEController (152)
[2020.02.06-18.06.56:446][227]LogXGEController: Cleaning working directory: C:/Users/neret/AppData/Local/Temp/UnrealXGEWorkingDir/
[2020.02.06-18.06.56:459][227]LogModuleManager: Shutting down and abandoning module TargetPlatform (150)
[2020.02.06-18.06.56:473][227]LogModuleManager: Shutting down and abandoning module VulkanShaderFormat (149)
[2020.02.06-18.06.56:482][227]LogModuleManager: Shutting down and abandoning module ShaderFormatVectorVM (147)
[2020.02.06-18.06.56:496][227]LogModuleManager: Shutting down and abandoning module ShaderFormatOpenGL (145)
[2020.02.06-18.06.56:506][227]LogModuleManager: Shutting down and abandoning module ShaderFormatD3D (143)
[2020.02.06-18.06.56:512][227]LogModuleManager: Shutting down and abandoning module MetalShaderFormat (141)
[2020.02.06-18.06.56:526][227]LogModuleManager: Shutting down and abandoning module TextureFormatUncompressed (139)
[2020.02.06-18.06.56:526][227]LogModuleManager: Shutting down and abandoning module TextureFormatPVR (137)
[2020.02.06-18.06.56:526][227]LogModuleManager: Shutting down and abandoning module TextureFormatDXT (135)
[2020.02.06-18.06.56:536][227]LogModuleManager: Shutting down and abandoning module TextureFormatIntelISPCTexComp (133)
[2020.02.06-18.06.56:543][227]LogModuleManager: Shutting down and abandoning module TextureFormatASTC (131)
[2020.02.06-18.06.56:543][227]LogModuleManager: Shutting down and abandoning module ImageWrapper (130)
[2020.02.06-18.06.56:543][227]LogModuleManager: Shutting down and abandoning module TextureFormatAndroid (127)
[2020.02.06-18.06.56:543][227]LogModuleManager: Shutting down and abandoning module AudioFormatOpus (125)
[2020.02.06-18.06.56:593][227]LogModuleManager: Shutting down and abandoning module AudioFormatOgg (123)
[2020.02.06-18.06.56:593][227]LogModuleManager: Shutting down and abandoning module AudioFormatADPCM (121)
[2020.02.06-18.06.56:603][227]LogModuleManager: Shutting down and abandoning module LuminTargetPlatform (119)
[2020.02.06-18.06.56:622][227]LogModuleManager: Shutting down and abandoning module LinuxTargetPlatform (117)
[2020.02.06-18.06.56:622][227]LogModuleManager: Shutting down and abandoning module LinuxServerTargetPlatform (115)
[2020.02.06-18.06.56:634][227]LogModuleManager: Shutting down and abandoning module LinuxNoEditorTargetPlatform (113)
[2020.02.06-18.06.56:648][227]LogModuleManager: Shutting down and abandoning module LinuxClientTargetPlatform (111)
[2020.02.06-18.06.56:656][227]LogModuleManager: Shutting down and abandoning module TVOSTargetPlatform (109)
[2020.02.06-18.06.56:660][227]LogModuleManager: Shutting down and abandoning module Messaging (107)
[2020.02.06-18.06.56:660][227]LogModuleManager: Shutting down and abandoning module IOSTargetPlatform (105)
[2020.02.06-18.06.56:663][227]LogModuleManager: Shutting down and abandoning module HTML5TargetPlatform (103)
[2020.02.06-18.06.56:663][227]LogModuleManager: Shutting down and abandoning module AndroidTargetPlatform (101)
[2020.02.06-18.06.56:688][227]LogModuleManager: Shutting down and abandoning module WindowsTargetPlatform (99)
[2020.02.06-18.06.56:688][227]LogModuleManager: Shutting down and abandoning module WindowsServerTargetPlatform (97)
[2020.02.06-18.06.56:688][227]LogModuleManager: Shutting down and abandoning module WindowsNoEditorTargetPlatform (95)
[2020.02.06-18.06.56:688][227]LogModuleManager: Shutting down and abandoning module WindowsClientTargetPlatform (93)
[2020.02.06-18.06.56:688][227]LogModuleManager: Shutting down and abandoning module MacTargetPlatform (91)
[2020.02.06-18.06.56:688][227]LogModuleManager: Shutting down and abandoning module MacServerTargetPlatform (89)
[2020.02.06-18.06.56:689][227]LogModuleManager: Shutting down and abandoning module MacNoEditorTargetPlatform (87)
[2020.02.06-18.06.56:689][227]LogModuleManager: Shutting down and abandoning module MacClientTargetPlatform (85)
[2020.02.06-18.06.56:689][227]LogModuleManager: Shutting down and abandoning module AllDesktopTargetPlatform (83)
[2020.02.06-18.06.56:689][227]LogModuleManager: Shutting down and abandoning module InputCore (80)
[2020.02.06-18.06.56:689][227]LogModuleManager: Shutting down and abandoning module Settings (78)
[2020.02.06-18.06.56:689][227]LogModuleManager: Shutting down and abandoning module DirectoryWatcher (76)
[2020.02.06-18.06.56:689][227]LogModuleManager: Shutting down and abandoning module PhysXCooking (74)
[2020.02.06-18.06.56:689][227]LogModuleManager: Shutting down and abandoning module SteamVR (72)
[2020.02.06-18.06.56:702][227]LogHMD: Freeing OpenVRDLLHandle.
[2020.02.06-18.06.56:702][227]LogModuleManager: Shutting down and abandoning module OculusHMD (70)
[2020.02.06-18.06.56:703][227]LogModuleManager: Shutting down and abandoning module ExampleDeviceProfileSelector (68)
[2020.02.06-18.06.56:703][227]LogModuleManager: Shutting down and abandoning module LauncherChunkInstaller (66)
[2020.02.06-18.06.56:703][227]LogModuleManager: Shutting down and abandoning module OnlineBlueprintSupport (64)
[2020.02.06-18.06.56:703][227]LogModuleManager: Shutting down and abandoning module OnlineSubsystem (60)
[2020.02.06-18.06.56:742][227]LogModuleManager: Shutting down and abandoning module XMPP (55)
[2020.02.06-18.06.56:752][227]LogModuleManager: Shutting down and abandoning module WebSockets (54)
[2020.02.06-18.06.56:789][227]LogModuleManager: Shutting down and abandoning module HTTP (51)
[2020.02.06-18.06.56:789][227]LogHttp: Display: Http module shutting down, but needs to wait on 1 outstanding Http requests:
[2020.02.06-18.06.56:789][227]LogHttp: Display: 	verb=[POST] url=[https://datarouter.ol.epicgames.com/datarouter/api/v1/public/data?SessionID=%7BAFDD5FA4-4514-80C4-672C-72B3A1862797%7D&AppID=UEEditor.Rocket.Release&AppVersion=4.22.3-7053642%2B%2B%2BUE4%2BRelease-4.22&UserID=613729e34a8cf89c6d81da9427ed9711%7C21b6c1a16cc943ada76baa90f2d76513%7Cf75f403d-df04-4871-a5b6-4603c476f9fe&AppEnvironment=datacollector-binary&UploadType=eteventstream] status=Processing
[2020.02.06-18.06.56:793][227]LogModuleManager: Shutting down and abandoning module SSL (50)
[2020.02.06-18.06.56:841][227]LogModuleManager: Shutting down and abandoning module WmfMedia (46)
[2020.02.06-18.06.56:857][227]LogModuleManager: Shutting down and abandoning module Media (45)
[2020.02.06-18.06.56:863][227]LogModuleManager: Shutting down and abandoning module MagicLeap (42)
[2020.02.06-18.06.56:876][227]LogModuleManager: Shutting down and abandoning module DatasmithContent (40)
[2020.02.06-18.06.56:876][227]LogModuleManager: Shutting down and abandoning module AnimationModifiers (38)
[2020.02.06-18.06.56:886][227]LogModuleManager: Shutting down and abandoning module PropertyEditor (37)
[2020.02.06-18.06.56:921][227]LogModuleManager: Shutting down and abandoning module AudioEditor (34)
[2020.02.06-18.06.56:951][227]LogModuleManager: Shutting down and abandoning module TextureCompressor (32)
[2020.02.06-18.06.56:969][227]LogModuleManager: Shutting down and abandoning module RenderCore (30)
[2020.02.06-18.06.56:969][227]LogModuleManager: Shutting down and abandoning module Landscape (28)
[2020.02.06-18.06.56:969][227]LogModuleManager: Shutting down and abandoning module SlateRHIRenderer (26)
[2020.02.06-18.06.56:977][227]LogModuleManager: Shutting down and abandoning module OpenGLDrv (24)
[2020.02.06-18.06.57:000][227]LogModuleManager: Shutting down and abandoning module D3D11RHI (22)
[2020.02.06-18.06.57:000][227]LogModuleManager: Shutting down and abandoning module AnimGraphRuntime (20)
[2020.02.06-18.06.57:003][227]LogModuleManager: Shutting down and abandoning module Renderer (18)
[2020.02.06-18.06.57:003][227]LogModuleManager: Shutting down and abandoning module Engine (16)
[2020.02.06-18.06.57:003][227]LogModuleManager: Shutting down and abandoning module CoreUObject (14)
[2020.02.06-18.06.57:003][227]LogModuleManager: Shutting down and abandoning module NetworkFile (12)
[2020.02.06-18.06.57:012][227]LogModuleManager: Shutting down and abandoning module CookedIterativeFile (10)
[2020.02.06-18.06.57:012][227]LogModuleManager: Shutting down and abandoning module StreamingFile (8)
[2020.02.06-18.06.57:020][227]LogModuleManager: Shutting down and abandoning module SandboxFile (6)
[2020.02.06-18.06.57:020][227]LogModuleManager: Shutting down and abandoning module PakFile (4)
[2020.02.06-18.06.57:031][227]LogModuleManager: Shutting down and abandoning module RSA (3)
[2020.02.06-18.06.57:107][227]LogExit: Exiting.
[2020.02.06-18.06.57:121][227]Log file closed, 02/06/20 21:06:57
