Log file open, 01/04/20 22:00:41
LogWindows: Failed to load 'aqProf.dll' (GetLastError=126)
LogWindows: File 'aqProf.dll' does not exist
LogWindows: Failed to load 'VtuneApi.dll' (GetLastError=126)
LogWindows: File 'VtuneApi.dll' does not exist
LogWindows: Failed to load 'VtuneApi32e.dll' (GetLastError=126)
LogWindows: File 'VtuneApi32e.dll' does not exist
LogConsoleResponse: Display: Failed to find resolution value strings in scalability ini. Falling back to default.
LogInit: Display: Running engine for game: ProjEng
LogPakFile: Registered encryption key '00000000000000000000000000000000': 0 pak files mounted, 0 remain pending
LogPlatformFile: Not using cached read wrapper
LogTaskGraph: Started task graph with 5 named threads and 35 total threads with 3 sets of task threads.
LogStats: Stats thread started at 0.394710
LogD3D11RHI: Loaded GFSDK_Aftermath_Lib.x64.dll
LogICUInternationalization: ICU TimeZone Detection - Raw Offset: +3:00, Platform Override: ''
LogPluginManager: Mounting plugin Paper2D
LogPluginManager: Mounting plugin AISupport
LogPluginManager: Mounting plugin LightPropagationVolume
LogPluginManager: Mounting plugin ActorLayerUtilities
LogPluginManager: Mounting plugin AnimationSharing
LogPluginManager: Mounting plugin CLionSourceCodeAccess
LogPluginManager: Mounting plugin CodeLiteSourceCodeAccess
LogPluginManager: Mounting plugin GitSourceControl
LogPluginManager: Mounting plugin KDevelopSourceCodeAccess
LogPluginManager: Mounting plugin NullSourceCodeAccess
LogPluginManager: Mounting plugin PerforceSourceControl
LogPluginManager: Mounting plugin SubversionSourceControl
LogPluginManager: Mounting plugin UObjectPlugin
LogPluginManager: Mounting plugin VisualStudioCodeSourceCodeAccess
LogPluginManager: Mounting plugin VisualStudioSourceCodeAccess
LogPluginManager: Mounting plugin XCodeSourceCodeAccess
LogPluginManager: Mounting plugin AssetManagerEditor
LogPluginManager: Mounting plugin CryptoKeys
LogPluginManager: Mounting plugin DataValidation
LogPluginManager: Mounting plugin FacialAnimation
LogPluginManager: Mounting plugin GameplayTagsEditor
LogPluginManager: Mounting plugin MacGraphicsSwitching
LogPluginManager: Mounting plugin MaterialAnalyzer
LogPluginManager: Mounting plugin MobileLauncherProfileWizard
LogPluginManager: Mounting plugin PluginBrowser
LogPluginManager: Mounting plugin SpeedTreeImporter
LogPluginManager: Mounting plugin DatasmithContent
LogPluginManager: Mounting plugin VariantManagerContent
LogPluginManager: Mounting plugin AlembicImporter
LogPluginManager: Mounting plugin AppleImageUtils
LogPluginManager: Mounting plugin AppleVision
LogPluginManager: Mounting plugin BackChannel
LogPluginManager: Mounting plugin CharacterAI
LogPluginManager: Mounting plugin GeometryCache
LogPluginManager: Mounting plugin HTML5Networking
LogPluginManager: Mounting plugin ProxyLODPlugin
LogPluginManager: Mounting plugin SkeletalReduction
LogPluginManager: Mounting plugin MagicLeap
LogPluginManager: Mounting plugin MagicLeapMedia
LogPluginManager: Mounting plugin AndroidMedia
LogPluginManager: Mounting plugin AvfMedia
LogPluginManager: Mounting plugin ImgMedia
LogPluginManager: Mounting plugin LinearTimecode
LogPluginManager: Mounting plugin MediaCompositing
LogPluginManager: Mounting plugin MediaPlayerEditor
LogPluginManager: Mounting plugin WebMMedia
LogPluginManager: Mounting plugin WmfMedia
LogPluginManager: Mounting plugin TcpMessaging
LogPluginManager: Mounting plugin UdpMessaging
LogPluginManager: Mounting plugin ActorSequence
LogPluginManager: Mounting plugin LevelSequenceEditor
LogPluginManager: Mounting plugin MatineeToLevelSequence
LogPluginManager: Mounting plugin NetcodeUnitTest
LogPluginManager: Mounting plugin NUTUnrealEngine4
LogPluginManager: Mounting plugin OnlineSubsystemGooglePlay
LogPluginManager: Mounting plugin OnlineSubsystemIOS
LogPluginManager: Mounting plugin OnlineSubsystem
LogPluginManager: Mounting plugin OnlineSubsystemNull
LogPluginManager: Mounting plugin OnlineSubsystemUtils
LogPluginManager: Mounting plugin LauncherChunkInstaller
LogPluginManager: Mounting plugin AndroidDeviceProfileSelector
LogPluginManager: Mounting plugin AndroidMoviePlayer
LogPluginManager: Mounting plugin AndroidPermission
LogPluginManager: Mounting plugin ApexDestruction
LogPluginManager: Mounting plugin AppleMoviePlayer
LogPluginManager: Mounting plugin ArchVisCharacter
LogPluginManager: Mounting plugin AudioCapture
LogPluginManager: Mounting plugin CableComponent
LogPluginManager: Mounting plugin CustomMeshComponent
LogPluginManager: Mounting plugin EditableMesh
LogPluginManager: Mounting plugin ExampleDeviceProfileSelector
LogPluginManager: Mounting plugin Firebase
LogPluginManager: Mounting plugin GoogleCloudMessaging
LogPluginManager: Mounting plugin IOSDeviceProfileSelector
LogPluginManager: Mounting plugin LinuxDeviceProfileSelector
LogPluginManager: Mounting plugin LocationServicesBPLibrary
LogPluginManager: Mounting plugin MobilePatchingUtils
LogPluginManager: Mounting plugin OculusVR
LogPluginManager: Mounting plugin PhysXVehicles
LogPluginManager: Mounting plugin ProceduralMeshComponent
LogPluginManager: Mounting plugin RuntimePhysXCooking
LogPluginManager: Mounting plugin SignificanceManager
LogPluginManager: Mounting plugin SteamVR
LogPluginManager: Mounting plugin WebMMoviePlayer
LogPluginManager: Mounting plugin WindowsMoviePlayer
LogInit: Using libcurl 7.55.1-DEV
LogInit:  - built for x86_64-pc-win32
LogInit:  - supports SSL with OpenSSL/1.1.1
LogInit:  - supports HTTP deflate (compression) using libz 1.2.8
LogInit:  - other features:
LogInit:      CURL_VERSION_SSL
LogInit:      CURL_VERSION_LIBZ
LogInit:      CURL_VERSION_IPV6
LogInit:      CURL_VERSION_ASYNCHDNS
LogInit:      CURL_VERSION_LARGEFILE
LogInit:      CURL_VERSION_IDN
LogInit:  CurlRequestOptions (configurable via config and command line):
LogInit:  - bVerifyPeer = true  - Libcurl will verify peer certificate
LogInit:  - bUseHttpProxy = false  - Libcurl will NOT use HTTP proxy
LogInit:  - bDontReuseConnections = false  - Libcurl will reuse connections
LogInit:  - MaxHostConnections = 16  - Libcurl will limit the number of connections to a host
LogInit:  - LocalHostAddr = Default
LogInit:  - BufferSize = 65536
LogInit: WinSock: version 1.1 (2.2), MaxSocks=32767, MaxUdp=65467
LogInit: Build: ++UE4+Release-4.22-CL-7053642
LogInit: Engine Version: 4.22.3-7053642+++UE4+Release-4.22
LogInit: Compatible Engine Version: 4.22.0-5660361+++UE4+Release-4.22
LogInit: Net CL: 5660361
LogInit: OS: Windows 10 (Release 1809) (), CPU: Intel(R) Core(TM) i7-8750H CPU @ 2.20GHz, GPU: Intel(R) UHD Graphics 630
LogInit: Compiled (64-bit): Jun 18 2019 03:09:11
LogInit: Compiled with Visual C++: 19.16.27025.01
LogInit: Build Configuration: Development
LogInit: Branch Name: ++UE4+Release-4.22
LogInit: Command Line: 
LogInit: Base Directory: D:/Epic Games/UE_4.22/Engine/Binaries/Win64/
LogInit: Installed Engine Build: 1
LogDevObjectVersion: Number of dev versions registered: 23
LogDevObjectVersion:   Dev-Blueprints (B0D832E4-1F89-4F0D-ACCF-7EB736FD4AA2): 10
LogDevObjectVersion:   Dev-Build (E1C64328-A22C-4D53-A36C-8E866417BD8C): 0
LogDevObjectVersion:   Dev-Core (375EC13C-06E4-48FB-B500-84F0262A717E): 3
LogDevObjectVersion:   Dev-Editor (E4B068ED-F494-42E9-A231-DA0B2E46BB41): 30
LogDevObjectVersion:   Dev-Framework (CFFC743F-43B0-4480-9391-14DF171D2073): 35
LogDevObjectVersion:   Dev-Mobile (B02B49B5-BB20-44E9-A304-32B752E40360): 2
LogDevObjectVersion:   Dev-Networking (A4E4105C-59A1-49B5-A7C5-40C4547EDFEE): 0
LogDevObjectVersion:   Dev-Online (39C831C9-5AE6-47DC-9A44-9C173E1C8E7C): 0
LogDevObjectVersion:   Dev-Physics (78F01B33-EBEA-4F98-B9B4-84EACCB95AA2): 0
LogDevObjectVersion:   Dev-Platform (6631380F-2D4D-43E0-8009-CF276956A95A): 0
LogDevObjectVersion:   Dev-Rendering (12F88B9F-8875-4AFC-A67C-D90C383ABD29): 28
LogDevObjectVersion:   Dev-Sequencer (7B5AE74C-D270-4C10-A958-57980B212A5A): 11
LogDevObjectVersion:   Dev-VR (D7296918-1DD6-4BDD-9DE2-64A83CC13884): 2
LogDevObjectVersion:   Dev-LoadTimes (C2A15278-BFE7-4AFE-6C17-90FF531DF755): 1
LogDevObjectVersion:   Private-Geometry (6EACA3D4-40EC-4CC1-B786-8BED09428FC5): 3
LogDevObjectVersion:   Dev-AnimPhys (29E575DD-E0A3-4627-9D10-D276232CDCEA): 17
LogDevObjectVersion:   Dev-Anim (AF43A65D-7FD3-4947-9873-3E8ED9C1BB05): 2
LogDevObjectVersion:   Dev-ReflectionCapture (6B266CEC-1EC7-4B8F-A30B-E4D90942FC07): 1
LogDevObjectVersion:   Dev-Automation (0DF73D61-A23F-47EA-B727-89E90C41499A): 1
LogDevObjectVersion:   FortniteMain (601D1886-AC64-4F84-AA16-D3DE0DEAC7D6): 25
LogDevObjectVersion:   Dev-Enterprise (9DFFBCD6-494F-0158-E221-12823C92A888): 6
LogDevObjectVersion:   Dev-Niagara (F2AED0AC-9AFE-416F-8664-AA7FFA26D6FC): 1
LogDevObjectVersion:   Dev-Destruction (174F1F0B-B4C6-45A5-B13F-2EE8D0FB917D): 2
LogInit: Presizing for max 16777216 objects, including 0 objects not considered by GC, pre-allocating 0 bytes for permanent pool.
LogInit: Object subsystem initialized
LogConfig: Setting CVar [[con.DebugEarlyDefault:1]]
LogConfig: Setting CVar [[r.setres:1280x720]]
[2020.01.04-19.00.41:733][  0]LogConfig: Setting CVar [[r.VSync:0]]
[2020.01.04-19.00.41:733][  0]LogConfig: Setting CVar [[r.RHICmdBypass:0]]
[2020.01.04-19.00.41:733][  0]LogConfig: Applying CVar settings from Section [/Script/Engine.RendererSettings] File [D:/ProjEng/ProjEng/ProjEng/Saved/Config/Windows/Engine.ini]
[2020.01.04-19.00.41:733][  0]LogConfig: Setting CVar [[r.GPUCrashDebugging:0]]
[2020.01.04-19.00.41:733][  0]LogConfig: Applying CVar settings from Section [/Script/Engine.RendererOverrideSettings] File [D:/ProjEng/ProjEng/ProjEng/Saved/Config/Windows/Engine.ini]
[2020.01.04-19.00.41:733][  0]LogConfig: Applying CVar settings from Section [/Script/Engine.StreamingSettings] File [D:/ProjEng/ProjEng/ProjEng/Saved/Config/Windows/Engine.ini]
[2020.01.04-19.00.41:733][  0]LogConfig: Setting CVar [[s.MinBulkDataSizeForAsyncLoading:131072]]
[2020.01.04-19.00.41:733][  0]LogConfig: Setting CVar [[s.AsyncLoadingThreadEnabled:0]]
[2020.01.04-19.00.41:733][  0]LogConfig: Setting CVar [[s.EventDrivenLoaderEnabled:1]]
[2020.01.04-19.00.41:733][  0]LogConfig: Setting CVar [[s.WarnIfTimeLimitExceeded:0]]
[2020.01.04-19.00.41:733][  0]LogConfig: Setting CVar [[s.TimeLimitExceededMultiplier:1.5]]
[2020.01.04-19.00.41:734][  0]LogConfig: Setting CVar [[s.TimeLimitExceededMinTime:0.005]]
[2020.01.04-19.00.41:734][  0]LogConfig: Setting CVar [[s.UseBackgroundLevelStreaming:1]]
[2020.01.04-19.00.41:734][  0]LogConfig: Setting CVar [[s.PriorityAsyncLoadingExtraTime:15.0]]
[2020.01.04-19.00.41:734][  0]LogConfig: Setting CVar [[s.LevelStreamingActorsUpdateTimeLimit:5.0]]
[2020.01.04-19.00.41:734][  0]LogConfig: Setting CVar [[s.PriorityLevelStreamingActorsUpdateExtraTime:5.0]]
[2020.01.04-19.00.41:734][  0]LogConfig: Setting CVar [[s.LevelStreamingComponentsRegistrationGranularity:10]]
[2020.01.04-19.00.41:734][  0]LogConfig: Setting CVar [[s.UnregisterComponentsTimeLimit:1.0]]
[2020.01.04-19.00.41:734][  0]LogConfig: Setting CVar [[s.LevelStreamingComponentsUnregistrationGranularity:5]]
[2020.01.04-19.00.41:734][  0]LogConfig: Applying CVar settings from Section [/Script/Engine.GarbageCollectionSettings] File [D:/ProjEng/ProjEng/ProjEng/Saved/Config/Windows/Engine.ini]
[2020.01.04-19.00.41:734][  0]LogConfig: Setting CVar [[gc.MaxObjectsNotConsideredByGC:1]]
[2020.01.04-19.00.41:734][  0]LogConfig: Setting CVar [[gc.SizeOfPermanentObjectPool:0]]
[2020.01.04-19.00.41:734][  0]LogConfig: Setting CVar [[gc.FlushStreamingOnGC:0]]
[2020.01.04-19.00.41:734][  0]LogConfig: Setting CVar [[gc.NumRetriesBeforeForcingGC:10]]
[2020.01.04-19.00.41:734][  0]LogConfig: Setting CVar [[gc.AllowParallelGC:1]]
[2020.01.04-19.00.41:734][  0]LogConfig: Setting CVar [[gc.TimeBetweenPurgingPendingKillObjects:61.1]]
[2020.01.04-19.00.41:734][  0]LogConfig: Setting CVar [[gc.MaxObjectsInEditor:16777216]]
[2020.01.04-19.00.41:734][  0]LogConfig: Setting CVar [[gc.IncrementalBeginDestroyEnabled:1]]
[2020.01.04-19.00.41:734][  0]LogConfig: Setting CVar [[gc.CreateGCClusters:1]]
[2020.01.04-19.00.41:734][  0]LogConfig: Setting CVar [[gc.MinGCClusterSize:5]]
[2020.01.04-19.00.41:734][  0]LogConfig: Setting CVar [[gc.ActorClusteringEnabled:0]]
[2020.01.04-19.00.41:734][  0]LogConfig: Setting CVar [[gc.BlueprintClusteringEnabled:0]]
[2020.01.04-19.00.41:734][  0]LogConfig: Setting CVar [[gc.UseDisregardForGCOnDedicatedServers:0]]
[2020.01.04-19.00.41:734][  0]LogConfig: Applying CVar settings from Section [/Script/Engine.NetworkSettings] File [D:/ProjEng/ProjEng/ProjEng/Saved/Config/Windows/Engine.ini]
[2020.01.04-19.00.41:734][  0]LogConfig: Applying CVar settings from Section [/Script/UnrealEd.CookerSettings] File [D:/ProjEng/ProjEng/ProjEng/Saved/Config/Windows/Engine.ini]
[2020.01.04-19.00.41:736][  0]LogConfig: Applying CVar settings from Section [ViewDistanceQuality@3] File [D:/ProjEng/ProjEng/ProjEng/Saved/Config/Windows/Scalability.ini]
[2020.01.04-19.00.41:736][  0]LogConfig: Setting CVar [[r.SkeletalMeshLODBias:0]]
[2020.01.04-19.00.41:736][  0]LogConfig: Setting CVar [[r.ViewDistanceScale:1.0]]
[2020.01.04-19.00.41:736][  0]LogConfig: Applying CVar settings from Section [AntiAliasingQuality@3] File [D:/ProjEng/ProjEng/ProjEng/Saved/Config/Windows/Scalability.ini]
[2020.01.04-19.00.41:736][  0]LogConfig: Setting CVar [[r.PostProcessAAQuality:4]]
[2020.01.04-19.00.41:736][  0]LogConfig: Applying CVar settings from Section [ShadowQuality@3] File [D:/ProjEng/ProjEng/ProjEng/Saved/Config/Windows/Scalability.ini]
[2020.01.04-19.00.41:736][  0]LogConfig: Setting CVar [[r.LightFunctionQuality:1]]
[2020.01.04-19.00.41:736][  0]LogConfig: Setting CVar [[r.ShadowQuality:5]]
[2020.01.04-19.00.41:736][  0]LogConfig: Setting CVar [[r.Shadow.CSM.MaxCascades:10]]
[2020.01.04-19.00.41:736][  0]LogConfig: Setting CVar [[r.Shadow.MaxResolution:2048]]
[2020.01.04-19.00.41:736][  0]LogConfig: Setting CVar [[r.Shadow.MaxCSMResolution:2048]]
[2020.01.04-19.00.41:736][  0]LogConfig: Setting CVar [[r.Shadow.RadiusThreshold:0.01]]
[2020.01.04-19.00.41:736][  0]LogConfig: Setting CVar [[r.Shadow.DistanceScale:1.0]]
[2020.01.04-19.00.41:736][  0]LogConfig: Setting CVar [[r.Shadow.CSM.TransitionScale:1.0]]
[2020.01.04-19.00.41:736][  0]LogConfig: Setting CVar [[r.Shadow.PreShadowResolutionFactor:1.0]]
[2020.01.04-19.00.41:736][  0]LogConfig: Setting CVar [[r.DistanceFieldShadowing:1]]
[2020.01.04-19.00.41:736][  0]LogConfig: Setting CVar [[r.DistanceFieldAO:1]]
[2020.01.04-19.00.41:736][  0]LogConfig: Setting CVar [[r.AOQuality:2]]
[2020.01.04-19.00.41:736][  0]LogConfig: Setting CVar [[r.VolumetricFog:1]]
[2020.01.04-19.00.41:736][  0]LogConfig: Setting CVar [[r.VolumetricFog.GridPixelSize:8]]
[2020.01.04-19.00.41:736][  0]LogConfig: Setting CVar [[r.VolumetricFog.GridSizeZ:128]]
[2020.01.04-19.00.41:736][  0]LogConfig: Setting CVar [[r.VolumetricFog.HistoryMissSupersampleCount:4]]
[2020.01.04-19.00.41:736][  0]LogConfig: Setting CVar [[r.LightMaxDrawDistanceScale:1]]
[2020.01.04-19.00.41:736][  0]LogConfig: Setting CVar [[r.CapsuleShadows:1]]
[2020.01.04-19.00.41:736][  0]LogConfig: Applying CVar settings from Section [PostProcessQuality@3] File [D:/ProjEng/ProjEng/ProjEng/Saved/Config/Windows/Scalability.ini]
[2020.01.04-19.00.41:736][  0]LogConfig: Setting CVar [[r.MotionBlurQuality:4]]
[2020.01.04-19.00.41:736][  0]LogConfig: Setting CVar [[r.AmbientOcclusionMipLevelFactor:0.4]]
[2020.01.04-19.00.41:736][  0]LogConfig: Setting CVar [[r.AmbientOcclusionMaxQuality:100]]
[2020.01.04-19.00.41:736][  0]LogConfig: Setting CVar [[r.AmbientOcclusionLevels:-1]]
[2020.01.04-19.00.41:736][  0]LogConfig: Setting CVar [[r.AmbientOcclusionRadiusScale:1.0]]
[2020.01.04-19.00.41:736][  0]LogConfig: Setting CVar [[r.DepthOfFieldQuality:2]]
[2020.01.04-19.00.41:736][  0]LogConfig: Setting CVar [[r.RenderTargetPoolMin:400]]
[2020.01.04-19.00.41:736][  0]LogConfig: Setting CVar [[r.LensFlareQuality:2]]
[2020.01.04-19.00.41:736][  0]LogConfig: Setting CVar [[r.SceneColorFringeQuality:1]]
[2020.01.04-19.00.41:736][  0]LogConfig: Setting CVar [[r.EyeAdaptationQuality:2]]
[2020.01.04-19.00.41:736][  0]LogConfig: Setting CVar [[r.BloomQuality:5]]
[2020.01.04-19.00.41:736][  0]LogConfig: Setting CVar [[r.FastBlurThreshold:100]]
[2020.01.04-19.00.41:736][  0]LogConfig: Setting CVar [[r.Upscale.Quality:3]]
[2020.01.04-19.00.41:736][  0]LogConfig: Setting CVar [[r.Tonemapper.GrainQuantization:1]]
[2020.01.04-19.00.41:736][  0]LogConfig: Setting CVar [[r.LightShaftQuality:1]]
[2020.01.04-19.00.41:736][  0]LogConfig: Setting CVar [[r.Filter.SizeScale:1]]
[2020.01.04-19.00.41:736][  0]LogConfig: Setting CVar [[r.Tonemapper.Quality:5]]
[2020.01.04-19.00.41:736][  0]LogConfig: Setting CVar [[r.DOF.Gather.AccumulatorQuality:1        ; higher gathering accumulator quality]]
[2020.01.04-19.00.41:736][  0]LogConfig: Setting CVar [[r.DOF.Gather.PostfilterMethod:1          ; Median3x3 postfilering method]]
[2020.01.04-19.00.41:736][  0]LogConfig: Setting CVar [[r.DOF.Gather.EnableBokehSettings:0       ; no bokeh simulation when gathering]]
[2020.01.04-19.00.41:736][  0]LogConfig: Setting CVar [[r.DOF.Gather.RingCount:4                 ; medium number of samples when gathering]]
[2020.01.04-19.00.41:736][  0]LogConfig: Setting CVar [[r.DOF.Scatter.ForegroundCompositing:1    ; additive foreground scattering]]
[2020.01.04-19.00.41:736][  0]LogConfig: Setting CVar [[r.DOF.Scatter.BackgroundCompositing:2    ; additive background scattering]]
[2020.01.04-19.00.41:736][  0]LogConfig: Setting CVar [[r.DOF.Scatter.EnableBokehSettings:1      ; bokeh simulation when scattering]]
[2020.01.04-19.00.41:736][  0]LogConfig: Setting CVar [[r.DOF.Scatter.MaxSpriteRatio:0.1         ; only a maximum of 10% of scattered bokeh]]
[2020.01.04-19.00.41:736][  0]LogConfig: Setting CVar [[r.DOF.Recombine.Quality:1                ; cheap slight out of focus]]
[2020.01.04-19.00.41:736][  0]LogConfig: Setting CVar [[r.DOF.Recombine.EnableBokehSettings:0    ; no bokeh simulation on slight out of focus]]
[2020.01.04-19.00.41:736][  0]LogConfig: Setting CVar [[r.DOF.TemporalAAQuality:1                ; more stable temporal accumulation]]
[2020.01.04-19.00.41:736][  0]LogConfig: Setting CVar [[r.DOF.Kernel.MaxForegroundRadius:0.025]]
[2020.01.04-19.00.41:736][  0]LogConfig: Setting CVar [[r.DOF.Kernel.MaxBackgroundRadius:0.025]]
[2020.01.04-19.00.41:736][  0]LogConfig: Applying CVar settings from Section [TextureQuality@3] File [D:/ProjEng/ProjEng/ProjEng/Saved/Config/Windows/Scalability.ini]
[2020.01.04-19.00.41:736][  0]LogConfig: Setting CVar [[r.Streaming.MipBias:0]]
[2020.01.04-19.00.41:736][  0]LogConfig: Setting CVar [[r.Streaming.AmortizeCPUToGPUCopy:0]]
[2020.01.04-19.00.41:736][  0]LogConfig: Setting CVar [[r.Streaming.MaxNumTexturesToStreamPerFrame:0]]
[2020.01.04-19.00.41:736][  0]LogConfig: Setting CVar [[r.Streaming.Boost:1]]
[2020.01.04-19.00.41:736][  0]LogConfig: Setting CVar [[r.MaxAnisotropy:8]]
[2020.01.04-19.00.41:736][  0]LogConfig: Setting CVar [[r.Streaming.LimitPoolSizeToVRAM:0]]
[2020.01.04-19.00.41:736][  0]LogConfig: Setting CVar [[r.Streaming.PoolSize:1000]]
[2020.01.04-19.00.41:736][  0]LogConfig: Setting CVar [[r.Streaming.MaxEffectiveScreenSize:0]]
[2020.01.04-19.00.41:736][  0]LogConfig: Applying CVar settings from Section [EffectsQuality@3] File [D:/ProjEng/ProjEng/ProjEng/Saved/Config/Windows/Scalability.ini]
[2020.01.04-19.00.41:736][  0]LogConfig: Setting CVar [[r.TranslucencyLightingVolumeDim:64]]
[2020.01.04-19.00.41:736][  0]LogConfig: Setting CVar [[r.RefractionQuality:2]]
[2020.01.04-19.00.41:736][  0]LogConfig: Setting CVar [[r.SSR.Quality:3]]
[2020.01.04-19.00.41:737][  0]LogConfig: Setting CVar [[r.SceneColorFormat:4]]
[2020.01.04-19.00.41:737][  0]LogConfig: Setting CVar [[r.DetailMode:2]]
[2020.01.04-19.00.41:737][  0]LogConfig: Setting CVar [[r.TranslucencyVolumeBlur:1]]
[2020.01.04-19.00.41:737][  0]LogConfig: Setting CVar [[r.MaterialQualityLevel:1 ; High quality]]
[2020.01.04-19.00.41:737][  0]LogConfig: Setting CVar [[r.SSS.Scale:1]]
[2020.01.04-19.00.41:737][  0]LogConfig: Setting CVar [[r.SSS.SampleSet:2]]
[2020.01.04-19.00.41:737][  0]LogConfig: Setting CVar [[r.SSS.Quality:1]]
[2020.01.04-19.00.41:737][  0]LogConfig: Setting CVar [[r.SSS.HalfRes:1]]
[2020.01.04-19.00.41:737][  0]LogConfig: Setting CVar [[r.EmitterSpawnRateScale:1.0]]
[2020.01.04-19.00.41:737][  0]LogConfig: Setting CVar [[r.ParticleLightQuality:2]]
[2020.01.04-19.00.41:737][  0]LogConfig: Applying CVar settings from Section [FoliageQuality@3] File [D:/ProjEng/ProjEng/ProjEng/Saved/Config/Windows/Scalability.ini]
[2020.01.04-19.00.41:737][  0]LogConfig: Setting CVar [[foliage.DensityScale:1.0]]
[2020.01.04-19.00.41:737][  0]LogConfig: Setting CVar [[grass.DensityScale:1.0]]
[2020.01.04-19.00.41:737][  0]LogInit: Selected Device Profile: [Windows]
[2020.01.04-19.00.41:737][  0]LogInit: Applying CVar settings loaded from the selected device profile: [Windows]
[2020.01.04-19.00.41:748][  0]LogHAL: Display: Platform has ~ 8 GB [8442679296 / 8589934592 / 8], which maps to Default [LargestMinGB=32, LargerMinGB=12, DefaultMinGB=8, SmallerMinGB=6, SmallestMinGB=0)
[2020.01.04-19.00.41:748][  0]LogConfig: Setting CVar [[r.Vulkan.UseRealUBs:0		; Required until we fix HLR fall-out]]
[2020.01.04-19.00.41:748][  0]LogInit: Going up to parent DeviceProfile []
[2020.01.04-19.00.41:748][  0]LogConfig: Applying CVar settings from Section [ViewDistanceQuality@0] File [D:/ProjEng/ProjEng/ProjEng/Saved/Config/Windows/Scalability.ini]
[2020.01.04-19.00.41:748][  0]LogConfig: Setting CVar [[r.SkeletalMeshLODBias:2]]
[2020.01.04-19.00.41:748][  0]LogConfig: Setting CVar [[r.ViewDistanceScale:0.4]]
[2020.01.04-19.00.41:748][  0]LogConfig: Applying CVar settings from Section [AntiAliasingQuality@0] File [D:/ProjEng/ProjEng/ProjEng/Saved/Config/Windows/Scalability.ini]
[2020.01.04-19.00.41:748][  0]LogConfig: Setting CVar [[r.PostProcessAAQuality:0]]
[2020.01.04-19.00.41:748][  0]LogConfig: Applying CVar settings from Section [ShadowQuality@2] File [D:/ProjEng/ProjEng/ProjEng/Saved/Config/Windows/Scalability.ini]
[2020.01.04-19.00.41:748][  0]LogConfig: Setting CVar [[r.LightFunctionQuality:1]]
[2020.01.04-19.00.41:748][  0]LogConfig: Setting CVar [[r.ShadowQuality:5]]
[2020.01.04-19.00.41:748][  0]LogConfig: Setting CVar [[r.Shadow.CSM.MaxCascades:4]]
[2020.01.04-19.00.41:748][  0]LogConfig: Setting CVar [[r.Shadow.MaxResolution:1024]]
[2020.01.04-19.00.41:748][  0]LogConfig: Setting CVar [[r.Shadow.MaxCSMResolution:2048]]
[2020.01.04-19.00.41:748][  0]LogConfig: Setting CVar [[r.Shadow.RadiusThreshold:0.04]]
[2020.01.04-19.00.41:748][  0]LogConfig: Setting CVar [[r.Shadow.DistanceScale:0.85]]
[2020.01.04-19.00.41:748][  0]LogConfig: Setting CVar [[r.Shadow.CSM.TransitionScale:0.8]]
[2020.01.04-19.00.41:748][  0]LogConfig: Setting CVar [[r.Shadow.PreShadowResolutionFactor:0.5]]
[2020.01.04-19.00.41:748][  0]LogConfig: Setting CVar [[r.DistanceFieldShadowing:1]]
[2020.01.04-19.00.41:748][  0]LogConfig: Setting CVar [[r.DistanceFieldAO:1]]
[2020.01.04-19.00.41:748][  0]LogConfig: Setting CVar [[r.AOQuality:1]]
[2020.01.04-19.00.41:748][  0]LogConfig: Setting CVar [[r.VolumetricFog:1]]
[2020.01.04-19.00.41:748][  0]LogConfig: Setting CVar [[r.VolumetricFog.GridPixelSize:16]]
[2020.01.04-19.00.41:748][  0]LogConfig: Setting CVar [[r.VolumetricFog.GridSizeZ:64]]
[2020.01.04-19.00.41:748][  0]LogConfig: Setting CVar [[r.VolumetricFog.HistoryMissSupersampleCount:4]]
[2020.01.04-19.00.41:748][  0]LogConfig: Setting CVar [[r.LightMaxDrawDistanceScale:1]]
[2020.01.04-19.00.41:748][  0]LogConfig: Setting CVar [[r.CapsuleShadows:1]]
[2020.01.04-19.00.41:748][  0]LogConfig: Applying CVar settings from Section [PostProcessQuality@0] File [D:/ProjEng/ProjEng/ProjEng/Saved/Config/Windows/Scalability.ini]
[2020.01.04-19.00.41:748][  0]LogConfig: Setting CVar [[r.MotionBlurQuality:0]]
[2020.01.04-19.00.41:748][  0]LogConfig: Setting CVar [[r.AmbientOcclusionMipLevelFactor:1.0]]
[2020.01.04-19.00.41:748][  0]LogConfig: Setting CVar [[r.AmbientOcclusionMaxQuality:0]]
[2020.01.04-19.00.41:748][  0]LogConfig: Setting CVar [[r.AmbientOcclusionLevels:0]]
[2020.01.04-19.00.41:748][  0]LogConfig: Setting CVar [[r.AmbientOcclusionRadiusScale:1.2]]
[2020.01.04-19.00.41:748][  0]LogConfig: Setting CVar [[r.DepthOfFieldQuality:0]]
[2020.01.04-19.00.41:748][  0]LogConfig: Setting CVar [[r.RenderTargetPoolMin:300]]
[2020.01.04-19.00.41:748][  0]LogConfig: Setting CVar [[r.LensFlareQuality:0]]
[2020.01.04-19.00.41:748][  0]LogConfig: Setting CVar [[r.SceneColorFringeQuality:0]]
[2020.01.04-19.00.41:748][  0]LogConfig: Setting CVar [[r.EyeAdaptationQuality:0]]
[2020.01.04-19.00.41:748][  0]LogConfig: Setting CVar [[r.BloomQuality:4]]
[2020.01.04-19.00.41:748][  0]LogConfig: Setting CVar [[r.FastBlurThreshold:0]]
[2020.01.04-19.00.41:748][  0]LogConfig: Setting CVar [[r.Upscale.Quality:1]]
[2020.01.04-19.00.41:748][  0]LogConfig: Setting CVar [[r.Tonemapper.GrainQuantization:0]]
[2020.01.04-19.00.41:748][  0]LogConfig: Setting CVar [[r.LightShaftQuality:0]]
[2020.01.04-19.00.41:748][  0]LogConfig: Setting CVar [[r.Filter.SizeScale:0.6]]
[2020.01.04-19.00.41:748][  0]LogConfig: Setting CVar [[r.Tonemapper.Quality:0]]
[2020.01.04-19.00.41:748][  0]LogConfig: Applying CVar settings from Section [TextureQuality@0] File [D:/ProjEng/ProjEng/ProjEng/Saved/Config/Windows/Scalability.ini]
[2020.01.04-19.00.41:748][  0]LogConfig: Setting CVar [[r.Streaming.MipBias:16]]
[2020.01.04-19.00.41:748][  0]LogConfig: Setting CVar [[r.Streaming.AmortizeCPUToGPUCopy:1]]
[2020.01.04-19.00.41:748][  0]LogConfig: Setting CVar [[r.Streaming.MaxNumTexturesToStreamPerFrame:1]]
[2020.01.04-19.00.41:749][  0]LogConfig: Setting CVar [[r.Streaming.Boost:0.3]]
[2020.01.04-19.00.41:749][  0]LogConfig: Setting CVar [[r.MaxAnisotropy:0]]
[2020.01.04-19.00.41:749][  0]LogConfig: Setting CVar [[r.Streaming.LimitPoolSizeToVRAM:1]]
[2020.01.04-19.00.41:749][  0]LogConfig: Setting CVar [[r.Streaming.PoolSize:400]]
[2020.01.04-19.00.41:749][  0]LogConfig: Setting CVar [[r.Streaming.MaxEffectiveScreenSize:0]]
[2020.01.04-19.00.41:749][  0]LogConfig: Applying CVar settings from Section [EffectsQuality@0] File [D:/ProjEng/ProjEng/ProjEng/Saved/Config/Windows/Scalability.ini]
[2020.01.04-19.00.41:749][  0]LogConfig: Setting CVar [[r.TranslucencyLightingVolumeDim:24]]
[2020.01.04-19.00.41:749][  0]LogConfig: Setting CVar [[r.RefractionQuality:0]]
[2020.01.04-19.00.41:749][  0]LogConfig: Setting CVar [[r.SSR.Quality:0]]
[2020.01.04-19.00.41:749][  0]LogConfig: Setting CVar [[r.SceneColorFormat:3]]
[2020.01.04-19.00.41:749][  0]LogConfig: Setting CVar [[r.DetailMode:0]]
[2020.01.04-19.00.41:749][  0]LogConfig: Setting CVar [[r.TranslucencyVolumeBlur:0]]
[2020.01.04-19.00.41:749][  0]LogConfig: Setting CVar [[r.MaterialQualityLevel:0 ; Low quality]]
[2020.01.04-19.00.41:749][  0]LogConfig: Setting CVar [[r.SSS.Scale:0]]
[2020.01.04-19.00.41:749][  0]LogConfig: Setting CVar [[r.SSS.SampleSet:0]]
[2020.01.04-19.00.41:749][  0]LogConfig: Setting CVar [[r.SSS.Quality:0]]
[2020.01.04-19.00.41:749][  0]LogConfig: Setting CVar [[r.SSS.HalfRes:1]]
[2020.01.04-19.00.41:749][  0]LogConfig: Setting CVar [[r.EmitterSpawnRateScale:0.125]]
[2020.01.04-19.00.41:749][  0]LogConfig: Setting CVar [[r.ParticleLightQuality:0]]
[2020.01.04-19.00.41:749][  0]LogConfig: Applying CVar settings from Section [FoliageQuality@0] File [D:/ProjEng/ProjEng/ProjEng/Saved/Config/Windows/Scalability.ini]
[2020.01.04-19.00.41:749][  0]LogConfig: Setting CVar [[foliage.DensityScale:0]]
[2020.01.04-19.00.41:749][  0]LogConfig: Setting CVar [[grass.DensityScale:0]]
[2020.01.04-19.00.41:749][  0]LogConfig: Applying CVar settings from Section [Startup] File [../../../Engine/Config/ConsoleVariables.ini]
[2020.01.04-19.00.41:749][  0]LogConfig: Setting CVar [[net.UseAdaptiveNetUpdateFrequency:0]]
[2020.01.04-19.00.41:749][  0]LogConfig: Setting CVar [[p.chaos.AllowCreatePhysxBodies:1]]
[2020.01.04-19.00.41:749][  0]LogConfig: Applying CVar settings from Section [ConsoleVariables] File [D:/ProjEng/ProjEng/ProjEng/Saved/Config/Windows/Engine.ini]
[2020.01.04-19.00.41:749][  0]LogInit: Computer: DESKTOP-DOUR8LP
[2020.01.04-19.00.41:749][  0]LogInit: User: neret
[2020.01.04-19.00.41:749][  0]LogInit: CPU Page size=4096, Cores=6
[2020.01.04-19.00.41:749][  0]LogInit: High frequency timer resolution =10.000000 MHz
[2020.01.04-19.00.41:749][  0]LogMemory: Memory total: Physical=7.9GB (8GB approx)
[2020.01.04-19.00.41:749][  0]LogMemory: Platform Memory Stats for Windows
[2020.01.04-19.00.41:749][  0]LogMemory: Process Physical Memory: 99.52 MB used, 99.52 MB peak
[2020.01.04-19.00.41:749][  0]LogMemory: Process Virtual Memory: 103.50 MB used, 103.50 MB peak
[2020.01.04-19.00.41:749][  0]LogMemory: Physical Memory: 5615.85 MB used,  2435.72 MB free, 8051.57 MB total
[2020.01.04-19.00.41:749][  0]LogMemory: Virtual Memory: 4688.35 MB used,  134213040.00 MB free, 134217728.00 MB total
[2020.01.04-19.00.41:765][  0]LogInit: Using OS detected language (ru-RU).
[2020.01.04-19.00.41:765][  0]LogInit: Using OS detected locale (ru-RU).
[2020.01.04-19.00.41:765][  0]LogTextLocalizationManager: No specific localization for 'ru-RU' exists, so the 'ru' localization will be used.
[2020.01.04-19.00.41:766][  0]LogTextLocalizationResource: LocRes '../../../Engine/Content/Localization/Editor/ru/Editor.locres' could not be opened for reading!
[2020.01.04-19.00.41:766][  0]LogTextLocalizationResource: LocRes '../../../Engine/Content/Localization/EditorTutorials/ru/EditorTutorials.locres' could not be opened for reading!
[2020.01.04-19.00.41:766][  0]LogTextLocalizationResource: LocRes '../../../Engine/Content/Localization/Keywords/ru/Keywords.locres' could not be opened for reading!
[2020.01.04-19.00.41:766][  0]LogTextLocalizationResource: LocRes '../../../Engine/Content/Localization/Category/ru/Category.locres' could not be opened for reading!
[2020.01.04-19.00.41:766][  0]LogTextLocalizationResource: LocRes '../../../Engine/Content/Localization/ToolTips/ru/ToolTips.locres' could not be opened for reading!
[2020.01.04-19.00.41:766][  0]LogTextLocalizationResource: LocRes '../../../Engine/Content/Localization/PropertyNames/ru/PropertyNames.locres' could not be opened for reading!
[2020.01.04-19.00.41:766][  0]LogTextLocalizationResource: LocRes '../../../Engine/Content/Localization/Engine/ru/Engine.locres' could not be opened for reading!
[2020.01.04-19.00.41:767][  0]LogInit: Setting process to per monitor DPI aware
[2020.01.04-19.00.41:801][  0]LogSlate: New Slate User Created.  User Index 0, Is Virtual User: 0
[2020.01.04-19.00.41:801][  0]LogSlate: Slate User Registered.  User Index 0, Is Virtual User: 0
[2020.01.04-19.00.41:960][  0]LogHMD: Failed to initialize OpenVR with code 110
[2020.01.04-19.00.41:960][  0]LogD3D11RHI: D3D11 adapters:
[2020.01.04-19.00.42:035][  0]LogD3D11RHI:    0. 'NVIDIA GeForce GTX 1050 Ti' (Feature Level 11_0)
[2020.01.04-19.00.42:035][  0]LogD3D11RHI:       4018/0/4025 MB DedicatedVideo/DedicatedSystem/SharedSystem, Outputs:1, VendorId:0x10de
[2020.01.04-19.00.42:097][  0]LogD3D11RHI:    1. 'Intel(R) UHD Graphics 630' (Feature Level 11_0)
[2020.01.04-19.00.42:097][  0]LogD3D11RHI:       128/0/4025 MB DedicatedVideo/DedicatedSystem/SharedSystem, Outputs:0, VendorId:0x8086
[2020.01.04-19.00.42:098][  0]LogD3D11RHI:    2. 'Microsoft Basic Render Driver' (Feature Level 11_0)
[2020.01.04-19.00.42:098][  0]LogD3D11RHI:       0/0/4025 MB DedicatedVideo/DedicatedSystem/SharedSystem, Outputs:0, VendorId:0x1414
[2020.01.04-19.00.42:098][  0]LogD3D11RHI: Chosen D3D11 Adapter: 0
[2020.01.04-19.00.42:121][  0]LogD3D11RHI: Creating new Direct3DDevice
[2020.01.04-19.00.42:122][  0]LogD3D11RHI:     GPU DeviceId: 0x1c8c (for the marketing name, search the web for "GPU Device Id")
[2020.01.04-19.00.42:122][  0]LogWindows: EnumDisplayDevices:
[2020.01.04-19.00.42:122][  0]LogWindows:    0. 'Intel(R) UHD Graphics 630' (P:1 D:1)
[2020.01.04-19.00.42:122][  0]LogWindows:    1. 'Intel(R) UHD Graphics 630' (P:0 D:0)
[2020.01.04-19.00.42:122][  0]LogWindows:    2. 'Intel(R) UHD Graphics 630' (P:0 D:0)
[2020.01.04-19.00.42:122][  0]LogWindows:    3. 'NVIDIA GeForce GTX 1050 Ti' (P:0 D:0)
[2020.01.04-19.00.42:122][  0]LogWindows: DebugString: PrimaryIsNotTheChoosenAdapter PrimaryIsNotTheChoosenAdapter PrimaryIsNotTheChoosenAdapter 
[2020.01.04-19.00.42:122][  0]LogD3D11RHI:     Adapter Name: NVIDIA GeForce GTX 1050 Ti
[2020.01.04-19.00.42:122][  0]LogD3D11RHI:   Driver Version: 441.20 (internal:26.21.14.4120, unified:441.20)
[2020.01.04-19.00.42:123][  0]LogD3D11RHI:      Driver Date: 11-6-2019
[2020.01.04-19.00.42:123][  0]LogRHI: Texture pool is 2812 MB (70% of 4018 MB)
[2020.01.04-19.00.42:161][  0]LogD3D11RHI: Async texture creation enabled
[2020.01.04-19.00.42:286][  0]LogRendererCore: FGlobalReadBuffer::InitRHI
[2020.01.04-19.00.42:287][  0]LogRendererCore: FGlobalReadBuffer::InitRHI
[2020.01.04-19.00.42:287][  0]LogRendererCore: FGlobalReadBuffer::InitRHI
[2020.01.04-19.00.42:294][  0]LogD3D11RHI: GPU Timing Frequency: 1000.000000 (Debug: 2 1)
[2020.01.04-19.00.42:551][  0]LogTemp: Display: Module 'AllDesktopTargetPlatform' loaded TargetPlatform 'AllDesktop'
[2020.01.04-19.00.42:561][  0]LogTemp: Display: Module 'MacClientTargetPlatform' loaded TargetPlatform 'MacClient'
[2020.01.04-19.00.42:664][  0]LogTemp: Display: Module 'MacNoEditorTargetPlatform' loaded TargetPlatform 'MacNoEditor'
[2020.01.04-19.00.42:674][  0]LogTemp: Display: Module 'MacServerTargetPlatform' loaded TargetPlatform 'MacServer'
[2020.01.04-19.00.42:685][  0]LogTemp: Display: Module 'MacTargetPlatform' loaded TargetPlatform 'Mac'
[2020.01.04-19.00.42:695][  0]LogTemp: Display: Module 'WindowsClientTargetPlatform' loaded TargetPlatform 'WindowsClient'
[2020.01.04-19.00.42:706][  0]LogTemp: Display: Module 'WindowsNoEditorTargetPlatform' loaded TargetPlatform 'WindowsNoEditor'
[2020.01.04-19.00.42:716][  0]LogTemp: Display: Module 'WindowsServerTargetPlatform' loaded TargetPlatform 'WindowsServer'
[2020.01.04-19.00.42:721][  0]LogTemp: Display: Module 'WindowsTargetPlatform' loaded TargetPlatform 'Windows'
[2020.01.04-19.00.42:786][  0]LogTemp: Display: Module 'AndroidTargetPlatform' loaded TargetPlatform 'Android'
[2020.01.04-19.00.42:787][  0]LogTemp: Display: Module 'AndroidTargetPlatform' loaded TargetPlatform 'Android_ASTC'
[2020.01.04-19.00.42:787][  0]LogTemp: Display: Module 'AndroidTargetPlatform' loaded TargetPlatform 'Android_ATC'
[2020.01.04-19.00.42:787][  0]LogTemp: Display: Module 'AndroidTargetPlatform' loaded TargetPlatform 'Android_DXT'
[2020.01.04-19.00.42:787][  0]LogTemp: Display: Module 'AndroidTargetPlatform' loaded TargetPlatform 'Android_ETC1'
[2020.01.04-19.00.42:787][  0]LogTemp: Display: Module 'AndroidTargetPlatform' loaded TargetPlatform 'Android_ETC1a'
[2020.01.04-19.00.42:787][  0]LogTemp: Display: Module 'AndroidTargetPlatform' loaded TargetPlatform 'Android_ETC2'
[2020.01.04-19.00.42:787][  0]LogTemp: Display: Module 'AndroidTargetPlatform' loaded TargetPlatform 'Android_PVRTC'
[2020.01.04-19.00.42:787][  0]LogTemp: Display: Module 'AndroidTargetPlatform' loaded TargetPlatform 'AndroidClient'
[2020.01.04-19.00.42:787][  0]LogTemp: Display: Module 'AndroidTargetPlatform' loaded TargetPlatform 'Android_ASTCClient'
[2020.01.04-19.00.42:787][  0]LogTemp: Display: Module 'AndroidTargetPlatform' loaded TargetPlatform 'Android_ATCClient'
[2020.01.04-19.00.42:787][  0]LogTemp: Display: Module 'AndroidTargetPlatform' loaded TargetPlatform 'Android_DXTClient'
[2020.01.04-19.00.42:787][  0]LogTemp: Display: Module 'AndroidTargetPlatform' loaded TargetPlatform 'Android_ETC1Client'
[2020.01.04-19.00.42:787][  0]LogTemp: Display: Module 'AndroidTargetPlatform' loaded TargetPlatform 'Android_ETC1aClient'
[2020.01.04-19.00.42:787][  0]LogTemp: Display: Module 'AndroidTargetPlatform' loaded TargetPlatform 'Android_ETC2Client'
[2020.01.04-19.00.42:787][  0]LogTemp: Display: Module 'AndroidTargetPlatform' loaded TargetPlatform 'Android_PVRTCClient'
[2020.01.04-19.00.42:787][  0]LogTemp: Display: Module 'AndroidTargetPlatform' loaded TargetPlatform 'Android_Multi'
[2020.01.04-19.00.42:787][  0]LogTemp: Display: Module 'AndroidTargetPlatform' loaded TargetPlatform 'Android_MultiClient'
[2020.01.04-19.00.42:788][  0]LogTemp: Display: Module 'HTML5TargetPlatform' loaded TargetPlatform 'HTML5'
[2020.01.04-19.00.42:838][  0]LogTemp: Display: Module 'IOSTargetPlatform' loaded TargetPlatform 'IOSClient'
[2020.01.04-19.00.42:838][  0]LogTemp: Display: Module 'IOSTargetPlatform' loaded TargetPlatform 'IOS'
[2020.01.04-19.00.42:860][  0]LogTemp: Display: Module 'TVOSTargetPlatform' loaded TargetPlatform 'TVOSClient'
[2020.01.04-19.00.42:860][  0]LogTemp: Display: Module 'TVOSTargetPlatform' loaded TargetPlatform 'TVOS'
[2020.01.04-19.00.42:870][  0]LogTemp: Display: Module 'LinuxClientTargetPlatform' loaded TargetPlatform 'LinuxClient'
[2020.01.04-19.00.42:880][  0]LogTemp: Display: Module 'LinuxNoEditorTargetPlatform' loaded TargetPlatform 'LinuxNoEditor'
[2020.01.04-19.00.42:889][  0]LogTemp: Display: Module 'LinuxServerTargetPlatform' loaded TargetPlatform 'LinuxServer'
[2020.01.04-19.00.42:900][  0]LogTemp: Display: Module 'LinuxTargetPlatform' loaded TargetPlatform 'Linux'
[2020.01.04-19.00.42:936][  0]LogTemp: Display: Module 'LuminTargetPlatform' loaded TargetPlatform 'Lumin'
[2020.01.04-19.00.42:936][  0]LogTemp: Display: Module 'LuminTargetPlatform' loaded TargetPlatform 'LuminClient'
[2020.01.04-19.00.42:936][  0]LogTargetPlatformManager: Display: Building Assets For Windows
[2020.01.04-19.00.42:941][  0]LogAudioDebug: Display: Lib vorbis DLL was dynamically loaded.
[2020.01.04-19.00.42:970][  0]LogShaderCompilers: Guid format shader working directory is 8 characters bigger than the processId version (../../../../../ProjEng/ProjEng/ProjEng/Intermediate/Shaders/WorkingDirectory/8256/).
[2020.01.04-19.00.42:970][  0]LogShaderCompilers: Cleaned the shader compiler working directory 'C:/Users/neret/AppData/Local/Temp/UnrealShaderWorkingDir/0CCACB794F27EFA5D3535698ED42A72B/'.
[2020.01.04-19.00.42:971][  0]LogXGEController: Cleaning working directory: C:/Users/neret/AppData/Local/Temp/UnrealXGEWorkingDir/
[2020.01.04-19.00.42:972][  0]LogXGEController: Cannot use XGE Controller as Incredibuild is not installed on this machine.
[2020.01.04-19.00.42:972][  0]LogShaderCompilers: Cannot use XGE Shader Compiler as Incredibuild is not installed on this machine.
[2020.01.04-19.00.42:972][  0]LogShaderCompilers: Display: Using Local Shader Compiler.
[2020.01.04-19.00.43:432][  0]LogDerivedDataCache: Display: Max Cache Size: 512 MB
[2020.01.04-19.00.43:479][  0]LogDerivedDataCache: Loaded boot cache 0.05s 71MB C:/Users/neret/AppData/Local/UnrealEngine/4.22/DerivedDataCache/Boot.ddc.
[2020.01.04-19.00.43:479][  0]LogDerivedDataCache: Display: Loaded Boot cache: C:/Users/neret/AppData/Local/UnrealEngine/4.22/DerivedDataCache/Boot.ddc
[2020.01.04-19.00.43:479][  0]LogDerivedDataCache: FDerivedDataBackendGraph:  Pak pak cache file ../../../../../ProjEng/ProjEng/ProjEng/DerivedDataCache/DDC.ddp not found, will not use a pak cache.
[2020.01.04-19.00.43:479][  0]LogDerivedDataCache: Unable to find inner node Pak for hierarchical cache Hierarchy.
[2020.01.04-19.00.43:479][  0]LogDerivedDataCache: FDerivedDataBackendGraph:  CompressedPak pak cache file ../../../../../ProjEng/ProjEng/ProjEng/DerivedDataCache/Compressed.ddp not found, will not use a pak cache.
[2020.01.04-19.00.43:479][  0]LogDerivedDataCache: Unable to find inner node CompressedPak for hierarchical cache Hierarchy.
[2020.01.04-19.00.43:490][  0]LogDerivedDataCache: Display: Pak cache opened for reading ../../../Engine/DerivedDataCache/Compressed.ddp.
[2020.01.04-19.00.43:490][  0]LogDerivedDataCache: FDerivedDataBackendGraph:  EnterprisePak pak cache file ../../../Enterprise/DerivedDataCache/Compressed.ddp not found, will not use a pak cache.
[2020.01.04-19.00.43:490][  0]LogDerivedDataCache: Unable to find inner node EnterprisePak for hierarchical cache Hierarchy.
[2020.01.04-19.00.43:502][  0]LogDerivedDataCache: Using Local data cache path C:/Users/neret/AppData/Local/UnrealEngine/Common/DerivedDataCache: Writable
[2020.01.04-19.00.43:502][  0]LogDerivedDataCache: Shared data cache path not found in *engine.ini, will not use an Shared cache.
[2020.01.04-19.00.43:502][  0]LogDerivedDataCache: Unable to find inner node Shared for hierarchical cache Hierarchy.
[2020.01.04-19.00.43:526][  0]LogMaterial: Verifying Global Shaders for PCD3D_SM5
[2020.01.04-19.00.43:527][  0]LogSlate: Using FreeType 2.6.0
[2020.01.04-19.00.43:527][  0]LogSlate: SlateFontServices - WITH_FREETYPE: 1, WITH_HARFBUZZ: 1
[2020.01.04-19.00.43:599][  0]LogAssetRegistry: FAssetRegistry took 0.0310 seconds to start up
[2020.01.04-19.00.43:863][  0]LogInit: Selected Device Profile: [Windows]
[2020.01.04-19.00.43:965][  0]LogMeshReduction: Using QuadricMeshReduction for automatic static mesh reduction
[2020.01.04-19.00.43:965][  0]LogMeshReduction: Using SimplygonMeshReduction for automatic skeletal mesh reduction
[2020.01.04-19.00.43:965][  0]LogMeshReduction: Using ProxyLODMeshReduction for automatic mesh merging
[2020.01.04-19.00.43:965][  0]LogMeshReduction: No distributed automatic mesh merging module available
[2020.01.04-19.00.43:965][  0]LogMeshMerging: No distributed automatic mesh merging module available
[2020.01.04-19.00.43:978][  0]LogNetVersion: ProjEng 1.0.0, NetCL: 5660361, EngineNetVer: 10, GameNetVer: 0 (Checksum: 3386159734)
[2020.01.04-19.00.44:292][  0]LogPackageLocalizationCache: Processed 10 localized package path(s) for 1 prioritized culture(s) in 0.027187 seconds
[2020.01.04-19.00.44:297][  0]LogUObjectArray: 42205 objects as part of root set at end of initial load.
[2020.01.04-19.00.44:297][  0]LogUObjectAllocator: 7325032 out of 0 bytes used by permanent object pool.
[2020.01.04-19.00.44:297][  0]LogUObjectArray: CloseDisregardForGC: 0/0 objects in disregard for GC pool
[2020.01.04-19.00.44:960][  0]LogTcpMessaging: Initializing TcpMessaging bridge
[2020.01.04-19.00.44:973][  0]LogUdpMessaging: Initializing bridge on interface 0.0.0.0:0 to multicast group 230.0.0.1:6666.
[2020.01.04-19.00.45:076][  0]SourceControl: Source control is disabled
[2020.01.04-19.00.45:076][  0]SourceControl: Source control is disabled
[2020.01.04-19.00.45:077][  0]SourceControl: Source control is disabled
[2020.01.04-19.00.45:078][  0]SourceControl: Source control is disabled
[2020.01.04-19.00.45:127][  0]LogAndroidPermission: UAndroidPermissionCallbackProxy::GetInstance
[2020.01.04-19.00.45:250][  0]LogOcInput: OculusInput pre-init called
[2020.01.04-19.00.45:803][  0]LogEngine: Initializing Engine...
[2020.01.04-19.00.45:803][  0]LogHMD: Failed to initialize OpenVR with code 110
[2020.01.04-19.00.45:804][  0]LogStats: UGameplayTagsManager::InitializeManager -  0.000 s
[2020.01.04-19.00.45:991][  0]LogInit: Initializing FReadOnlyCVARCache
[2020.01.04-19.00.45:999][  0]LogAIModule: Creating AISystem for world Untitled
[2020.01.04-19.00.46:044][  0]LogInit: XAudio2 using 'Наушники (JBL TUNE110BT Stereo)' : 2 channels at 44.1 kHz using 16 bits per sample (channel mask 0x3)
[2020.01.04-19.00.46:060][  0]LogInit: FAudioDevice initialized.
[2020.01.04-19.00.46:060][  0]LogNetVersion: Set ProjectVersion to 1.0.0.0. Version Checksum will be recalculated on next use.
[2020.01.04-19.00.46:145][  0]LogDerivedDataCache: Saved boot cache 0.09s 71MB C:/Users/neret/AppData/Local/UnrealEngine/4.22/DerivedDataCache/Boot.ddc.
[2020.01.04-19.00.46:149][  0]LogInit: Texture streaming: Enabled
[2020.01.04-19.00.46:160][  0]LogEngineSessionManager: EngineSessionManager initialized
[2020.01.04-19.00.46:160][  0]LogEngineSessionManager: EngineSessionManager sent abnormal shutdown report. Type=Crashed, SessionId={656AE998-45E9-F82E-AA24-2D91BB52C666}
[2020.01.04-19.00.46:178][  0]LogInit: Transaction tracking system initialized
[2020.01.04-19.00.46:191][  0]BlueprintLog: New page: Editor Load
[2020.01.04-19.00.46:242][  0]LocalizationService: Localization service is disabled
[2020.01.04-19.00.46:455][  0]LogFileCache: Scanning file cache for directory 'D:/ProjEng/ProjEng/ProjEng/Content/' took 0.01s
[2020.01.04-19.00.46:455][  0]LogCook: Display: Max memory allowance for cook 16384mb min free memory 0mb
[2020.01.04-19.00.46:455][  0]LogCook: Display: Mobile HDR setting 1
[2020.01.04-19.00.46:576][  0]SourceControl: Source control is disabled
[2020.01.04-19.00.46:577][  0]Cmd: MAP LOAD FILE="../../../../../ProjEng/ProjEng/ProjEng/Content/ProjEngl/Maps/TopDownExampleMap.umap" TEMPLATE=0 SHOWPROGRESS=1 FEATURELEVEL=3
[2020.01.04-19.00.46:577][  0]LightingResults: New page: Lighting Build
[2020.01.04-19.00.46:578][  0]MapCheck: New page: Map Check
[2020.01.04-19.00.46:578][  0]LightingResults: New page: Lighting Build
[2020.01.04-19.00.46:607][  0]LogUObjectHash: Compacting FUObjectHashTables data took   1.29ms
[2020.01.04-19.00.47:104][  0]LogLinker: Warning: Asset '../../../../../ProjEng/ProjEng/ProjEng/Content/Materials/MF_ExtractDepth.uasset' has been saved with empty engine version. The asset will be loaded but may be incompatible.
[2020.01.04-19.00.47:104][  0]LogLinker: Warning: Asset '../../../../../ProjEng/ProjEng/ProjEng/Content/Materials/MF_SampleSceneTextureNeighbourUVs.uasset' has been saved with empty engine version. The asset will be loaded but may be incompatible.
[2020.01.04-19.00.47:381][  0]LogAIModule: Creating AISystem for world TopDownExampleMap
[2020.01.04-19.00.47:401][  0]LogEditorServer: Finished looking for orphan Actors (0.000 secs)
[2020.01.04-19.00.47:432][  0]LogUObjectHash: Compacting FUObjectHashTables data took   2.58ms
[2020.01.04-19.00.47:432][  0]Cmd: MAP CHECKDEP NOCLEARLOG
[2020.01.04-19.00.47:433][  0]MapCheck: Map check complete: 0 Error(s), 0 Warning(s), took 0,096ms to complete.
[2020.01.04-19.00.47:433][  0]LogFileHelpers: Loading map 'TopDownExampleMap' took 0.856
[2020.01.04-19.00.47:564][  0]LogSlate: Updating window title bar state: overlay mode, drag disabled, window buttons hidden, title bar hidden
[2020.01.04-19.00.47:571][  0]LogSlate: Updating window title bar state: overlay mode, drag disabled, window buttons hidden, title bar hidden
[2020.01.04-19.00.47:578][  0]LogSlate: Updating window title bar state: overlay mode, drag disabled, window buttons hidden, title bar hidden
[2020.01.04-19.00.47:585][  0]LogSlate: Updating window title bar state: overlay mode, drag disabled, window buttons hidden, title bar hidden
[2020.01.04-19.00.47:598][  0]LogCollectionManager: Loaded 0 collections in 0.000773 seconds
[2020.01.04-19.00.47:613][  0]LogFileCache: Scanning file cache for directory 'D:/ProjEng/ProjEng/ProjEng/Saved/Collections/' took 0.01s
[2020.01.04-19.00.47:613][  0]LogFileCache: Scanning file cache for directory 'D:/ProjEng/ProjEng/ProjEng/Content/Developers/neret/Collections/' took 0.00s
[2020.01.04-19.00.47:613][  0]LogFileCache: Scanning file cache for directory 'D:/ProjEng/ProjEng/ProjEng/Content/Collections/' took 0.00s
[2020.01.04-19.00.47:613][  0]LogCollectionManager: Rebuilt the GUID cache for 0 collections in 0.000000 seconds
[2020.01.04-19.00.47:621][  0]LogContentBrowser: Native class hierarchy populated in 0.0081 seconds. Added 2750 classes and 669 folders.
[2020.01.04-19.00.47:625][  0]LogContentBrowser: Native class hierarchy updated for 'WidgetCarousel' in 0.0002 seconds. Added 0 classes and 0 folders.
[2020.01.04-19.00.47:626][  0]LogPakFile: Registered encryption key '00000000000000000000000000000000': 0 pak files mounted, 0 remain pending
[2020.01.04-19.00.47:627][  0]LogPakFile: Registered encryption key '00000000000000000000000000000000': 0 pak files mounted, 0 remain pending
[2020.01.04-19.00.47:627][  0]LogPakFile: Registered encryption key '00000000000000000000000000000000': 0 pak files mounted, 0 remain pending
[2020.01.04-19.00.47:627][  0]LogPakFile: Registered encryption key '00000000000000000000000000000000': 0 pak files mounted, 0 remain pending
[2020.01.04-19.00.47:628][  0]LogPakFile: Registered encryption key '00000000000000000000000000000000': 0 pak files mounted, 0 remain pending
[2020.01.04-19.00.47:628][  0]LogPakFile: Registered encryption key '00000000000000000000000000000000': 0 pak files mounted, 0 remain pending
[2020.01.04-19.00.47:628][  0]LogPakFile: Registered encryption key '00000000000000000000000000000000': 0 pak files mounted, 0 remain pending
[2020.01.04-19.00.47:629][  0]LogPakFile: Registered encryption key '00000000000000000000000000000000': 0 pak files mounted, 0 remain pending
[2020.01.04-19.00.47:629][  0]LogPakFile: Registered encryption key '00000000000000000000000000000000': 0 pak files mounted, 0 remain pending
[2020.01.04-19.00.47:629][  0]LogPakFile: Registered encryption key '00000000000000000000000000000000': 0 pak files mounted, 0 remain pending
[2020.01.04-19.00.47:630][  0]LogPakFile: Registered encryption key '00000000000000000000000000000000': 0 pak files mounted, 0 remain pending
[2020.01.04-19.00.47:630][  0]LogPakFile: Registered encryption key '00000000000000000000000000000000': 0 pak files mounted, 0 remain pending
[2020.01.04-19.00.47:630][  0]LogPakFile: Registered encryption key '00000000000000000000000000000000': 0 pak files mounted, 0 remain pending
[2020.01.04-19.00.47:631][  0]LogPakFile: Registered encryption key '00000000000000000000000000000000': 0 pak files mounted, 0 remain pending
[2020.01.04-19.00.47:631][  0]LogPakFile: Registered encryption key '00000000000000000000000000000000': 0 pak files mounted, 0 remain pending
[2020.01.04-19.00.47:631][  0]LogPakFile: Registered encryption key '00000000000000000000000000000000': 0 pak files mounted, 0 remain pending
[2020.01.04-19.00.47:632][  0]LogPakFile: Registered encryption key '00000000000000000000000000000000': 0 pak files mounted, 0 remain pending
[2020.01.04-19.00.47:632][  0]LogPakFile: Registered encryption key '00000000000000000000000000000000': 0 pak files mounted, 0 remain pending
[2020.01.04-19.00.47:632][  0]LogPakFile: Registered encryption key '00000000000000000000000000000000': 0 pak files mounted, 0 remain pending
[2020.01.04-19.00.47:633][  0]LogPakFile: Registered encryption key '00000000000000000000000000000000': 0 pak files mounted, 0 remain pending
[2020.01.04-19.00.47:633][  0]LogPakFile: Registered encryption key '00000000000000000000000000000000': 0 pak files mounted, 0 remain pending
[2020.01.04-19.00.47:633][  0]LogPakFile: Registered encryption key '00000000000000000000000000000000': 0 pak files mounted, 0 remain pending
[2020.01.04-19.00.47:634][  0]LogPakFile: Registered encryption key '00000000000000000000000000000000': 0 pak files mounted, 0 remain pending
[2020.01.04-19.00.47:634][  0]LogPakFile: Registered encryption key '00000000000000000000000000000000': 0 pak files mounted, 0 remain pending
[2020.01.04-19.00.47:634][  0]LogPakFile: Registered encryption key '00000000000000000000000000000000': 0 pak files mounted, 0 remain pending
[2020.01.04-19.00.47:635][  0]LogPakFile: Registered encryption key '00000000000000000000000000000000': 0 pak files mounted, 0 remain pending
[2020.01.04-19.00.47:658][  0]LogContentBrowser: Native class hierarchy updated for 'AddContentDialog' in 0.0002 seconds. Added 0 classes and 0 folders.
[2020.01.04-19.00.47:662][  0]LogContentBrowser: Native class hierarchy updated for 'SceneOutliner' in 0.0002 seconds. Added 1 classes and 2 folders.
[2020.01.04-19.00.47:730][  0]LogSlate: Took 0.000130 seconds to synchronously load lazily loaded font '../../../Engine/Content/Slate/Fonts/Roboto-Regular.ttf' (155K)
[2020.01.04-19.00.47:733][  0]LogSlate: Took 0.000213 seconds to synchronously load lazily loaded font '../../../Engine/Content/Slate/Fonts/Roboto-Bold.ttf' (160K)
[2020.01.04-19.00.47:737][  0]LogSlate: Took 0.000672 seconds to synchronously load lazily loaded font '../../../Engine/Content/Editor/Slate/Fonts/FontAwesome.ttf' (139K)
[2020.01.04-19.00.47:782][  0]LogRenderer: Reallocating scene render targets to support 1152x332 Format 9 NumSamples 1 (Frame:1).
[2020.01.04-19.00.47:988][  0]LogContentBrowser: Native class hierarchy updated for 'HierarchicalLODOutliner' in 0.0002 seconds. Added 0 classes and 0 folders.
[2020.01.04-19.00.47:988][  0]LogLoad: (Engine Initialization) Total time: 8.05 seconds
[2020.01.04-19.00.47:988][  0]LogLoad: (Engine Initialization) Total Blueprint compile time: 0.00 seconds
[2020.01.04-19.00.48:030][  0]LogAssetRegistry: Asset discovery search completed in 4.4531 seconds
[2020.01.04-19.00.48:032][  0]LogCollectionManager: Rebuilt the object cache for 0 collections in 0.000000 seconds (found 0 objects)
[2020.01.04-19.00.48:032][  0]LogCollectionManager: Fixed up redirectors for 0 collections in 0.000053 seconds (updated 0 objects)
[2020.01.04-19.00.48:033][  0]LogContentStreaming: Texture pool size now 400 MB
[2020.01.04-19.00.49:036][ 55]LogSlate: Took 0.000132 seconds to synchronously load lazily loaded font '../../../Engine/Content/Slate/Fonts/Roboto-Light.ttf' (167K)
[2020.01.04-19.00.51:051][176]LogSlate: FSceneViewport::OnFocusLost() reason 0
[2020.01.04-19.00.51:245][187]LogAssetEditorManager: Opening Asset editor for Blueprint /Game/ProjEngl/Core/Weapon/BP_Dynamite.BP_Dynamite
[2020.01.04-19.00.51:461][187]LogClass: Warning: Enum '/Game/GrenadePack/MapAssets/DemoRoom/BluePrint/BP_DemoDisplay_Enum.BP_DemoDisplay_Enum' was upgraded to use FText to store its display name data. Please re-save this asset to avoid issues with localization and determinstic cooking.
[2020.01.04-19.00.51:469][187]LogContentBrowser: Native class hierarchy updated for 'BlueprintGraph' in 0.0005 seconds. Added 121 classes and 0 folders.
[2020.01.04-19.00.52:162][187]LogSlate: Took 0.000139 seconds to synchronously load lazily loaded font '../../../Engine/Content/Slate/Fonts/Roboto-BoldCondensed.ttf' (158K)
[2020.01.04-19.00.52:236][188]LogSlate: Took 0.000183 seconds to synchronously load lazily loaded font '../../../Engine/Content/Slate/Fonts/Roboto-Italic.ttf' (157K)
[2020.01.04-19.01.08:876][171]BlueprintLog: New page: Compile BP_Dynamite
[2020.01.04-19.01.09:038][171]LogUObjectHash: Compacting FUObjectHashTables data took   2.77ms
[2020.01.04-19.01.20:466][850]Cmd: OBJ SAVEPACKAGE PACKAGE="/Game/ProjEngl/Core/Weapon/BP_Dynamite" FILE="../../../../../ProjEng/ProjEng/ProjEng/Content/ProjEngl/Core/Weapon/BP_Dynamite.uasset" SILENT=true
[2020.01.04-19.01.20:630][850]LogSavePackage: Moving '../../../../../ProjEng/ProjEng/ProjEng/Saved/BP_Dynamite75F4174440B6E993C8C9DBB8D48ABF50.tmp' to '../../../../../ProjEng/ProjEng/ProjEng/Content/ProjEngl/Core/Weapon/BP_Dynamite.uasset'
[2020.01.04-19.01.21:244][887]LogTemp: Repeating last play command: New Editor Window (PIE)
[2020.01.04-19.01.21:273][887]LogBlueprintUserMessages: Early PlayInEditor Detection: Level '/Game/ProjEngl/Maps/TopDownExampleMap.TopDownExampleMap:PersistentLevel' has LevelScriptBlueprint '/Game/ProjEngl/Maps/TopDownExampleMap.TopDownExampleMap:PersistentLevel.TopDownExampleMap' with GeneratedClass '/Game/ProjEngl/Maps/TopDownExampleMap.TopDownExampleMap_C' with ClassGeneratedBy '/Game/ProjEngl/Maps/TopDownExampleMap.TopDownExampleMap:PersistentLevel.TopDownExampleMap'
[2020.01.04-19.01.21:273][887]LogPlayLevel: PlayLevel: No blueprints needed recompiling
[2020.01.04-19.01.21:273][887]PIE: New page: PIE session: TopDownExampleMap (5 янв. 2020 г., 1:01:21)
[2020.01.04-19.01.21:286][887]LogPlayLevel: Creating play world package: /Game/ProjEngl/Maps/UEDPIE_0_TopDownExampleMap
[2020.01.04-19.01.21:306][887]LogPlayLevel: PIE: StaticDuplicateObject took: (0.021055s)
[2020.01.04-19.01.21:307][887]LogAIModule: Creating AISystem for world TopDownExampleMap
[2020.01.04-19.01.21:307][887]LogPlayLevel: PIE: World Init took: (0.000647s)
[2020.01.04-19.01.21:307][887]LogPlayLevel: PIE: Created PIE world by copying editor world from /Game/ProjEngl/Maps/TopDownExampleMap.TopDownExampleMap to /Game/ProjEngl/Maps/UEDPIE_0_TopDownExampleMap.TopDownExampleMap (0.022021s)
[2020.01.04-19.01.21:342][887]LogUObjectHash: Compacting FUObjectHashTables data took   2.80ms
[2020.01.04-19.01.21:367][887]LogInit: XAudio2 using 'Наушники (JBL TUNE110BT Stereo)' : 2 channels at 44.1 kHz using 16 bits per sample (channel mask 0x3)
[2020.01.04-19.01.21:376][887]LogInit: FAudioDevice initialized.
[2020.01.04-19.01.21:381][887]LogSlate: Updating window title bar state: overlay mode, drag disabled, window buttons hidden, title bar hidden
[2020.01.04-19.01.21:428][887]LogLoad: Game class is 'GM_Base_C'
[2020.01.04-19.01.21:433][887]LogWorld: Bringing World /Game/ProjEngl/Maps/UEDPIE_0_TopDownExampleMap.TopDownExampleMap up for play (max tick rate 60) at 2020.01.04-22.01.21
[2020.01.04-19.01.21:532][887]LogWorld: Bringing up level for play took: 0.102029
[2020.01.04-19.01.21:548][887]LogBlueprintActionDatabase: Requesting refresh due to module change: Voice (loaded)
[2020.01.04-19.01.21:552][887]LogBlueprintActionDatabase: Requesting refresh due to module change: MovieSceneCapture (loaded)
[2020.01.04-19.01.21:552][887]LogContentBrowser: Native class hierarchy updated for 'MovieSceneCapture' in 0.0003 seconds. Added 20 classes and 0 folders.
[2020.01.04-19.01.21:555][887]LogScript: Warning: Script Msg: Attempted to access index 0 from array 'CallFunc_GetAllActorsOfClass_OutActors' of length 0 in '/Game/ProjEngl/Core/Splines/BP_SplinePathVisualizer.BP_SplinePathVisualizer_C:ExecuteUbergraph_BP_SplinePathVisualizer'!
[2020.01.04-19.01.21:555][887]LogScript: Warning: Script Msg: Attempted to access index 0 from array 'CallFunc_GetAllActorsOfClass_OutActors' of length 0 in '/Game/ProjEngl/Core/Splines/BP_SplinePathVisualizer.BP_SplinePathVisualizer_C:ExecuteUbergraph_BP_SplinePathVisualizer'!
[2020.01.04-19.01.21:555][887]LogScript: Warning: Script Msg: Attempted to access index 0 from array 'CallFunc_GetAllActorsOfClass_OutActors' of length 0 in '/Game/ProjEngl/Core/Splines/BP_SplinePathVisualizer.BP_SplinePathVisualizer_C:ExecuteUbergraph_BP_SplinePathVisualizer'!
[2020.01.04-19.01.21:555][887]LogScript: Warning: Script Msg: Attempted to access index 0 from array 'CallFunc_GetAllActorsOfClass_OutActors' of length 0 in '/Game/ProjEngl/Core/Splines/BP_SplinePathVisualizer.BP_SplinePathVisualizer_C:ExecuteUbergraph_BP_SplinePathVisualizer'!
[2020.01.04-19.01.21:660][887]LogScript: Warning: Script Msg: Attempted to access index 0 from array 'CallFunc_GetAllActorsOfClass_OutActors' of length 0 in '/Game/ProjEngl/Core/Splines/BP_SplinePathVisualizer.BP_SplinePathVisualizer_C:ExecuteUbergraph_BP_SplinePathVisualizer'!
[2020.01.04-19.01.21:665][887]PIE: Play in editor start time for /Game/ProjEngl/Maps/UEDPIE_0_TopDownExampleMap 0,613
[2020.01.04-19.01.21:666][887]LogBlueprintUserMessages: Late PlayInEditor Detection: Level '/Game/ProjEngl/Maps/TopDownExampleMap.TopDownExampleMap:PersistentLevel' has LevelScriptBlueprint '/Game/ProjEngl/Maps/TopDownExampleMap.TopDownExampleMap:PersistentLevel.TopDownExampleMap' with GeneratedClass '/Game/ProjEngl/Maps/TopDownExampleMap.TopDownExampleMap_C' with ClassGeneratedBy '/Game/ProjEngl/Maps/TopDownExampleMap.TopDownExampleMap:PersistentLevel.TopDownExampleMap'
[2020.01.04-19.01.22:023][889]LogRenderer: Reallocating scene render targets to support 1152x544 Format 9 NumSamples 1 (Frame:1).
[2020.01.04-19.01.24:665][ 42]LogScript: Warning: Script Msg: Attempted to access index 1 from array 'PatrolPoints' of length 1 in '/Game/ProjEngl/Core/AI/Soldiers/BP_BaseEnemy.BP_BaseEnemy_C'!
[2020.01.04-19.01.25:802][103]LogBlueprintUserMessages: Early EndPlayMap Detection: Level '/Game/ProjEngl/Maps/TopDownExampleMap.TopDownExampleMap:PersistentLevel' has LevelScriptBlueprint '/Game/ProjEngl/Maps/TopDownExampleMap.TopDownExampleMap:PersistentLevel.TopDownExampleMap' with GeneratedClass '/Game/ProjEngl/Maps/TopDownExampleMap.TopDownExampleMap_C' with ClassGeneratedBy '/Game/ProjEngl/Maps/TopDownExampleMap.TopDownExampleMap:PersistentLevel.TopDownExampleMap'
[2020.01.04-19.01.25:802][103]LogSlate: Updating window title bar state: overlay mode, drag disabled, window buttons hidden, title bar hidden
[2020.01.04-19.01.25:829][103]LogSlate: Window 'ProjEng Game Preview Standalone (64-bit/PCD3D_SM5)' being destroyed
[2020.01.04-19.01.25:865][103]LogPlayLevel: Display: Shutting down PIE online subsystems
[2020.01.04-19.01.25:866][103]LogBlueprintUserMessages: Late EndPlayMap Detection: Level '/Game/ProjEngl/Maps/TopDownExampleMap.TopDownExampleMap:PersistentLevel' has LevelScriptBlueprint '/Game/ProjEngl/Maps/TopDownExampleMap.TopDownExampleMap:PersistentLevel.TopDownExampleMap' with GeneratedClass '/Game/ProjEngl/Maps/TopDownExampleMap.TopDownExampleMap_C' with ClassGeneratedBy '/Game/ProjEngl/Maps/TopDownExampleMap.TopDownExampleMap:PersistentLevel.TopDownExampleMap'
[2020.01.04-19.01.25:932][103]LogUObjectHash: Compacting FUObjectHashTables data took   4.98ms
[2020.01.04-19.01.25:980][104]LogPlayLevel: Display: Destroying online subsystem :Context_4
[2020.01.04-19.01.28:496][246]LogAIModule: Creating AISystem for world Prison
[2020.01.04-19.01.28:506][246]LogAssetEditorManager: Opening Asset editor for World /Game/ProjEngl/Maps/Prison.Prison
[2020.01.04-19.01.28:538][246]LogUObjectHash: Compacting FUObjectHashTables data took   2.10ms
[2020.01.04-19.01.28:538][246]Cmd: MAP LOAD FILE="../../../../../ProjEng/ProjEng/ProjEng/Content/ProjEngl/Maps/Prison.umap" TEMPLATE=0 SHOWPROGRESS=1 FEATURELEVEL=3
[2020.01.04-19.01.28:538][246]LightingResults: New page: Lighting Build
[2020.01.04-19.01.28:539][246]LoadErrors: New page: Loading map: Prison.umap
[2020.01.04-19.01.28:541][246]MapCheck: New page: Map Check
[2020.01.04-19.01.28:541][246]LightingResults: New page: Lighting Build
[2020.01.04-19.01.28:577][246]LogUObjectHash: Compacting FUObjectHashTables data took   2.89ms
[2020.01.04-19.01.28:653][246]LogEditorServer: Finished looking for orphan Actors (0.000 secs)
[2020.01.04-19.01.28:693][246]LogUObjectHash: Compacting FUObjectHashTables data took   2.32ms
[2020.01.04-19.01.28:742][246]Cmd: MAP CHECKDEP NOCLEARLOG
[2020.01.04-19.01.28:743][246]MapCheck: Map check complete: 0 Error(s), 0 Warning(s), took 0,957ms to complete.
[2020.01.04-19.01.28:743][246]LogFileHelpers: Loading map 'Prison' took 0.206
[2020.01.04-19.01.31:064][380]LogTemp: Repeating last play command: New Editor Window (PIE)
[2020.01.04-19.01.31:097][380]LogBlueprintUserMessages: Early PlayInEditor Detection: Level '/Game/ProjEngl/Maps/Prison.Prison:PersistentLevel' has LevelScriptBlueprint '/Game/ProjEngl/Maps/Prison.Prison:PersistentLevel.Prison' with GeneratedClass '/Game/ProjEngl/Maps/Prison.Prison_C' with ClassGeneratedBy '/Game/ProjEngl/Maps/Prison.Prison:PersistentLevel.Prison'
[2020.01.04-19.01.31:097][380]LogPlayLevel: PlayLevel: No blueprints needed recompiling
[2020.01.04-19.01.31:097][380]PIE: New page: PIE session: Prison (5 янв. 2020 г., 1:01:31)
[2020.01.04-19.01.31:097][380]LogPlayLevel: Creating play world package: /Game/ProjEngl/Maps/UEDPIE_0_Prison
[2020.01.04-19.01.31:106][380]LogPlayLevel: PIE: StaticDuplicateObject took: (0.008333s)
[2020.01.04-19.01.31:106][380]LogAIModule: Creating AISystem for world Prison
[2020.01.04-19.01.31:106][380]LogPlayLevel: PIE: World Init took: (0.000514s)
[2020.01.04-19.01.31:107][380]LogPlayLevel: PIE: Created PIE world by copying editor world from /Game/ProjEngl/Maps/Prison.Prison to /Game/ProjEngl/Maps/UEDPIE_0_Prison.Prison (0.009096s)
[2020.01.04-19.01.31:138][380]LogUObjectHash: Compacting FUObjectHashTables data took   1.92ms
[2020.01.04-19.01.31:163][380]LogInit: XAudio2 using 'Наушники (JBL TUNE110BT Stereo)' : 2 channels at 44.1 kHz using 16 bits per sample (channel mask 0x3)
[2020.01.04-19.01.31:172][380]LogInit: FAudioDevice initialized.
[2020.01.04-19.01.31:176][380]LogSlate: Updating window title bar state: overlay mode, drag disabled, window buttons hidden, title bar hidden
[2020.01.04-19.01.31:207][380]LogLoad: Game class is 'GM_Base_C'
[2020.01.04-19.01.31:210][380]LogWorld: Bringing World /Game/ProjEngl/Maps/UEDPIE_0_Prison.Prison up for play (max tick rate 60) at 2020.01.04-22.01.31
[2020.01.04-19.01.31:210][380]LogWorld: Bringing up level for play took: 0.002696
[2020.01.04-19.01.31:225][380]LogScript: Warning: Script Msg: Attempted to access index 0 from array 'CallFunc_GetAllActorsOfClass_OutActors' of length 0 in '/Game/ProjEngl/Core/Splines/BP_SplinePathVisualizer.BP_SplinePathVisualizer_C:ExecuteUbergraph_BP_SplinePathVisualizer'!
[2020.01.04-19.01.31:228][380]PIE: Play in editor start time for /Game/ProjEngl/Maps/UEDPIE_0_Prison 0,175
[2020.01.04-19.01.31:228][380]LogBlueprintUserMessages: Late PlayInEditor Detection: Level '/Game/ProjEngl/Maps/Prison.Prison:PersistentLevel' has LevelScriptBlueprint '/Game/ProjEngl/Maps/Prison.Prison:PersistentLevel.Prison' with GeneratedClass '/Game/ProjEngl/Maps/Prison.Prison_C' with ClassGeneratedBy '/Game/ProjEngl/Maps/Prison.Prison:PersistentLevel.Prison'
[2020.01.04-19.01.32:392][447]LogBlueprintUserMessages: [BP_BaseHero_C_0] true
[2020.01.04-19.01.32:556][457]LogBlueprintUserMessages: [BP_BaseHero_C_0] true
[2020.01.04-19.01.38:040][732]LogWindows: Error: === Critical error: ===
[2020.01.04-19.01.38:040][732]LogWindows: Error: 
[2020.01.04-19.01.38:040][732]LogWindows: Error: Fatal error!
[2020.01.04-19.01.38:040][732]LogWindows: Error: 
[2020.01.04-19.01.38:040][732]LogWindows: Error: Unhandled Exception: EXCEPTION_ACCESS_VIOLATION reading address 0x00000350
[2020.01.04-19.01.38:040][732]LogWindows: Error: 
[2020.01.04-19.01.38:040][732]LogWindows: Error: [Callstack] 0x00007ffc887a3ed4 UE4Editor-Engine.dll!UnknownFunction []
[2020.01.04-19.01.38:040][732]LogWindows: Error: [Callstack] 0x00007ffc887c1091 UE4Editor-Engine.dll!UnknownFunction []
[2020.01.04-19.01.38:041][732]LogWindows: Error: [Callstack] 0x00007ffcb510bac8 UE4Editor-CoreUObject.dll!UnknownFunction []
[2020.01.04-19.01.38:041][732]LogWindows: Error: [Callstack] 0x00007ffcb53000e2 UE4Editor-CoreUObject.dll!UnknownFunction []
[2020.01.04-19.01.38:041][732]LogWindows: Error: [Callstack] 0x00007ffcb531cbc1 UE4Editor-CoreUObject.dll!UnknownFunction []
[2020.01.04-19.01.38:041][732]LogWindows: Error: [Callstack] 0x00007ffcb531e98d UE4Editor-CoreUObject.dll!UnknownFunction []
[2020.01.04-19.01.38:041][732]LogWindows: Error: [Callstack] 0x00007ffcb531e378 UE4Editor-CoreUObject.dll!UnknownFunction []
[2020.01.04-19.01.38:041][732]LogWindows: Error: [Callstack] 0x00007ffcb510bac8 UE4Editor-CoreUObject.dll!UnknownFunction []
[2020.01.04-19.01.38:041][732]LogWindows: Error: [Callstack] 0x00007ffcb531df07 UE4Editor-CoreUObject.dll!UnknownFunction []
[2020.01.04-19.01.38:041][732]LogWindows: Error: [Callstack] 0x00007ffc87be9ff3 UE4Editor-Engine.dll!UnknownFunction []
[2020.01.04-19.01.38:041][732]LogWindows: Error: [Callstack] 0x00007ffc8837c8f8 UE4Editor-Engine.dll!UnknownFunction []
[2020.01.04-19.01.38:041][732]LogWindows: Error: [Callstack] 0x00007ffc8836ce8f UE4Editor-Engine.dll!UnknownFunction []
[2020.01.04-19.01.38:041][732]LogWindows: Error: [Callstack] 0x00007ffc88408cb3 UE4Editor-Engine.dll!UnknownFunction []
[2020.01.04-19.01.38:041][732]LogWindows: Error: [Callstack] 0x00007ffc97f402f7 UE4Editor-UnrealEd.dll!UnknownFunction []
[2020.01.04-19.01.38:041][732]LogWindows: Error: [Callstack] 0x00007ffc9875d396 UE4Editor-UnrealEd.dll!UnknownFunction []
[2020.01.04-19.01.38:041][732]LogWindows: Error: [Callstack] 0x00007ff69e0e6bb1 UE4Editor.exe!UnknownFunction []
[2020.01.04-19.01.38:041][732]LogWindows: Error: [Callstack] 0x00007ff69e0f554c UE4Editor.exe!UnknownFunction []
[2020.01.04-19.01.38:041][732]LogWindows: Error: [Callstack] 0x00007ff69e0f55ca UE4Editor.exe!UnknownFunction []
[2020.01.04-19.01.38:041][732]LogWindows: Error: [Callstack] 0x00007ff69e10316c UE4Editor.exe!UnknownFunction []
[2020.01.04-19.01.38:041][732]LogWindows: Error: [Callstack] 0x00007ff69e105b8e UE4Editor.exe!UnknownFunction []
[2020.01.04-19.01.38:041][732]LogWindows: Error: [Callstack] 0x00007ffcf50d81f4 KERNEL32.DLL!UnknownFunction []
[2020.01.04-19.01.38:041][732]LogWindows: Error: [Callstack] 0x00007ffcf521a251 ntdll.dll!UnknownFunction []
[2020.01.04-19.01.38:041][732]LogWindows: Error: 
[2020.01.04-19.01.38:179][732]LogExit: Executing StaticShutdownAfterError
[2020.01.04-19.01.38:183][732]LogWindows: FPlatformMisc::RequestExit(1)
[2020.01.04-19.01.38:206][732]Log file closed, 01/04/20 22:01:38
